2026-03-15 08:57:59,514 [INFO] Activator:176 - 


2026-03-15 08:57:59,543 [INFO] Activator:177 - !SESSION log4j initialized
2026-03-15 08:58:29,124 [INFO] LogOutputStream:77 - [STDOUT_REDIRECT] 
2026-03-15 08:58:36,365 [INFO] ApplicationProperties:184 - Using Application install path: D:\Stm32cubeIDE\STM32CubeIDE_1.16.1\STM32CubeIDE\plugins\com.st.stm32cube.common.mx_6.12.1.202409122256
2026-03-15 08:58:36,429 [INFO] DbMcusXml:78 - Set database path to: D:\Stm32cubeIDE\STM32CubeIDE_1.16.1\STM32CubeIDE\plugins\com.st.stm32cube.common.mx_6.12.1.202409122256\\db\/mcu/
2026-03-15 08:58:36,430 [INFO] ApiDb:274 - Set plugin database path to: D:\Stm32cubeIDE\STM32CubeIDE_1.16.1\STM32CubeIDE\plugins\com.st.stm32cube.common.mx_6.12.1.202409122256\\db\/plugins/boardmanager/
2026-03-15 08:58:36,431 [WARN] ApiDb:259 - Overriding images path with different value:  => D:\Stm32cubeIDE\STM32CubeIDE_1.16.1\STM32CubeIDE\plugins\com.st.stm32cube.common.mx_6.12.1.202409122256\\db\/plugins/mcufinder/images/
2026-03-15 08:58:36,591 [INFO] ApiDb:250 - Set database path to: C:\Users\ASUS\.stmcufinder\plugins\mcufinder//mcu/
2026-03-15 08:58:36,592 [INFO] DbMcusAds:125 - Set database path to: C:\Users\ASUS\.stmcufinder\plugins\mcufinder//mcu/
2026-03-15 08:58:36,596 [INFO] CrossReferenceDbSqlite:203 - Set database path to: C:\Users\ASUS\.stmcufinder\plugins\mcufinder//mcu/cs/
2026-03-15 08:58:36,909 [INFO] RulesReader:64 - Compatibility file has been processed (297 Rules)
2026-03-15 08:58:37,158 [INFO] DbMcusXml:78 - Set database path to: D:\Stm32cubeIDE\STM32CubeIDE_1.16.1\STM32CubeIDE\plugins\com.st.stm32cube.common.mx_6.12.1.202409122256\\db\/mcu/
2026-03-15 08:58:37,158 [INFO] ApiDb:274 - Set plugin database path to: D:\Stm32cubeIDE\STM32CubeIDE_1.16.1\STM32CubeIDE\plugins\com.st.stm32cube.common.mx_6.12.1.202409122256\\db\/plugins/boardmanager/
2026-03-15 08:58:37,159 [INFO] ApiDb:261 - Set plugin images path to: D:\Stm32cubeIDE\STM32CubeIDE_1.16.1\STM32CubeIDE\plugins\com.st.stm32cube.common.mx_6.12.1.202409122256\\db\/plugins/mcufinder/images/
2026-03-15 08:58:37,159 [WARN] DbFile:41 - Overriding database path with different value: C:\Users\ASUS\.stmcufinder\plugins\mcufinder/ => C:\Users\ASUS\.stmcufinder\plugins\mcufinder
2026-03-15 08:58:37,159 [INFO] ApiDb:250 - Set database path to: C:\Users\ASUS\.stmcufinder\plugins\mcufinder//mcu/
2026-03-15 08:58:37,159 [WARN] DbFile:41 - Overriding database path with different value: C:\Users\ASUS\.stmcufinder\plugins\mcufinder/ => C:\Users\ASUS\.stmcufinder\plugins\mcufinder
2026-03-15 08:58:37,159 [INFO] DbMcusAds:125 - Set database path to: C:\Users\ASUS\.stmcufinder\plugins\mcufinder//mcu/
2026-03-15 08:58:37,159 [WARN] DbFile:41 - Overriding database path with different value: C:\Users\ASUS\.stmcufinder\plugins\mcufinder/ => C:\Users\ASUS\.stmcufinder\plugins\mcufinder
2026-03-15 08:58:37,159 [WARN] DbFile:41 - Overriding database path with different value: C:\Users\ASUS\.stmcufinder\plugins\mcufinder/ => C:\Users\ASUS\.stmcufinder\plugins\mcufinder
2026-03-15 08:58:37,159 [INFO] CrossReferenceDbSqlite:203 - Set database path to: C:\Users\ASUS\.stmcufinder\plugins\mcufinder//mcu/cs/
2026-03-15 08:58:37,632 [INFO] MainPanel:268 - HeapMemory: 268435456
2026-03-15 08:58:38,207 [INFO] DbMcusXml:78 - Set database path to: D:\Stm32cubeIDE\STM32CubeIDE_1.16.1\STM32CubeIDE\plugins\com.st.stm32cube.common.mx_6.12.1.202409122256\\db\/mcu/
2026-03-15 08:58:38,207 [INFO] ApiDb:274 - Set plugin database path to: D:\Stm32cubeIDE\STM32CubeIDE_1.16.1\STM32CubeIDE\plugins\com.st.stm32cube.common.mx_6.12.1.202409122256\\db\/plugins/boardmanager/
2026-03-15 08:58:38,207 [INFO] ApiDb:261 - Set plugin images path to: D:\Stm32cubeIDE\STM32CubeIDE_1.16.1\STM32CubeIDE\plugins\com.st.stm32cube.common.mx_6.12.1.202409122256\\db\/plugins/mcufinder/images/
2026-03-15 08:58:38,209 [WARN] DbFile:41 - Overriding database path with different value: C:\Users\ASUS\.stmcufinder\plugins\mcufinder/ => C:\Users\ASUS\.stmcufinder\plugins\mcufinder
2026-03-15 08:58:38,209 [INFO] ApiDb:250 - Set database path to: C:\Users\ASUS\.stmcufinder\plugins\mcufinder//mcu/
2026-03-15 08:58:38,209 [WARN] DbFile:41 - Overriding database path with different value: C:\Users\ASUS\.stmcufinder\plugins\mcufinder/ => C:\Users\ASUS\.stmcufinder\plugins\mcufinder
2026-03-15 08:58:38,209 [INFO] DbMcusAds:125 - Set database path to: C:\Users\ASUS\.stmcufinder\plugins\mcufinder//mcu/
2026-03-15 08:58:38,209 [WARN] DbFile:41 - Overriding database path with different value: C:\Users\ASUS\.stmcufinder\plugins\mcufinder/ => C:\Users\ASUS\.stmcufinder\plugins\mcufinder
2026-03-15 08:58:38,209 [WARN] DbFile:41 - Overriding database path with different value: C:\Users\ASUS\.stmcufinder\plugins\mcufinder/ => C:\Users\ASUS\.stmcufinder\plugins\mcufinder
2026-03-15 08:58:38,210 [INFO] CrossReferenceDbSqlite:203 - Set database path to: C:\Users\ASUS\.stmcufinder\plugins\mcufinder//mcu/cs/
2026-03-15 08:58:38,258 [INFO] ApplicationProperties:184 - Using Application install path: D:\Stm32cubeIDE\STM32CubeIDE_1.16.1\STM32CubeIDE\plugins\com.st.stm32cube.common.mx_6.12.1.202409122256
2026-03-15 08:58:38,263 [INFO] PluginManage:196 - Search for loadable plugins [exclusion list=, ]
2026-03-15 08:58:38,266 [INFO] PluginManage:310 - Check plugin analytics
2026-03-15 08:58:38,766 [INFO] AnalyticsPlugin:253 - Accepted Software Licenses: STM32CubeMX.6.16.0
2026-03-15 08:58:38,767 [INFO] AnalyticsPlugin:255 - Accepted CMSIS Pack Licenses: 
2026-03-15 08:58:38,767 [INFO] AnalyticsPlugin:257 - Accepted Firmware Licenses: FW.H7.1.11.0
2026-03-15 08:58:38,772 [INFO] PluginManage:359 - Loaded plugin analytics (category:tool,tabindex:-1)
2026-03-15 08:58:38,773 [INFO] PluginManage:310 - Check plugin cadmodel
2026-03-15 08:58:38,899 [INFO] CADModel:105 - Init CAD model plugin
2026-03-15 08:58:38,899 [INFO] PluginManage:359 - Loaded plugin cadmodel (category:power,tabindex:5)
2026-03-15 08:58:38,899 [INFO] PluginManage:310 - Check plugin clock
2026-03-15 08:58:38,967 [INFO] PluginManage:359 - Loaded plugin clock (category:base,tabindex:2)
2026-03-15 08:58:38,967 [INFO] PluginManage:310 - Check plugin ddr
2026-03-15 08:58:38,984 [INFO] PluginManage:359 - Loaded plugin ddr (category:tool,tabindex:6)
2026-03-15 08:58:38,984 [INFO] PluginManage:310 - Check plugin filemanager
2026-03-15 08:58:39,774 [INFO] PluginManage:359 - Loaded plugin filemanager (category:base,tabindex:10)
2026-03-15 08:58:39,775 [INFO] PluginManage:310 - Check plugin ipmanager
2026-03-15 08:58:39,807 [INFO] PluginManage:359 - Loaded plugin ipmanager (category:base,tabindex:5)
2026-03-15 08:58:39,807 [INFO] PluginManage:310 - Check plugin lpbam
2026-03-15 08:58:39,840 [INFO] PluginManage:359 - Loaded plugin lpbam (category:base,tabindex:0)
2026-03-15 08:58:39,840 [INFO] PluginManage:310 - Check plugin memorymap
2026-03-15 08:58:39,912 [INFO] PluginManage:359 - Loaded plugin memorymap (category:base,tabindex:4)
2026-03-15 08:58:39,912 [INFO] PluginManage:310 - Check plugin pinoutandconfiguration
2026-03-15 08:58:39,967 [INFO] PluginManage:359 - Loaded plugin pinoutandconfiguration (category:base,tabindex:1)
2026-03-15 08:58:39,967 [INFO] PluginManage:310 - Check plugin pinoutconfig
2026-03-15 08:58:40,305 [WARN] SupportedApi:132 - Cannot load RTOS API schema: s4s-elt-must-match.1: The content of 'definitions' must match (annotation?, (simpleType | complexType)?, (unique | key | keyref)*)). A problem was found starting at: attribute.
2026-03-15 08:58:40,635 [INFO] PluginManage:359 - Loaded plugin pinoutconfig (category:base,tabindex:0)
2026-03-15 08:58:40,635 [INFO] PluginManage:310 - Check plugin power
2026-03-15 08:58:40,696 [INFO] PluginManage:359 - Loaded plugin power (category:power,tabindex:4)
2026-03-15 08:58:40,696 [INFO] PluginManage:310 - Check plugin projectmanager
2026-03-15 08:58:40,748 [INFO] PluginManage:359 - Loaded plugin projectmanager (category:projectmanager,tabindex:4)
2026-03-15 08:58:40,748 [INFO] PluginManage:310 - Check plugin rif
2026-03-15 08:58:40,803 [INFO] PluginManage:359 - Loaded plugin rif (category:base,tabindex:3)
2026-03-15 08:58:40,804 [INFO] PluginManage:310 - Check plugin thirdparty
2026-03-15 08:58:41,755 [INFO] PluginManage:359 - Loaded plugin thirdparty (category:base,tabindex:-1)
2026-03-15 08:58:41,755 [WARN] IntegrityCheckThread:84 - waiting for thirdparty lock release [integrity check]
2026-03-15 08:58:41,756 [INFO] IntegrityCheckThread:86 - entering critical section [integrity check]
2026-03-15 08:58:41,756 [INFO] PluginManage:310 - Check plugin tools
2026-03-15 08:58:41,757 [INFO] ThirdPartyUpdaterWithRetryManager:70 - Updater plugin not ready yet. [1/15]
2026-03-15 08:58:41,838 [INFO] PluginManage:359 - Loaded plugin tools (category:base,tabindex:7)
2026-03-15 08:58:41,839 [INFO] PluginManage:310 - Check plugin tutovideos
2026-03-15 08:58:42,588 [INFO] PluginManage:359 - Loaded plugin tutovideos (category:base,tabindex:-1)
2026-03-15 08:58:42,589 [INFO] PluginManage:310 - Check plugin updater
2026-03-15 08:58:42,639 [INFO] PluginManage:359 - Loaded plugin updater (category:base,tabindex:12)
2026-03-15 08:58:42,640 [INFO] PluginManage:310 - Check plugin userauth
2026-03-15 08:58:42,683 [INFO] UserAuth:113 - Init User Auth plugin
2026-03-15 08:58:42,684 [INFO] PluginManage:359 - Loaded plugin userauth (category:base,tabindex:14)
2026-03-15 08:58:42,685 [INFO] PluginManage:283 - PluginManage : Loaded plugins [18]
2026-03-15 08:58:43,430 [INFO] PinOutPanel:1561 - setPackage(No Configuration,No Configuration)
2026-03-15 08:58:43,643 [INFO] CADModel:165 - CPN selected for project level
2026-03-15 08:58:43,643 [INFO] CADModel:114 - Register for checkConnection events
2026-03-15 08:58:43,717 [INFO] IPUIPlugin:80 - create IPUIPlugin
2026-03-15 08:58:43,717 [INFO] PluginManager:220 - loadIPPluginJar : add adc
2026-03-15 08:58:43,842 [INFO] IPUIPlugin:80 - create IPUIPlugin
2026-03-15 08:58:43,842 [INFO] PluginManager:220 - loadIPPluginJar : add aes
2026-03-15 08:58:43,923 [INFO] IPUIPlugin:80 - create IPUIPlugin
2026-03-15 08:58:43,923 [INFO] PluginManager:220 - loadIPPluginJar : add can
2026-03-15 08:58:43,998 [INFO] IPUIPlugin:80 - create IPUIPlugin
2026-03-15 08:58:43,998 [INFO] PluginManager:220 - loadIPPluginJar : add comp
2026-03-15 08:58:44,069 [INFO] IPUIPlugin:80 - create IPUIPlugin
2026-03-15 08:58:44,069 [INFO] PluginManager:220 - loadIPPluginJar : add cryp
2026-03-15 08:58:44,143 [INFO] IPUIPlugin:80 - create IPUIPlugin
2026-03-15 08:58:44,144 [INFO] PluginManager:220 - loadIPPluginJar : add ddr_ctrl_phy
2026-03-15 08:58:44,216 [INFO] IPUIPlugin:80 - create IPUIPlugin
2026-03-15 08:58:44,216 [INFO] PluginManager:220 - loadIPPluginJar : add dfsdm
2026-03-15 08:58:44,250 [INFO] IPUIPlugin:80 - create IPUIPlugin
2026-03-15 08:58:44,250 [INFO] PluginManager:220 - loadIPPluginJar : add dma
2026-03-15 08:58:44,339 [INFO] IPUIPlugin:80 - create IPUIPlugin
2026-03-15 08:58:44,339 [INFO] PluginManager:220 - loadIPPluginJar : add dma3
2026-03-15 08:58:44,464 [INFO] IPUIPlugin:80 - create IPUIPlugin
2026-03-15 08:58:44,464 [INFO] PluginManager:220 - loadIPPluginJar : add extmemmanager
2026-03-15 08:58:44,517 [INFO] IPUIPlugin:80 - create IPUIPlugin
2026-03-15 08:58:44,518 [INFO] PluginManager:220 - loadIPPluginJar : add fatfs
2026-03-15 08:58:44,615 [INFO] IPUIPlugin:80 - create IPUIPlugin
2026-03-15 08:58:44,615 [INFO] PluginManager:220 - loadIPPluginJar : add fmc
2026-03-15 08:58:44,654 [INFO] IPUIPlugin:80 - create IPUIPlugin
2026-03-15 08:58:44,654 [INFO] PluginManager:220 - loadIPPluginJar : add freertos
2026-03-15 08:58:44,749 [INFO] IPUIPlugin:80 - create IPUIPlugin
2026-03-15 08:58:44,749 [INFO] PluginManager:220 - loadIPPluginJar : add genericplugin
2026-03-15 08:58:44,759 [INFO] ThirdPartyUpdaterWithRetryManager:70 - Updater plugin not ready yet. [2/15]
2026-03-15 08:58:44,912 [INFO] IPUIPlugin:80 - create IPUIPlugin
2026-03-15 08:58:44,912 [INFO] PluginManager:220 - loadIPPluginJar : add gfxmmu
2026-03-15 08:58:45,145 [INFO] IPUIPlugin:80 - create IPUIPlugin
2026-03-15 08:58:45,145 [INFO] PluginManager:220 - loadIPPluginJar : add gic
2026-03-15 08:58:45,191 [INFO] IPUIPlugin:80 - create IPUIPlugin
2026-03-15 08:58:45,191 [INFO] PluginManager:220 - loadIPPluginJar : add gpio
2026-03-15 08:58:45,363 [INFO] IPUIPlugin:80 - create IPUIPlugin
2026-03-15 08:58:45,363 [INFO] PluginManager:220 - loadIPPluginJar : add gtzc
2026-03-15 08:58:45,444 [INFO] IPUIPlugin:80 - create IPUIPlugin
2026-03-15 08:58:45,445 [INFO] PluginManager:220 - loadIPPluginJar : add hash
2026-03-15 08:58:45,531 [INFO] IPUIPlugin:80 - create IPUIPlugin
2026-03-15 08:58:45,532 [INFO] PluginManager:220 - loadIPPluginJar : add i2c
2026-03-15 08:58:45,602 [INFO] IPUIPlugin:80 - create IPUIPlugin
2026-03-15 08:58:45,602 [INFO] PluginManager:220 - loadIPPluginJar : add i2s
2026-03-15 08:58:45,707 [INFO] IPUIPlugin:80 - create IPUIPlugin
2026-03-15 08:58:45,707 [INFO] PluginManager:220 - loadIPPluginJar : add i3c
2026-03-15 08:58:45,897 [INFO] IPUIPlugin:80 - create IPUIPlugin
2026-03-15 08:58:45,898 [INFO] PluginManager:220 - loadIPPluginJar : add ipddr
2026-03-15 08:58:46,097 [INFO] IPUIPlugin:80 - create IPUIPlugin
2026-03-15 08:58:46,097 [INFO] PluginManager:220 - loadIPPluginJar : add linkedlist
2026-03-15 08:58:46,167 [INFO] IPUIPlugin:80 - create IPUIPlugin
2026-03-15 08:58:46,167 [INFO] PluginManager:220 - loadIPPluginJar : add lorawan
2026-03-15 08:58:46,282 [INFO] IPUIPlugin:80 - create IPUIPlugin
2026-03-15 08:58:46,283 [INFO] PluginManager:220 - loadIPPluginJar : add ltdc
2026-03-15 08:58:46,327 [INFO] IPUIPlugin:80 - create IPUIPlugin
2026-03-15 08:58:46,327 [INFO] PluginManager:220 - loadIPPluginJar : add mdma
2026-03-15 08:58:46,365 [INFO] IPUIPlugin:80 - create IPUIPlugin
2026-03-15 08:58:46,366 [INFO] PluginManager:220 - loadIPPluginJar : add nvic
2026-03-15 08:58:46,444 [INFO] IPUIPlugin:80 - create IPUIPlugin
2026-03-15 08:58:46,444 [INFO] PluginManager:220 - loadIPPluginJar : add opamp
2026-03-15 08:58:46,576 [INFO] IPUIPlugin:80 - create IPUIPlugin
2026-03-15 08:58:46,577 [INFO] PluginManager:220 - loadIPPluginJar : add openamp
2026-03-15 08:58:46,678 [INFO] IPUIPlugin:80 - create IPUIPlugin
2026-03-15 08:58:46,679 [INFO] PluginManager:220 - loadIPPluginJar : add pdm2pcm
2026-03-15 08:58:46,718 [INFO] IPUIPlugin:80 - create IPUIPlugin
2026-03-15 08:58:46,725 [INFO] PluginManager:220 - loadIPPluginJar : add plateformsettings
2026-03-15 08:58:46,787 [INFO] IPUIPlugin:80 - create IPUIPlugin
2026-03-15 08:58:46,787 [INFO] PluginManager:220 - loadIPPluginJar : add quadspi
2026-03-15 08:58:46,856 [INFO] IPUIPlugin:80 - create IPUIPlugin
2026-03-15 08:58:46,858 [INFO] PluginManager:220 - loadIPPluginJar : add radio
2026-03-15 08:58:46,967 [INFO] IPUIPlugin:80 - create IPUIPlugin
2026-03-15 08:58:46,967 [INFO] PluginManager:220 - loadIPPluginJar : add resmgrutility
2026-03-15 08:58:47,063 [INFO] IPUIPlugin:80 - create IPUIPlugin
2026-03-15 08:58:47,063 [INFO] PluginManager:220 - loadIPPluginJar : add sai
2026-03-15 08:58:47,233 [INFO] IPUIPlugin:80 - create IPUIPlugin
2026-03-15 08:58:47,233 [INFO] PluginManager:220 - loadIPPluginJar : add spi
2026-03-15 08:58:47,434 [INFO] IPUIPlugin:80 - create IPUIPlugin
2026-03-15 08:58:47,435 [INFO] PluginManager:220 - loadIPPluginJar : add stm32_wpan
2026-03-15 08:58:47,530 [INFO] IPUIPlugin:80 - create IPUIPlugin
2026-03-15 08:58:47,530 [INFO] PluginManager:220 - loadIPPluginJar : add tim
2026-03-15 08:58:47,664 [INFO] IPUIPlugin:80 - create IPUIPlugin
2026-03-15 08:58:47,664 [INFO] PluginManager:220 - loadIPPluginJar : add touchsensing
2026-03-15 08:58:47,763 [INFO] ThirdPartyUpdaterWithRetryManager:70 - Updater plugin not ready yet. [3/15]
2026-03-15 08:58:47,764 [INFO] IPUIPlugin:80 - create IPUIPlugin
2026-03-15 08:58:47,765 [INFO] PluginManager:220 - loadIPPluginJar : add tracer_emb
2026-03-15 08:58:47,909 [INFO] IPUIPlugin:80 - create IPUIPlugin
2026-03-15 08:58:47,910 [INFO] PluginManager:220 - loadIPPluginJar : add ts
2026-03-15 08:58:48,002 [INFO] IPUIPlugin:80 - create IPUIPlugin
2026-03-15 08:58:48,003 [INFO] PluginManager:220 - loadIPPluginJar : add tsc
2026-03-15 08:58:48,071 [INFO] IPUIPlugin:80 - create IPUIPlugin
2026-03-15 08:58:48,072 [INFO] PluginManager:220 - loadIPPluginJar : add ucpd
2026-03-15 08:58:48,176 [INFO] IPUIPlugin:80 - create IPUIPlugin
2026-03-15 08:58:48,177 [INFO] PluginManager:220 - loadIPPluginJar : add usart
2026-03-15 08:58:48,346 [INFO] IPUIPlugin:80 - create IPUIPlugin
2026-03-15 08:58:48,346 [INFO] PluginManager:220 - loadIPPluginJar : add usbx
2026-03-15 08:58:48,642 [INFO] CADModel:165 - CPN selected for project level
2026-03-15 08:58:48,643 [INFO] CADModel:114 - Register for checkConnection events
2026-03-15 08:58:48,644 [FATAL] Updater:334 - Updater called before beeing initialized
2026-03-15 08:58:48,644 [ERROR] CADModel:125 - Updater not yet initialized, retry later 
2026-03-15 08:58:49,190 [INFO] CADModel:165 - CPN selected for project level
2026-03-15 08:58:49,191 [INFO] CADModel:114 - Register for checkConnection events
2026-03-15 08:58:49,191 [FATAL] Updater:334 - Updater called before beeing initialized
2026-03-15 08:58:49,191 [ERROR] CADModel:125 - Updater not yet initialized, retry later 
2026-03-15 08:58:49,195 [FATAL] Updater:334 - Updater called before beeing initialized
2026-03-15 08:58:49,428 [FATAL] Updater:334 - Updater called before beeing initialized
2026-03-15 08:58:49,484 [INFO] DbMcusAds:53 - JSON generation date=Wed Feb 18 20:02:49 IST 2026 (1771425169371)
2026-03-15 08:58:49,485 [FATAL] Updater:334 - Updater called before beeing initialized
2026-03-15 08:58:49,853 [WARN] DetailPanel:346 - Failed to get advertising image, set to default
2026-03-15 08:58:49,942 [FATAL] Updater:334 - Updater called before beeing initialized
2026-03-15 08:58:49,945 [FATAL] Updater:334 - Updater called before beeing initialized
2026-03-15 08:58:49,946 [FATAL] Updater:334 - Updater called before beeing initialized
2026-03-15 08:58:49,946 [WARN] DetailPanel:346 - Failed to get advertising image, set to default
2026-03-15 08:58:49,946 [FATAL] Updater:334 - Updater called before beeing initialized
2026-03-15 08:58:50,172 [ERROR] Updater:1164 - MainUpdater not yet initialized. External WinMGr cannot be set.
2026-03-15 08:58:50,260 [INFO] Updater:1100 - Updater Version found : 6.12.1
2026-03-15 08:58:50,332 [INFO] ApplicationProperties:184 - Using Application install path: D:\Stm32cubeIDE\STM32CubeIDE_1.16.1\STM32CubeIDE\plugins\com.st.stm32cube.common.mx_6.12.1.202409122256
2026-03-15 08:58:50,765 [INFO] ThirdPartyUpdaterWithRetryManager:70 - Updater plugin not ready yet. [4/15]
2026-03-15 08:58:51,932 [ERROR] LogOutputStream:75 - [STDERR_REDIRECT] Mar 15, 2026 8:58:51 AM java.util.prefs.WindowsPreferences <init>
2026-03-15 08:58:51,933 [ERROR] LogOutputStream:75 - [STDERR_REDIRECT] WARNING: Could not open/create prefs root node Software\JavaSoft\Prefs at root 0xffffffff80000002. Windows RegCreateKeyEx(...) returned error code 5.
2026-03-15 08:58:51,933 [ERROR] LogOutputStream:75 - [STDERR_REDIRECT] 
2026-03-15 08:58:52,753 [INFO] MainUpdater:2873 - connection check result : 10
2026-03-15 08:58:52,758 [INFO] MainUpdater:290 - Updater Check For Update Now.
2026-03-15 08:58:52,758 [INFO] MicroXplorer:498 - Change Database Version : DB.6.0.121
2026-03-15 08:58:52,863 [INFO] McuFinderGlobals:63 - Set McuFinder mode to 2 (CubeIDE integrated)
2026-03-15 08:58:52,863 [INFO] UserAuth:179 - activating auth plugin
2026-03-15 08:58:52,888 [INFO] UserAuth:417 - Internet connection configuration mode: 1
2026-03-15 08:58:53,059 [INFO] JxBrowserEngine:152 - Initiate JxBrowser Engine with user profile folder
2026-03-15 08:58:53,132 [INFO] CheckServerUpdateThread:120 - End of CheckServer Thread
2026-03-15 08:58:54,577 [WARN] PackLoader:240 - Cannot read IP mode file for STMicroelectronics.X-CUBE-AZRTOS-H7.3.5.0
2026-03-15 08:58:54,659 [WARN] PackLoader:240 - Cannot read IP mode file for STMicroelectronics.FP-SNS-MOTENVWB1.1.4.0
2026-03-15 08:58:54,700 [WARN] PackLoader:240 - Cannot read IP mode file for STMicroelectronics.FP-ATR-ASTRA1.2.0.2
2026-03-15 08:58:54,747 [WARN] PackLoader:240 - Cannot read IP mode file for STMicroelectronics.X-CUBE-SMBUS.2.1.0
2026-03-15 08:58:54,845 [WARN] PackLoader:240 - Cannot read IP mode file for STMicroelectronics.X-CUBE-AZRTOS-F7.1.1.0
2026-03-15 08:58:54,890 [ERROR] Engine:466 - C:\Users\ASUS\.stm32cubemx\thirdparties\pdsc\STMicroelectronics.FP-SNS-MOTENV1.5.1.0.pdsc: PDSC version is not supported
2026-03-15 08:58:54,925 [ERROR] Engine:466 - C:\Users\ASUS\.stm32cubemx\thirdparties\pdsc\WES.I-CUBE-Cesium.1.4.0.pdsc: PDSC version is not supported
2026-03-15 08:58:55,022 [WARN] PackLoader:240 - Cannot read IP mode file for STMicroelectronics.X-CUBE-AZRTOS-H7.3.4.0
2026-03-15 08:58:55,096 [WARN] PackLoader:240 - Cannot read IP mode file for STMicroelectronics.X-CUBE-DISPLAY.3.0.0
2026-03-15 08:58:55,145 [ERROR] Engine:466 - C:\Users\ASUS\.stm32cubemx\thirdparties\pdsc\STMicroelectronics.FP-SNS-MOTENVWB1.1.5.0.pdsc: PDSC version is not supported
2026-03-15 08:58:55,186 [WARN] PackLoader:240 - Cannot read IP mode file for STMicroelectronics.X-CUBE-NFC10.1.0.0
2026-03-15 08:58:55,253 [ERROR] Engine:466 - C:\Users\ASUS\.stm32cubemx\thirdparties\pdsc\STMicroelectronics.X-CUBE-ST60.1.1.0.pdsc: PDSC version is not supported
2026-03-15 08:58:55,320 [WARN] PackLoader:240 - Cannot read IP mode file for emotas.I-CUBE-CANOPEN.1.3.0
2026-03-15 08:58:55,370 [WARN] PackLoader:240 - Cannot read IP mode file for STMicroelectronics.X-CUBE-GNSS1.7.1.0
2026-03-15 08:58:55,419 [ERROR] Engine:466 - C:\Users\ASUS\.stm32cubemx\thirdparties\pdsc\STMicroelectronics.FP-SNS-STBOX1.2.1.0.pdsc: PDSC version is not supported
2026-03-15 08:58:55,457 [WARN] PackLoader:240 - Cannot read IP mode file for STMicroelectronics.FP-SNS-SMARTAG2.1.2.0
2026-03-15 08:58:55,489 [ERROR] Engine:466 - C:\Users\ASUS\.stm32cubemx\thirdparties\pdsc\STMicroelectronics.FP-SNS-FLIGHT1.5.1.0.pdsc: PDSC version is not supported
2026-03-15 08:58:55,534 [INFO] LogOutputStream:77 - [STDOUT_REDIRECT] 1 : Invalid condition id : UX_CORESTACK_Condition cause : null
2026-03-15 08:58:55,535 [INFO] LogOutputStream:77 - [STDOUT_REDIRECT] 1 : Invalid condition id : UX_CORESTACK_Condition cause : null
2026-03-15 08:58:55,537 [INFO] LogOutputStream:77 - [STDOUT_REDIRECT] 1 : Invalid condition id : UX_CORESTACK_Condition cause : null
2026-03-15 08:58:55,539 [INFO] LogOutputStream:77 - [STDOUT_REDIRECT] 1 : Invalid condition id : UX_CORESTACK_Condition cause : null
2026-03-15 08:58:55,541 [INFO] LogOutputStream:77 - [STDOUT_REDIRECT] 1 : Invalid condition id : UX_CORESTACK_Condition cause : null
2026-03-15 08:58:55,548 [WARN] PackLoader:240 - Cannot read IP mode file for STMicroelectronics.X-CUBE-AZRTOS-WL.2.0.0
2026-03-15 08:58:55,616 [WARN] PackLoader:240 - Cannot read IP mode file for STMicroelectronics.X-CUBE-AZRTOS-H7RS.1.2.0
2026-03-15 08:58:55,660 [WARN] PackLoader:240 - Cannot read IP mode file for STMicroelectronics.X-CUBE-BLE2.3.3.0
2026-03-15 08:58:55,695 [ERROR] Engine:466 - C:\Users\ASUS\.stm32cubemx\thirdparties\pdsc\Avnet-IOTCONNECT.X-CUBE-iotc-st67-sdk.1.0.0.pdsc: PDSC version is not supported
2026-03-15 08:58:55,759 [WARN] PackLoader:240 - Cannot read IP mode file for Infineon.AIROC-Wi-Fi-Bluetooth-STM32.1.8.0
2026-03-15 08:58:55,801 [WARN] PackLoader:240 - Cannot read IP mode file for STMicroelectronics.X-CUBE-NFC9.1.0.0
2026-03-15 08:58:55,835 [WARN] PackLoader:240 - Cannot read IP mode file for STMicroelectronics.X-CUBE-BLE1.7.1.0
2026-03-15 08:58:55,864 [WARN] PackLoader:240 - Cannot read IP mode file for wolfSSL.I-CUBE-wolfMQTT.1.19.2
2026-03-15 08:58:55,890 [ERROR] Engine:466 - C:\Users\ASUS\.stm32cubemx\thirdparties\pdsc\STMicroelectronics.X-CUBE-FREERTOS.1.4.0.pdsc: PDSC version is not supported
2026-03-15 08:58:55,924 [WARN] PackLoader:240 - Cannot read IP mode file for STMicroelectronics.X-CUBE-EEPRMA1.5.2.0
2026-03-15 08:58:55,951 [WARN] PackLoader:240 - Cannot read IP mode file for wolfSSL.I-CUBE-wolfSSL.5.8.4
2026-03-15 08:58:55,982 [ERROR] Engine:466 - C:\Users\ASUS\.stm32cubemx\thirdparties\pdsc\Cesanta.I-CUBE-Mongoose.7.20.0.pdsc: PDSC version is not supported
2026-03-15 08:58:56,100 [WARN] PackLoader:240 - Cannot read IP mode file for STMicroelectronics.X-CUBE-MEMS1.12.0.0
2026-03-15 08:58:56,370 [WARN] PackLoader:240 - Cannot read IP mode file for STMicroelectronics.X-CUBE-AZRTOS-G0.1.1.0
2026-03-15 08:58:56,423 [WARN] PackLoader:240 - Cannot read IP mode file for STMicroelectronics.X-CUBE-NFC4.3.0.0
2026-03-15 08:58:56,477 [WARN] PackLoader:240 - Cannot read IP mode file for EmbeddedOffice.I-CUBE-FS-RTOS.1.0.1
2026-03-15 08:58:56,479 [ERROR] ConditionMgr:805 - Attr not supported : Dmpu
2026-03-15 08:58:56,479 [ERROR] ConditionMgr:805 - Attr not supported : Dmpu
2026-03-15 08:58:56,479 [ERROR] ConditionMgr:805 - Attr not supported : Dmpu
2026-03-15 08:58:56,479 [ERROR] ConditionMgr:805 - Attr not supported : Dmpu
2026-03-15 08:58:56,479 [ERROR] ConditionMgr:805 - Attr not supported : Dmpu
2026-03-15 08:58:56,479 [ERROR] ConditionMgr:805 - Attr not supported : Dmpu
2026-03-15 08:58:56,483 [ERROR] ConditionMgr:805 - Attr not supported : Dmpu
2026-03-15 08:58:56,484 [ERROR] ConditionMgr:805 - Attr not supported : Dmpu
2026-03-15 08:58:56,484 [ERROR] ConditionMgr:805 - Attr not supported : Dmpu
2026-03-15 08:58:56,484 [ERROR] ConditionMgr:805 - Attr not supported : Dmpu
2026-03-15 08:58:56,484 [ERROR] ConditionMgr:805 - Attr not supported : Dmpu
2026-03-15 08:58:56,484 [ERROR] ConditionMgr:805 - Attr not supported : Dmpu
2026-03-15 08:58:56,485 [ERROR] ConditionMgr:805 - Attr not supported : Dmpu
2026-03-15 08:58:56,485 [ERROR] ConditionMgr:805 - Attr not supported : Dmpu
2026-03-15 08:58:56,485 [ERROR] ConditionMgr:805 - Attr not supported : Dmpu
2026-03-15 08:58:56,485 [ERROR] ConditionMgr:805 - Attr not supported : Dmpu
2026-03-15 08:58:56,485 [ERROR] ConditionMgr:805 - Attr not supported : Dmpu
2026-03-15 08:58:56,485 [ERROR] ConditionMgr:805 - Attr not supported : Dmpu
2026-03-15 08:58:56,485 [ERROR] ConditionMgr:805 - Attr not supported : Dmpu
2026-03-15 08:58:56,485 [ERROR] ConditionMgr:805 - Attr not supported : Dmpu
2026-03-15 08:58:56,485 [ERROR] ConditionMgr:805 - Attr not supported : Dmpu
2026-03-15 08:58:56,486 [ERROR] ConditionMgr:805 - Attr not supported : Dmpu
2026-03-15 08:58:56,486 [ERROR] ConditionMgr:805 - Attr not supported : Dmpu
2026-03-15 08:58:56,486 [ERROR] ConditionMgr:805 - Attr not supported : Dmpu
2026-03-15 08:58:56,487 [ERROR] ConditionMgr:805 - Attr not supported : Dmpu
2026-03-15 08:58:56,487 [ERROR] ConditionMgr:805 - Attr not supported : Dmpu
2026-03-15 08:58:56,487 [ERROR] ConditionMgr:805 - Attr not supported : Dmpu
2026-03-15 08:58:56,487 [ERROR] ConditionMgr:805 - Attr not supported : Dmpu
2026-03-15 08:58:56,487 [ERROR] ConditionMgr:805 - Attr not supported : Dmpu
2026-03-15 08:58:56,487 [ERROR] ConditionMgr:805 - Attr not supported : Dmpu
2026-03-15 08:58:56,487 [ERROR] ConditionMgr:805 - Attr not supported : Dmpu
2026-03-15 08:58:56,487 [ERROR] ConditionMgr:805 - Attr not supported : Dmpu
2026-03-15 08:58:56,487 [ERROR] ConditionMgr:805 - Attr not supported : Dmpu
2026-03-15 08:58:56,488 [ERROR] ConditionMgr:805 - Attr not supported : Dmpu
2026-03-15 08:58:56,488 [ERROR] ConditionMgr:805 - Attr not supported : Dmpu
2026-03-15 08:58:56,488 [ERROR] ConditionMgr:805 - Attr not supported : Dmpu
2026-03-15 08:58:56,488 [ERROR] ConditionMgr:805 - Attr not supported : Dmpu
2026-03-15 08:58:56,488 [ERROR] ConditionMgr:805 - Attr not supported : Dmpu
2026-03-15 08:58:56,488 [ERROR] ConditionMgr:805 - Attr not supported : Dmpu
2026-03-15 08:58:56,488 [ERROR] ConditionMgr:805 - Attr not supported : Dmpu
2026-03-15 08:58:56,488 [ERROR] ConditionMgr:805 - Attr not supported : Dmpu
2026-03-15 08:58:56,488 [ERROR] ConditionMgr:805 - Attr not supported : Dmpu
2026-03-15 08:58:56,488 [ERROR] ConditionMgr:805 - Attr not supported : Dmpu
2026-03-15 08:58:56,488 [ERROR] ConditionMgr:805 - Attr not supported : Dmpu
2026-03-15 08:58:56,488 [ERROR] ConditionMgr:805 - Attr not supported : Dmpu
2026-03-15 08:58:56,488 [ERROR] ConditionMgr:805 - Attr not supported : Dmpu
2026-03-15 08:58:56,488 [ERROR] ConditionMgr:805 - Attr not supported : Dmpu
2026-03-15 08:58:56,490 [ERROR] ConditionMgr:805 - Attr not supported : Dmpu
2026-03-15 08:58:56,490 [ERROR] ConditionMgr:805 - Attr not supported : Dmpu
2026-03-15 08:58:56,490 [ERROR] ConditionMgr:805 - Attr not supported : Dmpu
2026-03-15 08:58:56,490 [ERROR] ConditionMgr:805 - Attr not supported : Dmpu
2026-03-15 08:58:56,492 [ERROR] ConditionMgr:805 - Attr not supported : Dmpu
2026-03-15 08:58:56,492 [ERROR] ConditionMgr:805 - Attr not supported : Dmpu
2026-03-15 08:58:56,492 [ERROR] ConditionMgr:805 - Attr not supported : Dmpu
2026-03-15 08:58:56,492 [ERROR] ConditionMgr:805 - Attr not supported : Dmpu
2026-03-15 08:58:56,493 [ERROR] ConditionMgr:805 - Attr not supported : Dmpu
2026-03-15 08:58:56,493 [ERROR] ConditionMgr:805 - Attr not supported : Dmpu
2026-03-15 08:58:56,494 [ERROR] ConditionMgr:805 - Attr not supported : Dmpu
2026-03-15 08:58:56,494 [ERROR] ConditionMgr:805 - Attr not supported : Dmpu
2026-03-15 08:58:56,494 [ERROR] ConditionMgr:805 - Attr not supported : Dmpu
2026-03-15 08:58:56,494 [ERROR] ConditionMgr:805 - Attr not supported : Dmpu
2026-03-15 08:58:56,494 [ERROR] ConditionMgr:805 - Attr not supported : Dmpu
2026-03-15 08:58:56,494 [ERROR] ConditionMgr:805 - Attr not supported : Dmpu
2026-03-15 08:58:56,494 [ERROR] ConditionMgr:805 - Attr not supported : Dmpu
2026-03-15 08:58:56,546 [WARN] PackLoader:240 - Cannot read IP mode file for STMicroelectronics.X-CUBE-WB05N.2.0.0
2026-03-15 08:58:56,593 [WARN] PackLoader:240 - Cannot read IP mode file for wolfSSL.I-CUBE-wolfTPM.3.8.0
2026-03-15 08:58:56,630 [ERROR] Engine:466 - C:\Users\ASUS\.stm32cubemx\thirdparties\pdsc\STMicroelectronics.X-CUBE-TCPP.4.2.0.pdsc: PDSC version is not supported
2026-03-15 08:58:56,676 [WARN] PackLoader:240 - Cannot read IP mode file for RealThread.X-CUBE-RT-Thread_Nano.4.1.1
2026-03-15 08:58:56,716 [WARN] PackLoader:240 - Cannot read IP mode file for STMicroelectronics.FP-ATR-SIGFOX1.3.2.0
2026-03-15 08:58:56,752 [ERROR] Engine:466 - C:\Users\ASUS\.stm32cubemx\thirdparties\pdsc\STMicroelectronics.X-CUBE-FREERTOS.1.5.0.pdsc: PDSC version is not supported
2026-03-15 08:58:56,800 [WARN] PackLoader:240 - Cannot read IP mode file for ITTIA_DB.I-CUBE-ITTIADB.8.9.0
2026-03-15 08:58:56,853 [WARN] PackLoader:240 - Cannot read IP mode file for STMicroelectronics.X-CUBE-NFC6.3.2.0
2026-03-15 08:58:56,900 [WARN] PackLoader:240 - Cannot read IP mode file for STMicroelectronics.X-CUBE-AI.10.2.0
2026-03-15 08:58:56,984 [WARN] PackLoader:240 - Cannot read IP mode file for SEGGER.I-CUBE-embOS.1.3.1
2026-03-15 08:58:57,103 [WARN] PackLoader:240 - Cannot read IP mode file for STMicroelectronics.X-CUBE-ALGOBUILD.1.4.0
2026-03-15 08:58:57,133 [WARN] PackLoader:240 - Cannot read IP mode file for STMicroelectronics.X-CUBE-PM33A1.1.0.0
2026-03-15 08:58:57,262 [WARN] PackLoader:240 - Cannot read IP mode file for STMicroelectronics.X-CUBE-AZRTOS-F4.1.1.0
2026-03-15 08:58:57,312 [WARN] PackLoader:240 - Cannot read IP mode file for STMicroelectronics.X-CUBE-ISPU.2.1.0
2026-03-15 08:58:57,359 [ERROR] Engine:466 - C:\Users\ASUS\.stm32cubemx\thirdparties\pdsc\STMicroelectronics.X-CUBE-IPS.3.2.0.pdsc: PDSC version is not supported
2026-03-15 08:58:57,414 [WARN] PackLoader:240 - Cannot read IP mode file for STMicroelectronics.X-CUBE-NFC12.1.0.0
2026-03-15 08:58:57,493 [WARN] PackLoader:240 - Cannot read IP mode file for STMicroelectronics.X-CUBE-AZRTOS-L5.2.0.0
2026-03-15 08:58:57,539 [WARN] PackLoader:240 - Cannot read IP mode file for STMicroelectronics.X-CUBE-TOUCHGFX.4.26.0
2026-03-15 08:58:57,586 [WARN] PackLoader:240 - Cannot read IP mode file for STMicroelectronics.X-CUBE-TOUCHGFX.4.26.1
2026-03-15 08:58:57,626 [ERROR] Engine:466 - C:\Users\ASUS\.stm32cubemx\thirdparties\pdsc\STMicroelectronics.FP-SNS-STAIOTCFT.1.0.0.pdsc: PDSC version is not supported
2026-03-15 08:58:57,668 [WARN] PackLoader:240 - Cannot read IP mode file for STMicroelectronics.X-CUBE-DPower.1.3.0
2026-03-15 08:58:57,740 [WARN] ConditionMgr:438 - getConditionDescription Invalid condition id : LAN8742 Phy interface Condition cause : null
2026-03-15 08:58:57,741 [WARN] PackLoader:240 - Cannot read IP mode file for STMicroelectronics.X-CUBE-AZRTOS-L4.2.0.0
2026-03-15 08:58:57,746 [WARN] ConditionMgr:1039 - genDependencies : Invalid condition id : LAN8742 Phy interface Condition cause : null
2026-03-15 08:58:57,747 [WARN] ConditionMgr:1039 - genDependencies : Invalid condition id : LAN8742 Phy interface Condition cause : null
2026-03-15 08:58:57,748 [WARN] ConditionMgr:1039 - genDependencies : Invalid condition id : LAN8742 Phy interface Condition cause : null
2026-03-15 08:58:57,791 [WARN] PackLoader:240 - Cannot read IP mode file for STMicroelectronics.X-CUBE-SFXS2LP1.4.0.0
2026-03-15 08:58:57,834 [ERROR] Engine:466 - C:\Users\ASUS\.stm32cubemx\thirdparties\pdsc\STMicroelectronics.X-CUBE-ST67W61.1.2.0.pdsc: PDSC version is not supported
2026-03-15 08:58:57,874 [ERROR] Engine:466 - C:\Users\ASUS\.stm32cubemx\thirdparties\pdsc\STMicroelectronics.X-CUBE-BLEMGR.4.1.0.pdsc: PDSC version is not supported
2026-03-15 08:58:57,940 [WARN] ConditionMgr:438 - getConditionDescription Invalid condition id : UX DEVICE CLASS RTOS Condition cause : null
2026-03-15 08:58:57,942 [WARN] ConditionMgr:438 - getConditionDescription Invalid condition id : UX DEVICE CLASS RTOS Condition cause : null
2026-03-15 08:58:57,944 [WARN] PackLoader:240 - Cannot read IP mode file for STMicroelectronics.X-CUBE-AZRTOS-WB.2.0.0
2026-03-15 08:58:57,947 [WARN] ConditionMgr:1039 - genDependencies : Invalid condition id : UX DEVICE CLASS RTOS Condition cause : null
2026-03-15 08:58:57,948 [WARN] ConditionMgr:1039 - genDependencies : Invalid condition id : UX DEVICE CLASS RTOS Condition cause : null
2026-03-15 08:58:57,948 [WARN] ConditionMgr:1039 - genDependencies : Invalid condition id : UX DEVICE CLASS RTOS Condition cause : null
2026-03-15 08:58:57,949 [WARN] ConditionMgr:1039 - genDependencies : Invalid condition id : UX DEVICE CLASS RTOS Condition cause : null
2026-03-15 08:58:57,949 [WARN] ConditionMgr:1039 - genDependencies : Invalid condition id : UX DEVICE CLASS RTOS Condition cause : null
2026-03-15 08:58:57,986 [WARN] ConditionMgr:438 - getConditionDescription Invalid condition id : Cortex-A Device cause : null
2026-03-15 08:58:58,058 [WARN] ConditionMgr:1039 - genDependencies : Invalid condition id : Cortex-A Device cause : null
2026-03-15 08:58:58,059 [WARN] ConditionMgr:1039 - genDependencies : Invalid condition id : Cortex-A Device cause : null
2026-03-15 08:58:58,059 [WARN] ConditionMgr:1039 - genDependencies : Invalid condition id : Cortex-A Device cause : null
2026-03-15 08:58:58,105 [WARN] PackLoader:240 - Cannot read IP mode file for STMicroelectronics.X-CUBE-STSE01.2.0.0
2026-03-15 08:58:58,160 [WARN] PackLoader:240 - Cannot read IP mode file for STMicroelectronics.X-CUBE-SUBG2.5.0.0
2026-03-15 08:58:58,240 [WARN] PackLoader:240 - Cannot read IP mode file for STMicroelectronics.X-CUBE-AZRTOS-G4.2.0.0
2026-03-15 08:58:58,291 [WARN] PackLoader:240 - Cannot read IP mode file for wolfSSL.I-CUBE-wolfSSH.1.4.20
2026-03-15 08:58:58,334 [WARN] PackLoader:240 - Cannot read IP mode file for STMicroelectronics.X-CUBE-NFC7.2.0.0
2026-03-15 08:58:58,388 [WARN] PackLoader:240 - Cannot read IP mode file for STMicroelectronics.X-CUBE-ALS.1.0.2
2026-03-15 08:58:58,450 [ERROR] Engine:466 - C:\Users\ASUS\.stm32cubemx\thirdparties\pdsc\STMicroelectronics.X-CUBE-TOF1.3.4.3.pdsc: PDSC version is not supported
2026-03-15 08:58:58,454 [INFO] ThirdParty:978 - Integrity check success = true
2026-03-15 08:58:58,455 [INFO] IntegrityCheckThread:100 - exiting critical section [integrity check]
2026-03-15 08:58:58,455 [INFO] IntegrityCheckThread:103 - End integrity checks thread
2026-03-15 08:59:04,013 [INFO] WebApp:167 - Instantiating new browser for Auth
2026-03-15 08:59:06,115 [INFO] WebApp:448 - Apply proxy settings
2026-03-15 08:59:06,116 [INFO] WebApp:533 - Chromium requires no authentication
2026-03-15 08:59:06,217 [INFO] WebApp:476 - Direct internet connection detected
2026-03-15 08:59:06,283 [INFO] WebApp:869 - Register for checkConnection events
2026-03-15 08:59:06,283 [INFO] WebApp:448 - Apply proxy settings
2026-03-15 08:59:06,283 [INFO] WebApp:533 - Chromium requires no authentication
2026-03-15 08:59:06,284 [INFO] WebApp:476 - Direct internet connection detected
2026-03-15 08:59:06,856 [INFO] WebApp:186 - Connection restablished
2026-03-15 08:59:06,951 [INFO] WebApp:220 - Starting web application
2026-03-15 08:59:06,951 [INFO] WebApp:578 - Web application path used D:\Stm32cubeIDE\STM32CubeIDE_1.16.1\STM32CubeIDE\plugins\com.st.stm32cube.common.mx_6.12.1.202409122256\db\plugins\mcufinder\reactClient1\index.html
