2026-03-06 08:50:35,993 [INFO] Activator:176 - 


2026-03-06 08:50:36,019 [INFO] Activator:177 - !SESSION log4j initialized
2026-03-06 08:51:09,159 [INFO] LogOutputStream:77 - [STDOUT_REDIRECT] 
2026-03-06 08:51:21,040 [INFO] ApplicationProperties:184 - Using Application install path: D:\Stm32cubeIDE\STM32CubeIDE_1.16.1\STM32CubeIDE\plugins\com.st.stm32cube.common.mx_6.12.1.202409122256
2026-03-06 08:51:21,117 [INFO] DbMcusXml:78 - Set database path to: D:\Stm32cubeIDE\STM32CubeIDE_1.16.1\STM32CubeIDE\plugins\com.st.stm32cube.common.mx_6.12.1.202409122256\\db\/mcu/
2026-03-06 08:51:21,117 [INFO] ApiDb:274 - Set plugin database path to: D:\Stm32cubeIDE\STM32CubeIDE_1.16.1\STM32CubeIDE\plugins\com.st.stm32cube.common.mx_6.12.1.202409122256\\db\/plugins/boardmanager/
2026-03-06 08:51:21,118 [WARN] ApiDb:259 - Overriding images path with different value:  => D:\Stm32cubeIDE\STM32CubeIDE_1.16.1\STM32CubeIDE\plugins\com.st.stm32cube.common.mx_6.12.1.202409122256\\db\/plugins/mcufinder/images/
2026-03-06 08:51:21,457 [INFO] ApiDb:250 - Set database path to: C:\Users\ASUS\.stmcufinder\plugins\mcufinder//mcu/
2026-03-06 08:51:21,458 [INFO] DbMcusAds:125 - Set database path to: C:\Users\ASUS\.stmcufinder\plugins\mcufinder//mcu/
2026-03-06 08:51:21,477 [INFO] CrossReferenceDbSqlite:203 - Set database path to: C:\Users\ASUS\.stmcufinder\plugins\mcufinder//mcu/cs/
2026-03-06 08:51:22,005 [INFO] RulesReader:64 - Compatibility file has been processed (297 Rules)
2026-03-06 08:51:22,676 [INFO] DbMcusXml:78 - Set database path to: D:\Stm32cubeIDE\STM32CubeIDE_1.16.1\STM32CubeIDE\plugins\com.st.stm32cube.common.mx_6.12.1.202409122256\\db\/mcu/
2026-03-06 08:51:22,676 [INFO] ApiDb:274 - Set plugin database path to: D:\Stm32cubeIDE\STM32CubeIDE_1.16.1\STM32CubeIDE\plugins\com.st.stm32cube.common.mx_6.12.1.202409122256\\db\/plugins/boardmanager/
2026-03-06 08:51:22,676 [INFO] ApiDb:261 - Set plugin images path to: D:\Stm32cubeIDE\STM32CubeIDE_1.16.1\STM32CubeIDE\plugins\com.st.stm32cube.common.mx_6.12.1.202409122256\\db\/plugins/mcufinder/images/
2026-03-06 08:51:22,677 [WARN] DbFile:41 - Overriding database path with different value: C:\Users\ASUS\.stmcufinder\plugins\mcufinder/ => C:\Users\ASUS\.stmcufinder\plugins\mcufinder
2026-03-06 08:51:22,677 [INFO] ApiDb:250 - Set database path to: C:\Users\ASUS\.stmcufinder\plugins\mcufinder//mcu/
2026-03-06 08:51:22,677 [WARN] DbFile:41 - Overriding database path with different value: C:\Users\ASUS\.stmcufinder\plugins\mcufinder/ => C:\Users\ASUS\.stmcufinder\plugins\mcufinder
2026-03-06 08:51:22,677 [INFO] DbMcusAds:125 - Set database path to: C:\Users\ASUS\.stmcufinder\plugins\mcufinder//mcu/
2026-03-06 08:51:22,677 [WARN] DbFile:41 - Overriding database path with different value: C:\Users\ASUS\.stmcufinder\plugins\mcufinder/ => C:\Users\ASUS\.stmcufinder\plugins\mcufinder
2026-03-06 08:51:22,677 [WARN] DbFile:41 - Overriding database path with different value: C:\Users\ASUS\.stmcufinder\plugins\mcufinder/ => C:\Users\ASUS\.stmcufinder\plugins\mcufinder
2026-03-06 08:51:22,677 [INFO] CrossReferenceDbSqlite:203 - Set database path to: C:\Users\ASUS\.stmcufinder\plugins\mcufinder//mcu/cs/
2026-03-06 08:51:23,178 [INFO] MainPanel:268 - HeapMemory: 268435456
2026-03-06 08:51:24,245 [INFO] DbMcusXml:78 - Set database path to: D:\Stm32cubeIDE\STM32CubeIDE_1.16.1\STM32CubeIDE\plugins\com.st.stm32cube.common.mx_6.12.1.202409122256\\db\/mcu/
2026-03-06 08:51:24,245 [INFO] ApiDb:274 - Set plugin database path to: D:\Stm32cubeIDE\STM32CubeIDE_1.16.1\STM32CubeIDE\plugins\com.st.stm32cube.common.mx_6.12.1.202409122256\\db\/plugins/boardmanager/
2026-03-06 08:51:24,245 [INFO] ApiDb:261 - Set plugin images path to: D:\Stm32cubeIDE\STM32CubeIDE_1.16.1\STM32CubeIDE\plugins\com.st.stm32cube.common.mx_6.12.1.202409122256\\db\/plugins/mcufinder/images/
2026-03-06 08:51:24,246 [WARN] DbFile:41 - Overriding database path with different value: C:\Users\ASUS\.stmcufinder\plugins\mcufinder/ => C:\Users\ASUS\.stmcufinder\plugins\mcufinder
2026-03-06 08:51:24,246 [INFO] ApiDb:250 - Set database path to: C:\Users\ASUS\.stmcufinder\plugins\mcufinder//mcu/
2026-03-06 08:51:24,246 [WARN] DbFile:41 - Overriding database path with different value: C:\Users\ASUS\.stmcufinder\plugins\mcufinder/ => C:\Users\ASUS\.stmcufinder\plugins\mcufinder
2026-03-06 08:51:24,247 [INFO] DbMcusAds:125 - Set database path to: C:\Users\ASUS\.stmcufinder\plugins\mcufinder//mcu/
2026-03-06 08:51:24,247 [WARN] DbFile:41 - Overriding database path with different value: C:\Users\ASUS\.stmcufinder\plugins\mcufinder/ => C:\Users\ASUS\.stmcufinder\plugins\mcufinder
2026-03-06 08:51:24,247 [WARN] DbFile:41 - Overriding database path with different value: C:\Users\ASUS\.stmcufinder\plugins\mcufinder/ => C:\Users\ASUS\.stmcufinder\plugins\mcufinder
2026-03-06 08:51:24,247 [INFO] CrossReferenceDbSqlite:203 - Set database path to: C:\Users\ASUS\.stmcufinder\plugins\mcufinder//mcu/cs/
2026-03-06 08:51:24,281 [INFO] ApplicationProperties:184 - Using Application install path: D:\Stm32cubeIDE\STM32CubeIDE_1.16.1\STM32CubeIDE\plugins\com.st.stm32cube.common.mx_6.12.1.202409122256
2026-03-06 08:51:24,285 [INFO] PluginManage:196 - Search for loadable plugins [exclusion list=, ]
2026-03-06 08:51:24,291 [INFO] PluginManage:310 - Check plugin analytics
2026-03-06 08:51:25,024 [INFO] AnalyticsPlugin:253 - Accepted Software Licenses: STM32CubeMX.6.16.0
2026-03-06 08:51:25,024 [INFO] AnalyticsPlugin:255 - Accepted CMSIS Pack Licenses: 
2026-03-06 08:51:25,024 [INFO] AnalyticsPlugin:257 - Accepted Firmware Licenses: FW.H7.1.11.0
2026-03-06 08:51:25,026 [INFO] PluginManage:359 - Loaded plugin analytics (category:tool,tabindex:-1)
2026-03-06 08:51:25,026 [INFO] PluginManage:310 - Check plugin cadmodel
2026-03-06 08:51:25,141 [INFO] CADModel:105 - Init CAD model plugin
2026-03-06 08:51:25,141 [INFO] PluginManage:359 - Loaded plugin cadmodel (category:power,tabindex:5)
2026-03-06 08:51:25,141 [INFO] PluginManage:310 - Check plugin clock
2026-03-06 08:51:25,228 [INFO] PluginManage:359 - Loaded plugin clock (category:base,tabindex:2)
2026-03-06 08:51:25,228 [INFO] PluginManage:310 - Check plugin ddr
2026-03-06 08:51:25,250 [INFO] PluginManage:359 - Loaded plugin ddr (category:tool,tabindex:6)
2026-03-06 08:51:25,250 [INFO] PluginManage:310 - Check plugin filemanager
2026-03-06 08:51:27,306 [INFO] PluginManage:359 - Loaded plugin filemanager (category:base,tabindex:10)
2026-03-06 08:51:27,306 [INFO] PluginManage:310 - Check plugin ipmanager
2026-03-06 08:51:27,412 [INFO] PluginManage:359 - Loaded plugin ipmanager (category:base,tabindex:5)
2026-03-06 08:51:27,413 [INFO] PluginManage:310 - Check plugin lpbam
2026-03-06 08:51:27,526 [INFO] PluginManage:359 - Loaded plugin lpbam (category:base,tabindex:0)
2026-03-06 08:51:27,527 [INFO] PluginManage:310 - Check plugin memorymap
2026-03-06 08:51:27,706 [INFO] PluginManage:359 - Loaded plugin memorymap (category:base,tabindex:4)
2026-03-06 08:51:27,706 [INFO] PluginManage:310 - Check plugin pinoutandconfiguration
2026-03-06 08:51:27,778 [INFO] PluginManage:359 - Loaded plugin pinoutandconfiguration (category:base,tabindex:1)
2026-03-06 08:51:27,779 [INFO] PluginManage:310 - Check plugin pinoutconfig
2026-03-06 08:51:28,298 [WARN] SupportedApi:132 - Cannot load RTOS API schema: s4s-elt-must-match.1: The content of 'definitions' must match (annotation?, (simpleType | complexType)?, (unique | key | keyref)*)). A problem was found starting at: attribute.
2026-03-06 08:51:28,603 [INFO] PluginManage:359 - Loaded plugin pinoutconfig (category:base,tabindex:0)
2026-03-06 08:51:28,604 [INFO] PluginManage:310 - Check plugin power
2026-03-06 08:51:28,665 [INFO] PluginManage:359 - Loaded plugin power (category:power,tabindex:4)
2026-03-06 08:51:28,665 [INFO] PluginManage:310 - Check plugin projectmanager
2026-03-06 08:51:28,696 [INFO] PluginManage:359 - Loaded plugin projectmanager (category:projectmanager,tabindex:4)
2026-03-06 08:51:28,696 [INFO] PluginManage:310 - Check plugin rif
2026-03-06 08:51:28,744 [INFO] PluginManage:359 - Loaded plugin rif (category:base,tabindex:3)
2026-03-06 08:51:28,744 [INFO] PluginManage:310 - Check plugin thirdparty
2026-03-06 08:51:30,830 [INFO] PluginManage:359 - Loaded plugin thirdparty (category:base,tabindex:-1)
2026-03-06 08:51:30,830 [WARN] IntegrityCheckThread:84 - waiting for thirdparty lock release [integrity check]
2026-03-06 08:51:30,831 [INFO] PluginManage:310 - Check plugin tools
2026-03-06 08:51:30,831 [INFO] IntegrityCheckThread:86 - entering critical section [integrity check]
2026-03-06 08:51:30,831 [INFO] ThirdPartyUpdaterWithRetryManager:70 - Updater plugin not ready yet. [1/15]
2026-03-06 08:51:30,943 [INFO] PluginManage:359 - Loaded plugin tools (category:base,tabindex:7)
2026-03-06 08:51:30,943 [INFO] PluginManage:310 - Check plugin tutovideos
2026-03-06 08:51:31,644 [INFO] PluginManage:359 - Loaded plugin tutovideos (category:base,tabindex:-1)
2026-03-06 08:51:31,645 [INFO] PluginManage:310 - Check plugin updater
2026-03-06 08:51:31,684 [INFO] PluginManage:359 - Loaded plugin updater (category:base,tabindex:12)
2026-03-06 08:51:31,684 [INFO] PluginManage:310 - Check plugin userauth
2026-03-06 08:51:31,737 [INFO] UserAuth:113 - Init User Auth plugin
2026-03-06 08:51:31,737 [INFO] PluginManage:359 - Loaded plugin userauth (category:base,tabindex:14)
2026-03-06 08:51:31,738 [INFO] PluginManage:283 - PluginManage : Loaded plugins [18]
2026-03-06 08:51:32,654 [INFO] PinOutPanel:1561 - setPackage(No Configuration,No Configuration)
2026-03-06 08:51:32,916 [INFO] CADModel:165 - CPN selected for project level
2026-03-06 08:51:32,916 [INFO] CADModel:114 - Register for checkConnection events
2026-03-06 08:51:33,024 [INFO] IPUIPlugin:80 - create IPUIPlugin
2026-03-06 08:51:33,024 [INFO] PluginManager:220 - loadIPPluginJar : add adc
2026-03-06 08:51:33,133 [INFO] IPUIPlugin:80 - create IPUIPlugin
2026-03-06 08:51:33,133 [INFO] PluginManager:220 - loadIPPluginJar : add aes
2026-03-06 08:51:33,526 [INFO] IPUIPlugin:80 - create IPUIPlugin
2026-03-06 08:51:33,526 [INFO] PluginManager:220 - loadIPPluginJar : add can
2026-03-06 08:51:33,599 [INFO] IPUIPlugin:80 - create IPUIPlugin
2026-03-06 08:51:33,600 [INFO] PluginManager:220 - loadIPPluginJar : add comp
2026-03-06 08:51:33,750 [INFO] IPUIPlugin:80 - create IPUIPlugin
2026-03-06 08:51:33,751 [INFO] PluginManager:220 - loadIPPluginJar : add cryp
2026-03-06 08:51:33,832 [INFO] ThirdPartyUpdaterWithRetryManager:70 - Updater plugin not ready yet. [2/15]
2026-03-06 08:51:33,919 [INFO] IPUIPlugin:80 - create IPUIPlugin
2026-03-06 08:51:33,920 [INFO] PluginManager:220 - loadIPPluginJar : add ddr_ctrl_phy
2026-03-06 08:51:33,989 [INFO] IPUIPlugin:80 - create IPUIPlugin
2026-03-06 08:51:33,989 [INFO] PluginManager:220 - loadIPPluginJar : add dfsdm
2026-03-06 08:51:34,101 [INFO] IPUIPlugin:80 - create IPUIPlugin
2026-03-06 08:51:34,101 [INFO] PluginManager:220 - loadIPPluginJar : add dma
2026-03-06 08:51:34,189 [INFO] IPUIPlugin:80 - create IPUIPlugin
2026-03-06 08:51:34,189 [INFO] PluginManager:220 - loadIPPluginJar : add dma3
2026-03-06 08:51:34,315 [INFO] IPUIPlugin:80 - create IPUIPlugin
2026-03-06 08:51:34,315 [INFO] PluginManager:220 - loadIPPluginJar : add extmemmanager
2026-03-06 08:51:34,414 [INFO] IPUIPlugin:80 - create IPUIPlugin
2026-03-06 08:51:34,416 [INFO] PluginManager:220 - loadIPPluginJar : add fatfs
2026-03-06 08:51:34,545 [INFO] IPUIPlugin:80 - create IPUIPlugin
2026-03-06 08:51:34,545 [INFO] PluginManager:220 - loadIPPluginJar : add fmc
2026-03-06 08:51:34,576 [INFO] IPUIPlugin:80 - create IPUIPlugin
2026-03-06 08:51:34,576 [INFO] PluginManager:220 - loadIPPluginJar : add freertos
2026-03-06 08:51:34,707 [INFO] IPUIPlugin:80 - create IPUIPlugin
2026-03-06 08:51:34,708 [INFO] PluginManager:220 - loadIPPluginJar : add genericplugin
2026-03-06 08:51:34,860 [INFO] IPUIPlugin:80 - create IPUIPlugin
2026-03-06 08:51:34,860 [INFO] PluginManager:220 - loadIPPluginJar : add gfxmmu
2026-03-06 08:51:35,029 [INFO] IPUIPlugin:80 - create IPUIPlugin
2026-03-06 08:51:35,029 [INFO] PluginManager:220 - loadIPPluginJar : add gic
2026-03-06 08:51:35,132 [INFO] IPUIPlugin:80 - create IPUIPlugin
2026-03-06 08:51:35,132 [INFO] PluginManager:220 - loadIPPluginJar : add gpio
2026-03-06 08:51:35,394 [INFO] IPUIPlugin:80 - create IPUIPlugin
2026-03-06 08:51:35,394 [INFO] PluginManager:220 - loadIPPluginJar : add gtzc
2026-03-06 08:51:35,477 [INFO] IPUIPlugin:80 - create IPUIPlugin
2026-03-06 08:51:35,477 [INFO] PluginManager:220 - loadIPPluginJar : add hash
2026-03-06 08:51:35,584 [INFO] IPUIPlugin:80 - create IPUIPlugin
2026-03-06 08:51:35,585 [INFO] PluginManager:220 - loadIPPluginJar : add i2c
2026-03-06 08:51:35,724 [INFO] IPUIPlugin:80 - create IPUIPlugin
2026-03-06 08:51:35,724 [INFO] PluginManager:220 - loadIPPluginJar : add i2s
2026-03-06 08:51:35,813 [INFO] IPUIPlugin:80 - create IPUIPlugin
2026-03-06 08:51:35,813 [INFO] PluginManager:220 - loadIPPluginJar : add i3c
2026-03-06 08:51:35,940 [INFO] IPUIPlugin:80 - create IPUIPlugin
2026-03-06 08:51:35,941 [INFO] PluginManager:220 - loadIPPluginJar : add ipddr
2026-03-06 08:51:36,218 [INFO] IPUIPlugin:80 - create IPUIPlugin
2026-03-06 08:51:36,218 [INFO] PluginManager:220 - loadIPPluginJar : add linkedlist
2026-03-06 08:51:36,321 [INFO] IPUIPlugin:80 - create IPUIPlugin
2026-03-06 08:51:36,321 [INFO] PluginManager:220 - loadIPPluginJar : add lorawan
2026-03-06 08:51:36,673 [INFO] IPUIPlugin:80 - create IPUIPlugin
2026-03-06 08:51:36,673 [INFO] PluginManager:220 - loadIPPluginJar : add ltdc
2026-03-06 08:51:36,835 [INFO] ThirdPartyUpdaterWithRetryManager:70 - Updater plugin not ready yet. [3/15]
2026-03-06 08:51:37,069 [INFO] IPUIPlugin:80 - create IPUIPlugin
2026-03-06 08:51:37,069 [INFO] PluginManager:220 - loadIPPluginJar : add mdma
2026-03-06 08:51:37,107 [INFO] IPUIPlugin:80 - create IPUIPlugin
2026-03-06 08:51:37,107 [INFO] PluginManager:220 - loadIPPluginJar : add nvic
2026-03-06 08:51:37,200 [INFO] IPUIPlugin:80 - create IPUIPlugin
2026-03-06 08:51:37,200 [INFO] PluginManager:220 - loadIPPluginJar : add opamp
2026-03-06 08:51:37,293 [INFO] IPUIPlugin:80 - create IPUIPlugin
2026-03-06 08:51:37,293 [INFO] PluginManager:220 - loadIPPluginJar : add openamp
2026-03-06 08:51:37,421 [INFO] IPUIPlugin:80 - create IPUIPlugin
2026-03-06 08:51:37,423 [INFO] PluginManager:220 - loadIPPluginJar : add pdm2pcm
2026-03-06 08:51:37,448 [INFO] IPUIPlugin:80 - create IPUIPlugin
2026-03-06 08:51:37,450 [INFO] PluginManager:220 - loadIPPluginJar : add plateformsettings
2026-03-06 08:51:37,505 [INFO] IPUIPlugin:80 - create IPUIPlugin
2026-03-06 08:51:37,505 [INFO] PluginManager:220 - loadIPPluginJar : add quadspi
2026-03-06 08:51:37,560 [INFO] IPUIPlugin:80 - create IPUIPlugin
2026-03-06 08:51:37,561 [INFO] PluginManager:220 - loadIPPluginJar : add radio
2026-03-06 08:51:37,609 [INFO] IPUIPlugin:80 - create IPUIPlugin
2026-03-06 08:51:37,609 [INFO] PluginManager:220 - loadIPPluginJar : add resmgrutility
2026-03-06 08:51:37,675 [INFO] IPUIPlugin:80 - create IPUIPlugin
2026-03-06 08:51:37,675 [INFO] PluginManager:220 - loadIPPluginJar : add sai
2026-03-06 08:51:37,827 [INFO] IPUIPlugin:80 - create IPUIPlugin
2026-03-06 08:51:37,827 [INFO] PluginManager:220 - loadIPPluginJar : add spi
2026-03-06 08:51:37,915 [INFO] IPUIPlugin:80 - create IPUIPlugin
2026-03-06 08:51:37,915 [INFO] PluginManager:220 - loadIPPluginJar : add stm32_wpan
2026-03-06 08:51:38,027 [INFO] IPUIPlugin:80 - create IPUIPlugin
2026-03-06 08:51:38,029 [INFO] PluginManager:220 - loadIPPluginJar : add tim
2026-03-06 08:51:38,102 [INFO] IPUIPlugin:80 - create IPUIPlugin
2026-03-06 08:51:38,102 [INFO] PluginManager:220 - loadIPPluginJar : add touchsensing
2026-03-06 08:51:38,160 [INFO] IPUIPlugin:80 - create IPUIPlugin
2026-03-06 08:51:38,160 [INFO] PluginManager:220 - loadIPPluginJar : add tracer_emb
2026-03-06 08:51:38,215 [INFO] IPUIPlugin:80 - create IPUIPlugin
2026-03-06 08:51:38,216 [INFO] PluginManager:220 - loadIPPluginJar : add ts
2026-03-06 08:51:38,276 [INFO] IPUIPlugin:80 - create IPUIPlugin
2026-03-06 08:51:38,276 [INFO] PluginManager:220 - loadIPPluginJar : add tsc
2026-03-06 08:51:38,305 [INFO] IPUIPlugin:80 - create IPUIPlugin
2026-03-06 08:51:38,305 [INFO] PluginManager:220 - loadIPPluginJar : add ucpd
2026-03-06 08:51:38,363 [INFO] IPUIPlugin:80 - create IPUIPlugin
2026-03-06 08:51:38,363 [INFO] PluginManager:220 - loadIPPluginJar : add usart
2026-03-06 08:51:38,526 [INFO] IPUIPlugin:80 - create IPUIPlugin
2026-03-06 08:51:38,526 [INFO] PluginManager:220 - loadIPPluginJar : add usbx
2026-03-06 08:51:38,772 [INFO] CADModel:165 - CPN selected for project level
2026-03-06 08:51:38,772 [INFO] CADModel:114 - Register for checkConnection events
2026-03-06 08:51:38,772 [FATAL] Updater:334 - Updater called before beeing initialized
2026-03-06 08:51:38,773 [ERROR] CADModel:125 - Updater not yet initialized, retry later 
2026-03-06 08:51:39,836 [INFO] ThirdPartyUpdaterWithRetryManager:70 - Updater plugin not ready yet. [4/15]
2026-03-06 08:51:39,911 [INFO] CADModel:165 - CPN selected for project level
2026-03-06 08:51:39,911 [INFO] CADModel:114 - Register for checkConnection events
2026-03-06 08:51:39,911 [FATAL] Updater:334 - Updater called before beeing initialized
2026-03-06 08:51:39,911 [ERROR] CADModel:125 - Updater not yet initialized, retry later 
2026-03-06 08:51:39,915 [FATAL] Updater:334 - Updater called before beeing initialized
2026-03-06 08:51:40,194 [FATAL] Updater:334 - Updater called before beeing initialized
2026-03-06 08:51:40,259 [INFO] DbMcusAds:53 - JSON generation date=Wed Feb 18 20:02:49 IST 2026 (1771425169371)
2026-03-06 08:51:40,260 [FATAL] Updater:334 - Updater called before beeing initialized
2026-03-06 08:51:40,683 [WARN] DetailPanel:346 - Failed to get advertising image, set to default
2026-03-06 08:51:40,938 [FATAL] Updater:334 - Updater called before beeing initialized
2026-03-06 08:51:40,942 [FATAL] Updater:334 - Updater called before beeing initialized
2026-03-06 08:51:40,943 [FATAL] Updater:334 - Updater called before beeing initialized
2026-03-06 08:51:40,943 [WARN] DetailPanel:346 - Failed to get advertising image, set to default
2026-03-06 08:51:40,944 [FATAL] Updater:334 - Updater called before beeing initialized
2026-03-06 08:51:41,398 [ERROR] Updater:1164 - MainUpdater not yet initialized. External WinMGr cannot be set.
2026-03-06 08:51:41,500 [INFO] Updater:1100 - Updater Version found : 6.12.1
2026-03-06 08:51:41,984 [INFO] ApplicationProperties:184 - Using Application install path: D:\Stm32cubeIDE\STM32CubeIDE_1.16.1\STM32CubeIDE\plugins\com.st.stm32cube.common.mx_6.12.1.202409122256
2026-03-06 08:51:42,838 [FATAL] Updater:334 - Updater called before beeing initialized
2026-03-06 08:51:42,838 [ERROR] IntegrityCheckThread:130 - Cannot retrieve database content from updater: error 21
2026-03-06 08:51:42,838 [INFO] ThirdParty:978 - Integrity check success = false
2026-03-06 08:51:42,839 [INFO] IntegrityCheckThread:100 - exiting critical section [integrity check]
2026-03-06 08:51:42,839 [INFO] IntegrityCheckThread:103 - End integrity checks thread
2026-03-06 08:51:44,362 [ERROR] LogOutputStream:75 - [STDERR_REDIRECT] Mar 06, 2026 8:51:43 AM java.util.prefs.WindowsPreferences <init>
2026-03-06 08:51:44,363 [ERROR] LogOutputStream:75 - [STDERR_REDIRECT] WARNING: Could not open/create prefs root node Software\JavaSoft\Prefs at root 0xffffffff80000002. Windows RegCreateKeyEx(...) returned error code 5.
2026-03-06 08:51:44,363 [ERROR] LogOutputStream:75 - [STDERR_REDIRECT] 
2026-03-06 08:51:45,508 [INFO] MainUpdater:2873 - connection check result : 10
2026-03-06 08:51:45,509 [INFO] MainUpdater:290 - Updater Check For Update Now.
2026-03-06 08:51:45,509 [INFO] MicroXplorer:498 - Change Database Version : DB.6.0.121
2026-03-06 08:51:45,587 [INFO] McuFinderGlobals:63 - Set McuFinder mode to 2 (CubeIDE integrated)
2026-03-06 08:51:45,587 [INFO] UserAuth:179 - activating auth plugin
2026-03-06 08:51:45,608 [INFO] UserAuth:417 - Internet connection configuration mode: 1
2026-03-06 08:51:45,725 [INFO] JxBrowserEngine:152 - Initiate JxBrowser Engine with user profile folder
2026-03-06 08:51:45,772 [INFO] CheckServerUpdateThread:120 - End of CheckServer Thread
2026-03-06 08:51:50,449 [INFO] WebApp:167 - Instantiating new browser for Auth
2026-03-06 08:51:51,887 [INFO] WebApp:448 - Apply proxy settings
2026-03-06 08:51:51,888 [INFO] WebApp:533 - Chromium requires no authentication
2026-03-06 08:51:51,929 [INFO] WebApp:476 - Direct internet connection detected
2026-03-06 08:51:52,004 [INFO] WebApp:869 - Register for checkConnection events
2026-03-06 08:51:52,005 [INFO] WebApp:448 - Apply proxy settings
2026-03-06 08:51:52,005 [INFO] WebApp:533 - Chromium requires no authentication
2026-03-06 08:51:52,005 [INFO] WebApp:476 - Direct internet connection detected
2026-03-06 08:51:52,392 [INFO] WebApp:220 - Starting web application
2026-03-06 08:51:52,393 [INFO] WebApp:578 - Web application path used D:\Stm32cubeIDE\STM32CubeIDE_1.16.1\STM32CubeIDE\plugins\com.st.stm32cube.common.mx_6.12.1.202409122256\db\plugins\mcufinder\reactClient1\index.html
2026-03-06 08:51:52,856 [INFO] WebApp:186 - Connection restablished
2026-03-06 10:19:31,782 [INFO] WebApp:189 - Connection lost
2026-03-06 10:23:38,779 [INFO] WebApp:186 - Connection restablished
2026-03-06 10:24:45,663 [ERROR] LogOutputStream:75 - [STDERR_REDIRECT] 
2026-03-06 14:37:59,810 [INFO] Activator:176 - 


2026-03-06 14:37:59,825 [INFO] Activator:177 - !SESSION log4j initialized
2026-03-06 14:38:29,103 [INFO] LogOutputStream:77 - [STDOUT_REDIRECT] 
2026-03-06 14:38:39,707 [INFO] ApplicationProperties:184 - Using Application install path: D:\Stm32cubeIDE\STM32CubeIDE_1.16.1\STM32CubeIDE\plugins\com.st.stm32cube.common.mx_6.12.1.202409122256
2026-03-06 14:38:39,896 [INFO] DbMcusXml:78 - Set database path to: D:\Stm32cubeIDE\STM32CubeIDE_1.16.1\STM32CubeIDE\plugins\com.st.stm32cube.common.mx_6.12.1.202409122256\\db\/mcu/
2026-03-06 14:38:39,897 [INFO] ApiDb:274 - Set plugin database path to: D:\Stm32cubeIDE\STM32CubeIDE_1.16.1\STM32CubeIDE\plugins\com.st.stm32cube.common.mx_6.12.1.202409122256\\db\/plugins/boardmanager/
2026-03-06 14:38:39,898 [WARN] ApiDb:259 - Overriding images path with different value:  => D:\Stm32cubeIDE\STM32CubeIDE_1.16.1\STM32CubeIDE\plugins\com.st.stm32cube.common.mx_6.12.1.202409122256\\db\/plugins/mcufinder/images/
2026-03-06 14:38:40,185 [INFO] ApiDb:250 - Set database path to: C:\Users\ASUS\.stmcufinder\plugins\mcufinder//mcu/
2026-03-06 14:38:40,186 [INFO] DbMcusAds:125 - Set database path to: C:\Users\ASUS\.stmcufinder\plugins\mcufinder//mcu/
2026-03-06 14:38:40,194 [INFO] CrossReferenceDbSqlite:203 - Set database path to: C:\Users\ASUS\.stmcufinder\plugins\mcufinder//mcu/cs/
2026-03-06 14:38:41,167 [INFO] RulesReader:64 - Compatibility file has been processed (297 Rules)
2026-03-06 14:38:41,712 [INFO] DbMcusXml:78 - Set database path to: D:\Stm32cubeIDE\STM32CubeIDE_1.16.1\STM32CubeIDE\plugins\com.st.stm32cube.common.mx_6.12.1.202409122256\\db\/mcu/
2026-03-06 14:38:41,712 [INFO] ApiDb:274 - Set plugin database path to: D:\Stm32cubeIDE\STM32CubeIDE_1.16.1\STM32CubeIDE\plugins\com.st.stm32cube.common.mx_6.12.1.202409122256\\db\/plugins/boardmanager/
2026-03-06 14:38:41,712 [INFO] ApiDb:261 - Set plugin images path to: D:\Stm32cubeIDE\STM32CubeIDE_1.16.1\STM32CubeIDE\plugins\com.st.stm32cube.common.mx_6.12.1.202409122256\\db\/plugins/mcufinder/images/
2026-03-06 14:38:41,713 [WARN] DbFile:41 - Overriding database path with different value: C:\Users\ASUS\.stmcufinder\plugins\mcufinder/ => C:\Users\ASUS\.stmcufinder\plugins\mcufinder
2026-03-06 14:38:41,713 [INFO] ApiDb:250 - Set database path to: C:\Users\ASUS\.stmcufinder\plugins\mcufinder//mcu/
2026-03-06 14:38:41,713 [WARN] DbFile:41 - Overriding database path with different value: C:\Users\ASUS\.stmcufinder\plugins\mcufinder/ => C:\Users\ASUS\.stmcufinder\plugins\mcufinder
2026-03-06 14:38:41,713 [INFO] DbMcusAds:125 - Set database path to: C:\Users\ASUS\.stmcufinder\plugins\mcufinder//mcu/
2026-03-06 14:38:41,713 [WARN] DbFile:41 - Overriding database path with different value: C:\Users\ASUS\.stmcufinder\plugins\mcufinder/ => C:\Users\ASUS\.stmcufinder\plugins\mcufinder
2026-03-06 14:38:41,713 [WARN] DbFile:41 - Overriding database path with different value: C:\Users\ASUS\.stmcufinder\plugins\mcufinder/ => C:\Users\ASUS\.stmcufinder\plugins\mcufinder
2026-03-06 14:38:41,713 [INFO] CrossReferenceDbSqlite:203 - Set database path to: C:\Users\ASUS\.stmcufinder\plugins\mcufinder//mcu/cs/
2026-03-06 14:38:41,935 [INFO] MainPanel:268 - HeapMemory: 268435456
2026-03-06 14:38:42,382 [INFO] DbMcusXml:78 - Set database path to: D:\Stm32cubeIDE\STM32CubeIDE_1.16.1\STM32CubeIDE\plugins\com.st.stm32cube.common.mx_6.12.1.202409122256\\db\/mcu/
2026-03-06 14:38:42,382 [INFO] ApiDb:274 - Set plugin database path to: D:\Stm32cubeIDE\STM32CubeIDE_1.16.1\STM32CubeIDE\plugins\com.st.stm32cube.common.mx_6.12.1.202409122256\\db\/plugins/boardmanager/
2026-03-06 14:38:42,383 [INFO] ApiDb:261 - Set plugin images path to: D:\Stm32cubeIDE\STM32CubeIDE_1.16.1\STM32CubeIDE\plugins\com.st.stm32cube.common.mx_6.12.1.202409122256\\db\/plugins/mcufinder/images/
2026-03-06 14:38:42,385 [WARN] DbFile:41 - Overriding database path with different value: C:\Users\ASUS\.stmcufinder\plugins\mcufinder/ => C:\Users\ASUS\.stmcufinder\plugins\mcufinder
2026-03-06 14:38:42,385 [INFO] ApiDb:250 - Set database path to: C:\Users\ASUS\.stmcufinder\plugins\mcufinder//mcu/
2026-03-06 14:38:42,385 [WARN] DbFile:41 - Overriding database path with different value: C:\Users\ASUS\.stmcufinder\plugins\mcufinder/ => C:\Users\ASUS\.stmcufinder\plugins\mcufinder
2026-03-06 14:38:42,385 [INFO] DbMcusAds:125 - Set database path to: C:\Users\ASUS\.stmcufinder\plugins\mcufinder//mcu/
2026-03-06 14:38:42,385 [WARN] DbFile:41 - Overriding database path with different value: C:\Users\ASUS\.stmcufinder\plugins\mcufinder/ => C:\Users\ASUS\.stmcufinder\plugins\mcufinder
2026-03-06 14:38:42,385 [WARN] DbFile:41 - Overriding database path with different value: C:\Users\ASUS\.stmcufinder\plugins\mcufinder/ => C:\Users\ASUS\.stmcufinder\plugins\mcufinder
2026-03-06 14:38:42,385 [INFO] CrossReferenceDbSqlite:203 - Set database path to: C:\Users\ASUS\.stmcufinder\plugins\mcufinder//mcu/cs/
2026-03-06 14:38:42,414 [INFO] ApplicationProperties:184 - Using Application install path: D:\Stm32cubeIDE\STM32CubeIDE_1.16.1\STM32CubeIDE\plugins\com.st.stm32cube.common.mx_6.12.1.202409122256
2026-03-06 14:38:42,417 [INFO] PluginManage:196 - Search for loadable plugins [exclusion list=, ]
2026-03-06 14:38:42,419 [INFO] PluginManage:310 - Check plugin analytics
2026-03-06 14:38:43,026 [INFO] AnalyticsPlugin:253 - Accepted Software Licenses: STM32CubeMX.6.16.0
2026-03-06 14:38:43,027 [INFO] AnalyticsPlugin:255 - Accepted CMSIS Pack Licenses: 
2026-03-06 14:38:43,027 [INFO] AnalyticsPlugin:257 - Accepted Firmware Licenses: FW.H7.1.11.0
2026-03-06 14:38:43,031 [INFO] PluginManage:359 - Loaded plugin analytics (category:tool,tabindex:-1)
2026-03-06 14:38:43,031 [INFO] PluginManage:310 - Check plugin cadmodel
2026-03-06 14:38:43,206 [INFO] CADModel:105 - Init CAD model plugin
2026-03-06 14:38:43,206 [INFO] PluginManage:359 - Loaded plugin cadmodel (category:power,tabindex:5)
2026-03-06 14:38:43,206 [INFO] PluginManage:310 - Check plugin clock
2026-03-06 14:38:43,262 [INFO] PluginManage:359 - Loaded plugin clock (category:base,tabindex:2)
2026-03-06 14:38:43,262 [INFO] PluginManage:310 - Check plugin ddr
2026-03-06 14:38:43,377 [INFO] PluginManage:359 - Loaded plugin ddr (category:tool,tabindex:6)
2026-03-06 14:38:43,378 [INFO] PluginManage:310 - Check plugin filemanager
2026-03-06 14:38:45,214 [INFO] PluginManage:359 - Loaded plugin filemanager (category:base,tabindex:10)
2026-03-06 14:38:45,215 [INFO] PluginManage:310 - Check plugin ipmanager
2026-03-06 14:38:45,254 [INFO] PluginManage:359 - Loaded plugin ipmanager (category:base,tabindex:5)
2026-03-06 14:38:45,255 [INFO] PluginManage:310 - Check plugin lpbam
2026-03-06 14:38:45,281 [INFO] PluginManage:359 - Loaded plugin lpbam (category:base,tabindex:0)
2026-03-06 14:38:45,281 [INFO] PluginManage:310 - Check plugin memorymap
2026-03-06 14:38:45,377 [INFO] PluginManage:359 - Loaded plugin memorymap (category:base,tabindex:4)
2026-03-06 14:38:45,378 [INFO] PluginManage:310 - Check plugin pinoutandconfiguration
2026-03-06 14:38:45,421 [INFO] PluginManage:359 - Loaded plugin pinoutandconfiguration (category:base,tabindex:1)
2026-03-06 14:38:45,422 [INFO] PluginManage:310 - Check plugin pinoutconfig
2026-03-06 14:38:45,628 [WARN] SupportedApi:132 - Cannot load RTOS API schema: s4s-elt-must-match.1: The content of 'definitions' must match (annotation?, (simpleType | complexType)?, (unique | key | keyref)*)). A problem was found starting at: attribute.
2026-03-06 14:38:45,917 [INFO] PluginManage:359 - Loaded plugin pinoutconfig (category:base,tabindex:0)
2026-03-06 14:38:45,917 [INFO] PluginManage:310 - Check plugin power
2026-03-06 14:38:46,191 [INFO] PluginManage:359 - Loaded plugin power (category:power,tabindex:4)
2026-03-06 14:38:46,191 [INFO] PluginManage:310 - Check plugin projectmanager
2026-03-06 14:38:46,229 [INFO] PluginManage:359 - Loaded plugin projectmanager (category:projectmanager,tabindex:4)
2026-03-06 14:38:46,230 [INFO] PluginManage:310 - Check plugin rif
2026-03-06 14:38:46,280 [INFO] PluginManage:359 - Loaded plugin rif (category:base,tabindex:3)
2026-03-06 14:38:46,280 [INFO] PluginManage:310 - Check plugin thirdparty
2026-03-06 14:38:47,129 [INFO] PluginManage:359 - Loaded plugin thirdparty (category:base,tabindex:-1)
2026-03-06 14:38:47,129 [INFO] PluginManage:310 - Check plugin tools
2026-03-06 14:38:47,129 [WARN] IntegrityCheckThread:84 - waiting for thirdparty lock release [integrity check]
2026-03-06 14:38:47,130 [INFO] IntegrityCheckThread:86 - entering critical section [integrity check]
2026-03-06 14:38:47,131 [INFO] ThirdPartyUpdaterWithRetryManager:70 - Updater plugin not ready yet. [1/15]
2026-03-06 14:38:47,192 [INFO] PluginManage:359 - Loaded plugin tools (category:base,tabindex:7)
2026-03-06 14:38:47,194 [INFO] PluginManage:310 - Check plugin tutovideos
2026-03-06 14:38:47,677 [INFO] PluginManage:359 - Loaded plugin tutovideos (category:base,tabindex:-1)
2026-03-06 14:38:47,677 [INFO] PluginManage:310 - Check plugin updater
2026-03-06 14:38:47,719 [INFO] PluginManage:359 - Loaded plugin updater (category:base,tabindex:12)
2026-03-06 14:38:47,719 [INFO] PluginManage:310 - Check plugin userauth
2026-03-06 14:38:47,770 [INFO] UserAuth:113 - Init User Auth plugin
2026-03-06 14:38:47,771 [INFO] PluginManage:359 - Loaded plugin userauth (category:base,tabindex:14)
2026-03-06 14:38:47,771 [INFO] PluginManage:283 - PluginManage : Loaded plugins [18]
2026-03-06 14:38:48,430 [INFO] PinOutPanel:1561 - setPackage(No Configuration,No Configuration)
2026-03-06 14:38:48,637 [INFO] CADModel:165 - CPN selected for project level
2026-03-06 14:38:48,637 [INFO] CADModel:114 - Register for checkConnection events
2026-03-06 14:38:48,706 [INFO] IPUIPlugin:80 - create IPUIPlugin
2026-03-06 14:38:48,706 [INFO] PluginManager:220 - loadIPPluginJar : add adc
2026-03-06 14:38:48,830 [INFO] IPUIPlugin:80 - create IPUIPlugin
2026-03-06 14:38:48,830 [INFO] PluginManager:220 - loadIPPluginJar : add aes
2026-03-06 14:38:48,898 [INFO] IPUIPlugin:80 - create IPUIPlugin
2026-03-06 14:38:48,898 [INFO] PluginManager:220 - loadIPPluginJar : add can
2026-03-06 14:38:48,973 [INFO] IPUIPlugin:80 - create IPUIPlugin
2026-03-06 14:38:48,973 [INFO] PluginManager:220 - loadIPPluginJar : add comp
2026-03-06 14:38:49,119 [INFO] IPUIPlugin:80 - create IPUIPlugin
2026-03-06 14:38:49,121 [INFO] PluginManager:220 - loadIPPluginJar : add cryp
2026-03-06 14:38:49,185 [INFO] IPUIPlugin:80 - create IPUIPlugin
2026-03-06 14:38:49,185 [INFO] PluginManager:220 - loadIPPluginJar : add ddr_ctrl_phy
2026-03-06 14:38:49,329 [INFO] IPUIPlugin:80 - create IPUIPlugin
2026-03-06 14:38:49,329 [INFO] PluginManager:220 - loadIPPluginJar : add dfsdm
2026-03-06 14:38:49,555 [INFO] IPUIPlugin:80 - create IPUIPlugin
2026-03-06 14:38:49,556 [INFO] PluginManager:220 - loadIPPluginJar : add dma
2026-03-06 14:38:49,744 [INFO] IPUIPlugin:80 - create IPUIPlugin
2026-03-06 14:38:49,744 [INFO] PluginManager:220 - loadIPPluginJar : add dma3
2026-03-06 14:38:49,847 [INFO] IPUIPlugin:80 - create IPUIPlugin
2026-03-06 14:38:49,847 [INFO] PluginManager:220 - loadIPPluginJar : add extmemmanager
2026-03-06 14:38:49,921 [INFO] IPUIPlugin:80 - create IPUIPlugin
2026-03-06 14:38:49,921 [INFO] PluginManager:220 - loadIPPluginJar : add fatfs
2026-03-06 14:38:50,061 [INFO] IPUIPlugin:80 - create IPUIPlugin
2026-03-06 14:38:50,062 [INFO] PluginManager:220 - loadIPPluginJar : add fmc
2026-03-06 14:38:50,108 [INFO] IPUIPlugin:80 - create IPUIPlugin
2026-03-06 14:38:50,108 [INFO] PluginManager:220 - loadIPPluginJar : add freertos
2026-03-06 14:38:50,132 [INFO] ThirdPartyUpdaterWithRetryManager:70 - Updater plugin not ready yet. [2/15]
2026-03-06 14:38:50,165 [INFO] IPUIPlugin:80 - create IPUIPlugin
2026-03-06 14:38:50,165 [INFO] PluginManager:220 - loadIPPluginJar : add genericplugin
2026-03-06 14:38:50,339 [INFO] IPUIPlugin:80 - create IPUIPlugin
2026-03-06 14:38:50,339 [INFO] PluginManager:220 - loadIPPluginJar : add gfxmmu
2026-03-06 14:38:50,587 [INFO] IPUIPlugin:80 - create IPUIPlugin
2026-03-06 14:38:50,587 [INFO] PluginManager:220 - loadIPPluginJar : add gic
2026-03-06 14:38:50,655 [INFO] IPUIPlugin:80 - create IPUIPlugin
2026-03-06 14:38:50,655 [INFO] PluginManager:220 - loadIPPluginJar : add gpio
2026-03-06 14:38:50,854 [INFO] IPUIPlugin:80 - create IPUIPlugin
2026-03-06 14:38:50,854 [INFO] PluginManager:220 - loadIPPluginJar : add gtzc
2026-03-06 14:38:50,929 [INFO] IPUIPlugin:80 - create IPUIPlugin
2026-03-06 14:38:50,929 [INFO] PluginManager:220 - loadIPPluginJar : add hash
2026-03-06 14:38:51,326 [INFO] IPUIPlugin:80 - create IPUIPlugin
2026-03-06 14:38:51,326 [INFO] PluginManager:220 - loadIPPluginJar : add i2c
2026-03-06 14:38:51,397 [INFO] IPUIPlugin:80 - create IPUIPlugin
2026-03-06 14:38:51,397 [INFO] PluginManager:220 - loadIPPluginJar : add i2s
2026-03-06 14:38:51,453 [INFO] IPUIPlugin:80 - create IPUIPlugin
2026-03-06 14:38:51,453 [INFO] PluginManager:220 - loadIPPluginJar : add i3c
2026-03-06 14:38:51,622 [INFO] IPUIPlugin:80 - create IPUIPlugin
2026-03-06 14:38:51,622 [INFO] PluginManager:220 - loadIPPluginJar : add ipddr
2026-03-06 14:38:51,865 [INFO] IPUIPlugin:80 - create IPUIPlugin
2026-03-06 14:38:51,866 [INFO] PluginManager:220 - loadIPPluginJar : add linkedlist
2026-03-06 14:38:51,948 [INFO] IPUIPlugin:80 - create IPUIPlugin
2026-03-06 14:38:51,948 [INFO] PluginManager:220 - loadIPPluginJar : add lorawan
2026-03-06 14:38:52,012 [INFO] IPUIPlugin:80 - create IPUIPlugin
2026-03-06 14:38:52,012 [INFO] PluginManager:220 - loadIPPluginJar : add ltdc
2026-03-06 14:38:52,051 [INFO] IPUIPlugin:80 - create IPUIPlugin
2026-03-06 14:38:52,051 [INFO] PluginManager:220 - loadIPPluginJar : add mdma
2026-03-06 14:38:52,090 [INFO] IPUIPlugin:80 - create IPUIPlugin
2026-03-06 14:38:52,090 [INFO] PluginManager:220 - loadIPPluginJar : add nvic
2026-03-06 14:38:52,206 [INFO] IPUIPlugin:80 - create IPUIPlugin
2026-03-06 14:38:52,206 [INFO] PluginManager:220 - loadIPPluginJar : add opamp
2026-03-06 14:38:52,323 [INFO] IPUIPlugin:80 - create IPUIPlugin
2026-03-06 14:38:52,324 [INFO] PluginManager:220 - loadIPPluginJar : add openamp
2026-03-06 14:38:52,468 [INFO] IPUIPlugin:80 - create IPUIPlugin
2026-03-06 14:38:52,469 [INFO] PluginManager:220 - loadIPPluginJar : add pdm2pcm
2026-03-06 14:38:52,510 [INFO] IPUIPlugin:80 - create IPUIPlugin
2026-03-06 14:38:52,512 [INFO] PluginManager:220 - loadIPPluginJar : add plateformsettings
2026-03-06 14:38:52,564 [INFO] IPUIPlugin:80 - create IPUIPlugin
2026-03-06 14:38:52,564 [INFO] PluginManager:220 - loadIPPluginJar : add quadspi
2026-03-06 14:38:52,601 [INFO] IPUIPlugin:80 - create IPUIPlugin
2026-03-06 14:38:52,602 [INFO] PluginManager:220 - loadIPPluginJar : add radio
2026-03-06 14:38:52,649 [INFO] IPUIPlugin:80 - create IPUIPlugin
2026-03-06 14:38:52,649 [INFO] PluginManager:220 - loadIPPluginJar : add resmgrutility
2026-03-06 14:38:52,743 [INFO] IPUIPlugin:80 - create IPUIPlugin
2026-03-06 14:38:52,744 [INFO] PluginManager:220 - loadIPPluginJar : add sai
2026-03-06 14:38:52,884 [INFO] IPUIPlugin:80 - create IPUIPlugin
2026-03-06 14:38:52,884 [INFO] PluginManager:220 - loadIPPluginJar : add spi
2026-03-06 14:38:53,077 [INFO] IPUIPlugin:80 - create IPUIPlugin
2026-03-06 14:38:53,077 [INFO] PluginManager:220 - loadIPPluginJar : add stm32_wpan
2026-03-06 14:38:53,135 [INFO] ThirdPartyUpdaterWithRetryManager:70 - Updater plugin not ready yet. [3/15]
2026-03-06 14:38:53,144 [INFO] IPUIPlugin:80 - create IPUIPlugin
2026-03-06 14:38:53,144 [INFO] PluginManager:220 - loadIPPluginJar : add tim
2026-03-06 14:38:53,307 [INFO] IPUIPlugin:80 - create IPUIPlugin
2026-03-06 14:38:53,308 [INFO] PluginManager:220 - loadIPPluginJar : add touchsensing
2026-03-06 14:38:53,402 [INFO] IPUIPlugin:80 - create IPUIPlugin
2026-03-06 14:38:53,402 [INFO] PluginManager:220 - loadIPPluginJar : add tracer_emb
2026-03-06 14:38:53,495 [INFO] IPUIPlugin:80 - create IPUIPlugin
2026-03-06 14:38:53,495 [INFO] PluginManager:220 - loadIPPluginJar : add ts
2026-03-06 14:38:53,608 [INFO] IPUIPlugin:80 - create IPUIPlugin
2026-03-06 14:38:53,609 [INFO] PluginManager:220 - loadIPPluginJar : add tsc
2026-03-06 14:38:53,657 [INFO] IPUIPlugin:80 - create IPUIPlugin
2026-03-06 14:38:53,657 [INFO] PluginManager:220 - loadIPPluginJar : add ucpd
2026-03-06 14:38:53,774 [INFO] IPUIPlugin:80 - create IPUIPlugin
2026-03-06 14:38:53,775 [INFO] PluginManager:220 - loadIPPluginJar : add usart
2026-03-06 14:38:53,858 [INFO] IPUIPlugin:80 - create IPUIPlugin
2026-03-06 14:38:53,858 [INFO] PluginManager:220 - loadIPPluginJar : add usbx
2026-03-06 14:38:54,075 [INFO] CADModel:165 - CPN selected for project level
2026-03-06 14:38:54,075 [INFO] CADModel:114 - Register for checkConnection events
2026-03-06 14:38:54,076 [FATAL] Updater:334 - Updater called before beeing initialized
2026-03-06 14:38:54,076 [ERROR] CADModel:125 - Updater not yet initialized, retry later 
2026-03-06 14:38:54,703 [INFO] CADModel:165 - CPN selected for project level
2026-03-06 14:38:54,704 [INFO] CADModel:114 - Register for checkConnection events
2026-03-06 14:38:54,704 [FATAL] Updater:334 - Updater called before beeing initialized
2026-03-06 14:38:54,704 [ERROR] CADModel:125 - Updater not yet initialized, retry later 
2026-03-06 14:38:54,714 [FATAL] Updater:334 - Updater called before beeing initialized
2026-03-06 14:38:54,902 [FATAL] Updater:334 - Updater called before beeing initialized
2026-03-06 14:38:54,961 [INFO] DbMcusAds:53 - JSON generation date=Wed Feb 18 20:02:49 IST 2026 (1771425169371)
2026-03-06 14:38:54,961 [FATAL] Updater:334 - Updater called before beeing initialized
2026-03-06 14:38:55,275 [WARN] DetailPanel:346 - Failed to get advertising image, set to default
2026-03-06 14:38:55,497 [FATAL] Updater:334 - Updater called before beeing initialized
2026-03-06 14:38:55,500 [FATAL] Updater:334 - Updater called before beeing initialized
2026-03-06 14:38:55,500 [FATAL] Updater:334 - Updater called before beeing initialized
2026-03-06 14:38:55,500 [WARN] DetailPanel:346 - Failed to get advertising image, set to default
2026-03-06 14:38:55,502 [FATAL] Updater:334 - Updater called before beeing initialized
2026-03-06 14:38:55,745 [ERROR] Updater:1164 - MainUpdater not yet initialized. External WinMGr cannot be set.
2026-03-06 14:38:55,770 [INFO] Updater:1100 - Updater Version found : 6.12.1
2026-03-06 14:38:55,857 [INFO] ApplicationProperties:184 - Using Application install path: D:\Stm32cubeIDE\STM32CubeIDE_1.16.1\STM32CubeIDE\plugins\com.st.stm32cube.common.mx_6.12.1.202409122256
2026-03-06 14:38:56,135 [INFO] ThirdPartyUpdaterWithRetryManager:70 - Updater plugin not ready yet. [4/15]
2026-03-06 14:38:57,559 [ERROR] LogOutputStream:75 - [STDERR_REDIRECT] Mar 06, 2026 2:38:57 PM java.util.prefs.WindowsPreferences <init>
2026-03-06 14:38:57,561 [ERROR] LogOutputStream:75 - [STDERR_REDIRECT] WARNING: Could not open/create prefs root node Software\JavaSoft\Prefs at root 0xffffffff80000002. Windows RegCreateKeyEx(...) returned error code 5.
2026-03-06 14:38:57,561 [ERROR] LogOutputStream:75 - [STDERR_REDIRECT] 
2026-03-06 14:38:58,769 [INFO] MainUpdater:2873 - connection check result : 10
2026-03-06 14:38:58,772 [INFO] MainUpdater:290 - Updater Check For Update Now.
2026-03-06 14:38:58,772 [INFO] MicroXplorer:498 - Change Database Version : DB.6.0.121
2026-03-06 14:38:58,895 [INFO] McuFinderGlobals:63 - Set McuFinder mode to 2 (CubeIDE integrated)
2026-03-06 14:38:58,895 [INFO] UserAuth:179 - activating auth plugin
2026-03-06 14:38:58,907 [INFO] UserAuth:417 - Internet connection configuration mode: 1
2026-03-06 14:38:59,062 [INFO] JxBrowserEngine:152 - Initiate JxBrowser Engine with user profile folder
2026-03-06 14:38:59,084 [INFO] CheckServerUpdateThread:120 - End of CheckServer Thread
2026-03-06 14:38:59,811 [WARN] PackLoader:240 - Cannot read IP mode file for STMicroelectronics.X-CUBE-AZRTOS-H7.3.5.0
2026-03-06 14:38:59,845 [WARN] PackLoader:240 - Cannot read IP mode file for STMicroelectronics.FP-SNS-MOTENVWB1.1.4.0
2026-03-06 14:38:59,872 [WARN] PackLoader:240 - Cannot read IP mode file for STMicroelectronics.FP-ATR-ASTRA1.2.0.2
2026-03-06 14:38:59,904 [WARN] PackLoader:240 - Cannot read IP mode file for STMicroelectronics.X-CUBE-SMBUS.2.1.0
2026-03-06 14:38:59,961 [WARN] PackLoader:240 - Cannot read IP mode file for STMicroelectronics.X-CUBE-AZRTOS-F7.1.1.0
2026-03-06 14:38:59,994 [ERROR] Engine:466 - C:\Users\ASUS\.stm32cubemx\thirdparties\pdsc\STMicroelectronics.FP-SNS-MOTENV1.5.1.0.pdsc: PDSC version is not supported
2026-03-06 14:39:00,015 [ERROR] Engine:466 - C:\Users\ASUS\.stm32cubemx\thirdparties\pdsc\WES.I-CUBE-Cesium.1.4.0.pdsc: PDSC version is not supported
2026-03-06 14:39:00,077 [WARN] PackLoader:240 - Cannot read IP mode file for STMicroelectronics.X-CUBE-AZRTOS-H7.3.4.0
2026-03-06 14:39:00,127 [WARN] PackLoader:240 - Cannot read IP mode file for STMicroelectronics.X-CUBE-DISPLAY.3.0.0
2026-03-06 14:39:00,163 [ERROR] Engine:466 - C:\Users\ASUS\.stm32cubemx\thirdparties\pdsc\STMicroelectronics.FP-SNS-MOTENVWB1.1.5.0.pdsc: PDSC version is not supported
2026-03-06 14:39:00,219 [WARN] PackLoader:240 - Cannot read IP mode file for STMicroelectronics.X-CUBE-NFC10.1.0.0
2026-03-06 14:39:00,251 [ERROR] Engine:466 - C:\Users\ASUS\.stm32cubemx\thirdparties\pdsc\STMicroelectronics.X-CUBE-ST60.1.1.0.pdsc: PDSC version is not supported
2026-03-06 14:39:00,290 [WARN] PackLoader:240 - Cannot read IP mode file for emotas.I-CUBE-CANOPEN.1.3.0
2026-03-06 14:39:00,314 [WARN] PackLoader:240 - Cannot read IP mode file for STMicroelectronics.X-CUBE-GNSS1.7.1.0
2026-03-06 14:39:00,339 [ERROR] Engine:466 - C:\Users\ASUS\.stm32cubemx\thirdparties\pdsc\STMicroelectronics.FP-SNS-STBOX1.2.1.0.pdsc: PDSC version is not supported
2026-03-06 14:39:00,371 [WARN] PackLoader:240 - Cannot read IP mode file for STMicroelectronics.FP-SNS-SMARTAG2.1.2.0
2026-03-06 14:39:00,396 [ERROR] Engine:466 - C:\Users\ASUS\.stm32cubemx\thirdparties\pdsc\STMicroelectronics.FP-SNS-FLIGHT1.5.1.0.pdsc: PDSC version is not supported
2026-03-06 14:39:00,444 [INFO] LogOutputStream:77 - [STDOUT_REDIRECT] 1 : Invalid condition id : UX_CORESTACK_Condition cause : null
2026-03-06 14:39:00,445 [INFO] LogOutputStream:77 - [STDOUT_REDIRECT] 1 : Invalid condition id : UX_CORESTACK_Condition cause : null
2026-03-06 14:39:00,448 [INFO] LogOutputStream:77 - [STDOUT_REDIRECT] 1 : Invalid condition id : UX_CORESTACK_Condition cause : null
2026-03-06 14:39:00,451 [INFO] LogOutputStream:77 - [STDOUT_REDIRECT] 1 : Invalid condition id : UX_CORESTACK_Condition cause : null
2026-03-06 14:39:00,452 [INFO] LogOutputStream:77 - [STDOUT_REDIRECT] 1 : Invalid condition id : UX_CORESTACK_Condition cause : null
2026-03-06 14:39:00,456 [WARN] PackLoader:240 - Cannot read IP mode file for STMicroelectronics.X-CUBE-AZRTOS-WL.2.0.0
2026-03-06 14:39:00,511 [WARN] PackLoader:240 - Cannot read IP mode file for STMicroelectronics.X-CUBE-AZRTOS-H7RS.1.2.0
2026-03-06 14:39:00,543 [WARN] PackLoader:240 - Cannot read IP mode file for STMicroelectronics.X-CUBE-BLE2.3.3.0
2026-03-06 14:39:00,565 [ERROR] Engine:466 - C:\Users\ASUS\.stm32cubemx\thirdparties\pdsc\Avnet-IOTCONNECT.X-CUBE-iotc-st67-sdk.1.0.0.pdsc: PDSC version is not supported
2026-03-06 14:39:00,618 [WARN] PackLoader:240 - Cannot read IP mode file for Infineon.AIROC-Wi-Fi-Bluetooth-STM32.1.8.0
2026-03-06 14:39:00,659 [WARN] PackLoader:240 - Cannot read IP mode file for STMicroelectronics.X-CUBE-NFC9.1.0.0
2026-03-06 14:39:00,694 [WARN] PackLoader:240 - Cannot read IP mode file for STMicroelectronics.X-CUBE-BLE1.7.1.0
2026-03-06 14:39:00,727 [WARN] PackLoader:240 - Cannot read IP mode file for wolfSSL.I-CUBE-wolfMQTT.1.19.2
2026-03-06 14:39:00,754 [ERROR] Engine:466 - C:\Users\ASUS\.stm32cubemx\thirdparties\pdsc\STMicroelectronics.X-CUBE-FREERTOS.1.4.0.pdsc: PDSC version is not supported
2026-03-06 14:39:00,782 [WARN] PackLoader:240 - Cannot read IP mode file for STMicroelectronics.X-CUBE-EEPRMA1.5.2.0
2026-03-06 14:39:00,807 [WARN] PackLoader:240 - Cannot read IP mode file for wolfSSL.I-CUBE-wolfSSL.5.8.4
2026-03-06 14:39:00,843 [ERROR] Engine:466 - C:\Users\ASUS\.stm32cubemx\thirdparties\pdsc\Cesanta.I-CUBE-Mongoose.7.20.0.pdsc: PDSC version is not supported
2026-03-06 14:39:00,948 [WARN] PackLoader:240 - Cannot read IP mode file for STMicroelectronics.X-CUBE-MEMS1.12.0.0
2026-03-06 14:39:01,137 [WARN] PackLoader:240 - Cannot read IP mode file for STMicroelectronics.X-CUBE-AZRTOS-G0.1.1.0
2026-03-06 14:39:01,167 [WARN] PackLoader:240 - Cannot read IP mode file for STMicroelectronics.X-CUBE-NFC4.3.0.0
2026-03-06 14:39:01,198 [WARN] PackLoader:240 - Cannot read IP mode file for EmbeddedOffice.I-CUBE-FS-RTOS.1.0.1
2026-03-06 14:39:01,199 [ERROR] ConditionMgr:805 - Attr not supported : Dmpu
2026-03-06 14:39:01,199 [ERROR] ConditionMgr:805 - Attr not supported : Dmpu
2026-03-06 14:39:01,199 [ERROR] ConditionMgr:805 - Attr not supported : Dmpu
2026-03-06 14:39:01,199 [ERROR] ConditionMgr:805 - Attr not supported : Dmpu
2026-03-06 14:39:01,199 [ERROR] ConditionMgr:805 - Attr not supported : Dmpu
2026-03-06 14:39:01,199 [ERROR] ConditionMgr:805 - Attr not supported : Dmpu
2026-03-06 14:39:01,199 [ERROR] ConditionMgr:805 - Attr not supported : Dmpu
2026-03-06 14:39:01,199 [ERROR] ConditionMgr:805 - Attr not supported : Dmpu
2026-03-06 14:39:01,199 [ERROR] ConditionMgr:805 - Attr not supported : Dmpu
2026-03-06 14:39:01,199 [ERROR] ConditionMgr:805 - Attr not supported : Dmpu
2026-03-06 14:39:01,200 [ERROR] ConditionMgr:805 - Attr not supported : Dmpu
2026-03-06 14:39:01,200 [ERROR] ConditionMgr:805 - Attr not supported : Dmpu
2026-03-06 14:39:01,200 [ERROR] ConditionMgr:805 - Attr not supported : Dmpu
2026-03-06 14:39:01,200 [ERROR] ConditionMgr:805 - Attr not supported : Dmpu
2026-03-06 14:39:01,200 [ERROR] ConditionMgr:805 - Attr not supported : Dmpu
2026-03-06 14:39:01,200 [ERROR] ConditionMgr:805 - Attr not supported : Dmpu
2026-03-06 14:39:01,200 [ERROR] ConditionMgr:805 - Attr not supported : Dmpu
2026-03-06 14:39:01,200 [ERROR] ConditionMgr:805 - Attr not supported : Dmpu
2026-03-06 14:39:01,200 [ERROR] ConditionMgr:805 - Attr not supported : Dmpu
2026-03-06 14:39:01,200 [ERROR] ConditionMgr:805 - Attr not supported : Dmpu
2026-03-06 14:39:01,200 [ERROR] ConditionMgr:805 - Attr not supported : Dmpu
2026-03-06 14:39:01,200 [ERROR] ConditionMgr:805 - Attr not supported : Dmpu
2026-03-06 14:39:01,200 [ERROR] ConditionMgr:805 - Attr not supported : Dmpu
2026-03-06 14:39:01,200 [ERROR] ConditionMgr:805 - Attr not supported : Dmpu
2026-03-06 14:39:01,201 [ERROR] ConditionMgr:805 - Attr not supported : Dmpu
2026-03-06 14:39:01,201 [ERROR] ConditionMgr:805 - Attr not supported : Dmpu
2026-03-06 14:39:01,201 [ERROR] ConditionMgr:805 - Attr not supported : Dmpu
2026-03-06 14:39:01,201 [ERROR] ConditionMgr:805 - Attr not supported : Dmpu
2026-03-06 14:39:01,201 [ERROR] ConditionMgr:805 - Attr not supported : Dmpu
2026-03-06 14:39:01,201 [ERROR] ConditionMgr:805 - Attr not supported : Dmpu
2026-03-06 14:39:01,201 [ERROR] ConditionMgr:805 - Attr not supported : Dmpu
2026-03-06 14:39:01,201 [ERROR] ConditionMgr:805 - Attr not supported : Dmpu
2026-03-06 14:39:01,201 [ERROR] ConditionMgr:805 - Attr not supported : Dmpu
2026-03-06 14:39:01,201 [ERROR] ConditionMgr:805 - Attr not supported : Dmpu
2026-03-06 14:39:01,201 [ERROR] ConditionMgr:805 - Attr not supported : Dmpu
2026-03-06 14:39:01,201 [ERROR] ConditionMgr:805 - Attr not supported : Dmpu
2026-03-06 14:39:01,201 [ERROR] ConditionMgr:805 - Attr not supported : Dmpu
2026-03-06 14:39:01,201 [ERROR] ConditionMgr:805 - Attr not supported : Dmpu
2026-03-06 14:39:01,201 [ERROR] ConditionMgr:805 - Attr not supported : Dmpu
2026-03-06 14:39:01,201 [ERROR] ConditionMgr:805 - Attr not supported : Dmpu
2026-03-06 14:39:01,201 [ERROR] ConditionMgr:805 - Attr not supported : Dmpu
2026-03-06 14:39:01,201 [ERROR] ConditionMgr:805 - Attr not supported : Dmpu
2026-03-06 14:39:01,201 [ERROR] ConditionMgr:805 - Attr not supported : Dmpu
2026-03-06 14:39:01,201 [ERROR] ConditionMgr:805 - Attr not supported : Dmpu
2026-03-06 14:39:01,201 [ERROR] ConditionMgr:805 - Attr not supported : Dmpu
2026-03-06 14:39:01,201 [ERROR] ConditionMgr:805 - Attr not supported : Dmpu
2026-03-06 14:39:01,203 [ERROR] ConditionMgr:805 - Attr not supported : Dmpu
2026-03-06 14:39:01,203 [ERROR] ConditionMgr:805 - Attr not supported : Dmpu
2026-03-06 14:39:01,203 [ERROR] ConditionMgr:805 - Attr not supported : Dmpu
2026-03-06 14:39:01,203 [ERROR] ConditionMgr:805 - Attr not supported : Dmpu
2026-03-06 14:39:01,203 [ERROR] ConditionMgr:805 - Attr not supported : Dmpu
2026-03-06 14:39:01,203 [ERROR] ConditionMgr:805 - Attr not supported : Dmpu
2026-03-06 14:39:01,203 [ERROR] ConditionMgr:805 - Attr not supported : Dmpu
2026-03-06 14:39:01,203 [ERROR] ConditionMgr:805 - Attr not supported : Dmpu
2026-03-06 14:39:01,203 [ERROR] ConditionMgr:805 - Attr not supported : Dmpu
2026-03-06 14:39:01,203 [ERROR] ConditionMgr:805 - Attr not supported : Dmpu
2026-03-06 14:39:01,203 [ERROR] ConditionMgr:805 - Attr not supported : Dmpu
2026-03-06 14:39:01,203 [ERROR] ConditionMgr:805 - Attr not supported : Dmpu
2026-03-06 14:39:01,203 [ERROR] ConditionMgr:805 - Attr not supported : Dmpu
2026-03-06 14:39:01,203 [ERROR] ConditionMgr:805 - Attr not supported : Dmpu
2026-03-06 14:39:01,203 [ERROR] ConditionMgr:805 - Attr not supported : Dmpu
2026-03-06 14:39:01,203 [ERROR] ConditionMgr:805 - Attr not supported : Dmpu
2026-03-06 14:39:01,204 [ERROR] ConditionMgr:805 - Attr not supported : Dmpu
2026-03-06 14:39:01,204 [ERROR] ConditionMgr:805 - Attr not supported : Dmpu
2026-03-06 14:39:01,232 [WARN] PackLoader:240 - Cannot read IP mode file for STMicroelectronics.X-CUBE-WB05N.2.0.0
2026-03-06 14:39:01,251 [WARN] PackLoader:240 - Cannot read IP mode file for wolfSSL.I-CUBE-wolfTPM.3.8.0
2026-03-06 14:39:01,269 [ERROR] Engine:466 - C:\Users\ASUS\.stm32cubemx\thirdparties\pdsc\STMicroelectronics.X-CUBE-TCPP.4.2.0.pdsc: PDSC version is not supported
2026-03-06 14:39:01,295 [WARN] PackLoader:240 - Cannot read IP mode file for RealThread.X-CUBE-RT-Thread_Nano.4.1.1
2026-03-06 14:39:01,319 [WARN] PackLoader:240 - Cannot read IP mode file for STMicroelectronics.FP-ATR-SIGFOX1.3.2.0
2026-03-06 14:39:01,339 [ERROR] Engine:466 - C:\Users\ASUS\.stm32cubemx\thirdparties\pdsc\STMicroelectronics.X-CUBE-FREERTOS.1.5.0.pdsc: PDSC version is not supported
2026-03-06 14:39:01,366 [WARN] PackLoader:240 - Cannot read IP mode file for ITTIA_DB.I-CUBE-ITTIADB.8.9.0
2026-03-06 14:39:01,393 [WARN] PackLoader:240 - Cannot read IP mode file for STMicroelectronics.X-CUBE-NFC6.3.2.0
2026-03-06 14:39:01,426 [WARN] PackLoader:240 - Cannot read IP mode file for STMicroelectronics.X-CUBE-AI.10.2.0
2026-03-06 14:39:01,496 [WARN] PackLoader:240 - Cannot read IP mode file for SEGGER.I-CUBE-embOS.1.3.1
2026-03-06 14:39:01,565 [WARN] PackLoader:240 - Cannot read IP mode file for STMicroelectronics.X-CUBE-ALGOBUILD.1.4.0
2026-03-06 14:39:01,593 [WARN] PackLoader:240 - Cannot read IP mode file for STMicroelectronics.X-CUBE-PM33A1.1.0.0
2026-03-06 14:39:01,640 [WARN] PackLoader:240 - Cannot read IP mode file for STMicroelectronics.X-CUBE-AZRTOS-F4.1.1.0
2026-03-06 14:39:01,673 [WARN] PackLoader:240 - Cannot read IP mode file for STMicroelectronics.X-CUBE-ISPU.2.1.0
2026-03-06 14:39:01,713 [ERROR] Engine:466 - C:\Users\ASUS\.stm32cubemx\thirdparties\pdsc\STMicroelectronics.X-CUBE-IPS.3.2.0.pdsc: PDSC version is not supported
2026-03-06 14:39:01,745 [WARN] PackLoader:240 - Cannot read IP mode file for STMicroelectronics.X-CUBE-NFC12.1.0.0
2026-03-06 14:39:01,816 [WARN] PackLoader:240 - Cannot read IP mode file for STMicroelectronics.X-CUBE-AZRTOS-L5.2.0.0
2026-03-06 14:39:01,897 [WARN] PackLoader:240 - Cannot read IP mode file for STMicroelectronics.X-CUBE-TOUCHGFX.4.26.0
2026-03-06 14:39:01,940 [WARN] PackLoader:240 - Cannot read IP mode file for STMicroelectronics.X-CUBE-TOUCHGFX.4.26.1
2026-03-06 14:39:01,981 [ERROR] Engine:466 - C:\Users\ASUS\.stm32cubemx\thirdparties\pdsc\STMicroelectronics.FP-SNS-STAIOTCFT.1.0.0.pdsc: PDSC version is not supported
2026-03-06 14:39:02,022 [WARN] PackLoader:240 - Cannot read IP mode file for STMicroelectronics.X-CUBE-DPower.1.3.0
2026-03-06 14:39:02,098 [WARN] ConditionMgr:438 - getConditionDescription Invalid condition id : LAN8742 Phy interface Condition cause : null
2026-03-06 14:39:02,099 [WARN] PackLoader:240 - Cannot read IP mode file for STMicroelectronics.X-CUBE-AZRTOS-L4.2.0.0
2026-03-06 14:39:02,102 [WARN] ConditionMgr:1039 - genDependencies : Invalid condition id : LAN8742 Phy interface Condition cause : null
2026-03-06 14:39:02,103 [WARN] ConditionMgr:1039 - genDependencies : Invalid condition id : LAN8742 Phy interface Condition cause : null
2026-03-06 14:39:02,104 [WARN] ConditionMgr:1039 - genDependencies : Invalid condition id : LAN8742 Phy interface Condition cause : null
2026-03-06 14:39:02,141 [WARN] PackLoader:240 - Cannot read IP mode file for STMicroelectronics.X-CUBE-SFXS2LP1.4.0.0
2026-03-06 14:39:02,179 [ERROR] Engine:466 - C:\Users\ASUS\.stm32cubemx\thirdparties\pdsc\STMicroelectronics.X-CUBE-ST67W61.1.2.0.pdsc: PDSC version is not supported
2026-03-06 14:39:02,253 [ERROR] Engine:466 - C:\Users\ASUS\.stm32cubemx\thirdparties\pdsc\STMicroelectronics.X-CUBE-BLEMGR.4.1.0.pdsc: PDSC version is not supported
2026-03-06 14:39:02,324 [WARN] ConditionMgr:438 - getConditionDescription Invalid condition id : UX DEVICE CLASS RTOS Condition cause : null
2026-03-06 14:39:02,325 [WARN] ConditionMgr:438 - getConditionDescription Invalid condition id : UX DEVICE CLASS RTOS Condition cause : null
2026-03-06 14:39:02,328 [WARN] PackLoader:240 - Cannot read IP mode file for STMicroelectronics.X-CUBE-AZRTOS-WB.2.0.0
2026-03-06 14:39:02,330 [WARN] ConditionMgr:1039 - genDependencies : Invalid condition id : UX DEVICE CLASS RTOS Condition cause : null
2026-03-06 14:39:02,330 [WARN] ConditionMgr:1039 - genDependencies : Invalid condition id : UX DEVICE CLASS RTOS Condition cause : null
2026-03-06 14:39:02,331 [WARN] ConditionMgr:1039 - genDependencies : Invalid condition id : UX DEVICE CLASS RTOS Condition cause : null
2026-03-06 14:39:02,332 [WARN] ConditionMgr:1039 - genDependencies : Invalid condition id : UX DEVICE CLASS RTOS Condition cause : null
2026-03-06 14:39:02,332 [WARN] ConditionMgr:1039 - genDependencies : Invalid condition id : UX DEVICE CLASS RTOS Condition cause : null
2026-03-06 14:39:02,365 [WARN] ConditionMgr:438 - getConditionDescription Invalid condition id : Cortex-A Device cause : null
2026-03-06 14:39:02,479 [WARN] ConditionMgr:1039 - genDependencies : Invalid condition id : Cortex-A Device cause : null
2026-03-06 14:39:02,479 [WARN] ConditionMgr:1039 - genDependencies : Invalid condition id : Cortex-A Device cause : null
2026-03-06 14:39:02,479 [WARN] ConditionMgr:1039 - genDependencies : Invalid condition id : Cortex-A Device cause : null
2026-03-06 14:39:02,517 [WARN] PackLoader:240 - Cannot read IP mode file for STMicroelectronics.X-CUBE-STSE01.2.0.0
2026-03-06 14:39:02,558 [WARN] PackLoader:240 - Cannot read IP mode file for STMicroelectronics.X-CUBE-SUBG2.5.0.0
2026-03-06 14:39:02,616 [WARN] PackLoader:240 - Cannot read IP mode file for STMicroelectronics.X-CUBE-AZRTOS-G4.2.0.0
2026-03-06 14:39:02,644 [WARN] PackLoader:240 - Cannot read IP mode file for wolfSSL.I-CUBE-wolfSSH.1.4.20
2026-03-06 14:39:02,670 [WARN] PackLoader:240 - Cannot read IP mode file for STMicroelectronics.X-CUBE-NFC7.2.0.0
2026-03-06 14:39:02,709 [WARN] PackLoader:240 - Cannot read IP mode file for STMicroelectronics.X-CUBE-ALS.1.0.2
2026-03-06 14:39:02,743 [ERROR] Engine:466 - C:\Users\ASUS\.stm32cubemx\thirdparties\pdsc\STMicroelectronics.X-CUBE-TOF1.3.4.3.pdsc: PDSC version is not supported
2026-03-06 14:39:02,744 [INFO] ThirdParty:978 - Integrity check success = true
2026-03-06 14:39:02,744 [INFO] IntegrityCheckThread:100 - exiting critical section [integrity check]
2026-03-06 14:39:02,744 [INFO] IntegrityCheckThread:103 - End integrity checks thread
2026-03-06 14:39:07,264 [INFO] WebApp:167 - Instantiating new browser for Auth
2026-03-06 14:39:10,259 [INFO] WebApp:448 - Apply proxy settings
2026-03-06 14:39:10,259 [INFO] WebApp:533 - Chromium requires no authentication
2026-03-06 14:39:10,301 [INFO] WebApp:476 - Direct internet connection detected
2026-03-06 14:39:10,381 [INFO] WebApp:869 - Register for checkConnection events
2026-03-06 14:39:10,382 [INFO] WebApp:448 - Apply proxy settings
2026-03-06 14:39:10,382 [INFO] WebApp:533 - Chromium requires no authentication
2026-03-06 14:39:10,383 [INFO] WebApp:476 - Direct internet connection detected
2026-03-06 14:39:11,450 [INFO] WebApp:186 - Connection restablished
2026-03-06 14:39:11,516 [INFO] WebApp:220 - Starting web application
2026-03-06 14:39:11,516 [INFO] WebApp:578 - Web application path used D:\Stm32cubeIDE\STM32CubeIDE_1.16.1\STM32CubeIDE\plugins\com.st.stm32cube.common.mx_6.12.1.202409122256\db\plugins\mcufinder\reactClient1\index.html
2026-03-06 15:04:37,845 [INFO] WebApp:189 - Connection lost
2026-03-06 15:38:35,994 [INFO] WebApp:186 - Connection restablished
2026-03-06 17:15:18,833 [ERROR] LogOutputStream:75 - [STDERR_REDIRECT] 
