2026-03-12 13:35:57,046 [INFO] Activator:176 - 


2026-03-12 13:35:57,085 [INFO] Activator:177 - !SESSION log4j initialized
2026-03-12 13:36:14,680 [INFO] LogOutputStream:77 - [STDOUT_REDIRECT] 
2026-03-12 13:36:20,417 [INFO] ApplicationProperties:184 - Using Application install path: D:\Stm32cubeIDE\STM32CubeIDE_1.16.1\STM32CubeIDE\plugins\com.st.stm32cube.common.mx_6.12.1.202409122256
2026-03-12 13:36:20,504 [INFO] DbMcusXml:78 - Set database path to: D:\Stm32cubeIDE\STM32CubeIDE_1.16.1\STM32CubeIDE\plugins\com.st.stm32cube.common.mx_6.12.1.202409122256\\db\/mcu/
2026-03-12 13:36:20,505 [INFO] ApiDb:274 - Set plugin database path to: D:\Stm32cubeIDE\STM32CubeIDE_1.16.1\STM32CubeIDE\plugins\com.st.stm32cube.common.mx_6.12.1.202409122256\\db\/plugins/boardmanager/
2026-03-12 13:36:20,506 [WARN] ApiDb:259 - Overriding images path with different value:  => D:\Stm32cubeIDE\STM32CubeIDE_1.16.1\STM32CubeIDE\plugins\com.st.stm32cube.common.mx_6.12.1.202409122256\\db\/plugins/mcufinder/images/
2026-03-12 13:36:20,767 [INFO] ApiDb:250 - Set database path to: C:\Users\ASUS\.stmcufinder\plugins\mcufinder//mcu/
2026-03-12 13:36:20,769 [INFO] DbMcusAds:125 - Set database path to: C:\Users\ASUS\.stmcufinder\plugins\mcufinder//mcu/
2026-03-12 13:36:20,774 [INFO] CrossReferenceDbSqlite:203 - Set database path to: C:\Users\ASUS\.stmcufinder\plugins\mcufinder//mcu/cs/
2026-03-12 13:36:21,027 [INFO] RulesReader:64 - Compatibility file has been processed (297 Rules)
2026-03-12 13:36:21,241 [INFO] DbMcusXml:78 - Set database path to: D:\Stm32cubeIDE\STM32CubeIDE_1.16.1\STM32CubeIDE\plugins\com.st.stm32cube.common.mx_6.12.1.202409122256\\db\/mcu/
2026-03-12 13:36:21,241 [INFO] ApiDb:274 - Set plugin database path to: D:\Stm32cubeIDE\STM32CubeIDE_1.16.1\STM32CubeIDE\plugins\com.st.stm32cube.common.mx_6.12.1.202409122256\\db\/plugins/boardmanager/
2026-03-12 13:36:21,241 [INFO] ApiDb:261 - Set plugin images path to: D:\Stm32cubeIDE\STM32CubeIDE_1.16.1\STM32CubeIDE\plugins\com.st.stm32cube.common.mx_6.12.1.202409122256\\db\/plugins/mcufinder/images/
2026-03-12 13:36:21,242 [WARN] DbFile:41 - Overriding database path with different value: C:\Users\ASUS\.stmcufinder\plugins\mcufinder/ => C:\Users\ASUS\.stmcufinder\plugins\mcufinder
2026-03-12 13:36:21,242 [INFO] ApiDb:250 - Set database path to: C:\Users\ASUS\.stmcufinder\plugins\mcufinder//mcu/
2026-03-12 13:36:21,242 [WARN] DbFile:41 - Overriding database path with different value: C:\Users\ASUS\.stmcufinder\plugins\mcufinder/ => C:\Users\ASUS\.stmcufinder\plugins\mcufinder
2026-03-12 13:36:21,242 [INFO] DbMcusAds:125 - Set database path to: C:\Users\ASUS\.stmcufinder\plugins\mcufinder//mcu/
2026-03-12 13:36:21,242 [WARN] DbFile:41 - Overriding database path with different value: C:\Users\ASUS\.stmcufinder\plugins\mcufinder/ => C:\Users\ASUS\.stmcufinder\plugins\mcufinder
2026-03-12 13:36:21,242 [WARN] DbFile:41 - Overriding database path with different value: C:\Users\ASUS\.stmcufinder\plugins\mcufinder/ => C:\Users\ASUS\.stmcufinder\plugins\mcufinder
2026-03-12 13:36:21,242 [INFO] CrossReferenceDbSqlite:203 - Set database path to: C:\Users\ASUS\.stmcufinder\plugins\mcufinder//mcu/cs/
2026-03-12 13:36:21,433 [INFO] MainPanel:268 - HeapMemory: 268435456
2026-03-12 13:36:21,719 [INFO] DbMcusXml:78 - Set database path to: D:\Stm32cubeIDE\STM32CubeIDE_1.16.1\STM32CubeIDE\plugins\com.st.stm32cube.common.mx_6.12.1.202409122256\\db\/mcu/
2026-03-12 13:36:21,719 [INFO] ApiDb:274 - Set plugin database path to: D:\Stm32cubeIDE\STM32CubeIDE_1.16.1\STM32CubeIDE\plugins\com.st.stm32cube.common.mx_6.12.1.202409122256\\db\/plugins/boardmanager/
2026-03-12 13:36:21,719 [INFO] ApiDb:261 - Set plugin images path to: D:\Stm32cubeIDE\STM32CubeIDE_1.16.1\STM32CubeIDE\plugins\com.st.stm32cube.common.mx_6.12.1.202409122256\\db\/plugins/mcufinder/images/
2026-03-12 13:36:21,719 [WARN] DbFile:41 - Overriding database path with different value: C:\Users\ASUS\.stmcufinder\plugins\mcufinder/ => C:\Users\ASUS\.stmcufinder\plugins\mcufinder
2026-03-12 13:36:21,719 [INFO] ApiDb:250 - Set database path to: C:\Users\ASUS\.stmcufinder\plugins\mcufinder//mcu/
2026-03-12 13:36:21,719 [WARN] DbFile:41 - Overriding database path with different value: C:\Users\ASUS\.stmcufinder\plugins\mcufinder/ => C:\Users\ASUS\.stmcufinder\plugins\mcufinder
2026-03-12 13:36:21,720 [INFO] DbMcusAds:125 - Set database path to: C:\Users\ASUS\.stmcufinder\plugins\mcufinder//mcu/
2026-03-12 13:36:21,720 [WARN] DbFile:41 - Overriding database path with different value: C:\Users\ASUS\.stmcufinder\plugins\mcufinder/ => C:\Users\ASUS\.stmcufinder\plugins\mcufinder
2026-03-12 13:36:21,720 [WARN] DbFile:41 - Overriding database path with different value: C:\Users\ASUS\.stmcufinder\plugins\mcufinder/ => C:\Users\ASUS\.stmcufinder\plugins\mcufinder
2026-03-12 13:36:21,720 [INFO] CrossReferenceDbSqlite:203 - Set database path to: C:\Users\ASUS\.stmcufinder\plugins\mcufinder//mcu/cs/
2026-03-12 13:36:21,789 [INFO] ApplicationProperties:184 - Using Application install path: D:\Stm32cubeIDE\STM32CubeIDE_1.16.1\STM32CubeIDE\plugins\com.st.stm32cube.common.mx_6.12.1.202409122256
2026-03-12 13:36:21,791 [INFO] PluginManage:196 - Search for loadable plugins [exclusion list=, ]
2026-03-12 13:36:21,794 [INFO] PluginManage:310 - Check plugin analytics
2026-03-12 13:36:22,143 [INFO] AnalyticsPlugin:253 - Accepted Software Licenses: STM32CubeMX.6.16.0
2026-03-12 13:36:22,144 [INFO] AnalyticsPlugin:255 - Accepted CMSIS Pack Licenses: 
2026-03-12 13:36:22,144 [INFO] AnalyticsPlugin:257 - Accepted Firmware Licenses: FW.H7.1.11.0
2026-03-12 13:36:22,147 [INFO] PluginManage:359 - Loaded plugin analytics (category:tool,tabindex:-1)
2026-03-12 13:36:22,147 [INFO] PluginManage:310 - Check plugin cadmodel
2026-03-12 13:36:22,240 [INFO] CADModel:105 - Init CAD model plugin
2026-03-12 13:36:22,240 [INFO] PluginManage:359 - Loaded plugin cadmodel (category:power,tabindex:5)
2026-03-12 13:36:22,240 [INFO] PluginManage:310 - Check plugin clock
2026-03-12 13:36:22,290 [INFO] PluginManage:359 - Loaded plugin clock (category:base,tabindex:2)
2026-03-12 13:36:22,291 [INFO] PluginManage:310 - Check plugin ddr
2026-03-12 13:36:22,296 [INFO] PluginManage:359 - Loaded plugin ddr (category:tool,tabindex:6)
2026-03-12 13:36:22,296 [INFO] PluginManage:310 - Check plugin filemanager
2026-03-12 13:36:23,110 [INFO] PluginManage:359 - Loaded plugin filemanager (category:base,tabindex:10)
2026-03-12 13:36:23,110 [INFO] PluginManage:310 - Check plugin ipmanager
2026-03-12 13:36:23,146 [INFO] PluginManage:359 - Loaded plugin ipmanager (category:base,tabindex:5)
2026-03-12 13:36:23,146 [INFO] PluginManage:310 - Check plugin lpbam
2026-03-12 13:36:23,168 [INFO] PluginManage:359 - Loaded plugin lpbam (category:base,tabindex:0)
2026-03-12 13:36:23,168 [INFO] PluginManage:310 - Check plugin memorymap
2026-03-12 13:36:23,220 [INFO] PluginManage:359 - Loaded plugin memorymap (category:base,tabindex:4)
2026-03-12 13:36:23,221 [INFO] PluginManage:310 - Check plugin pinoutandconfiguration
2026-03-12 13:36:23,256 [INFO] PluginManage:359 - Loaded plugin pinoutandconfiguration (category:base,tabindex:1)
2026-03-12 13:36:23,256 [INFO] PluginManage:310 - Check plugin pinoutconfig
2026-03-12 13:36:23,450 [WARN] SupportedApi:132 - Cannot load RTOS API schema: s4s-elt-must-match.1: The content of 'definitions' must match (annotation?, (simpleType | complexType)?, (unique | key | keyref)*)). A problem was found starting at: attribute.
2026-03-12 13:36:23,748 [INFO] PluginManage:359 - Loaded plugin pinoutconfig (category:base,tabindex:0)
2026-03-12 13:36:23,748 [INFO] PluginManage:310 - Check plugin power
2026-03-12 13:36:23,809 [INFO] PluginManage:359 - Loaded plugin power (category:power,tabindex:4)
2026-03-12 13:36:23,809 [INFO] PluginManage:310 - Check plugin projectmanager
2026-03-12 13:36:23,843 [INFO] PluginManage:359 - Loaded plugin projectmanager (category:projectmanager,tabindex:4)
2026-03-12 13:36:23,843 [INFO] PluginManage:310 - Check plugin rif
2026-03-12 13:36:23,893 [INFO] PluginManage:359 - Loaded plugin rif (category:base,tabindex:3)
2026-03-12 13:36:23,893 [INFO] PluginManage:310 - Check plugin thirdparty
2026-03-12 13:36:24,742 [INFO] PluginManage:359 - Loaded plugin thirdparty (category:base,tabindex:-1)
2026-03-12 13:36:24,742 [WARN] IntegrityCheckThread:84 - waiting for thirdparty lock release [integrity check]
2026-03-12 13:36:24,742 [INFO] PluginManage:310 - Check plugin tools
2026-03-12 13:36:24,742 [INFO] IntegrityCheckThread:86 - entering critical section [integrity check]
2026-03-12 13:36:24,743 [INFO] ThirdPartyUpdaterWithRetryManager:70 - Updater plugin not ready yet. [1/15]
2026-03-12 13:36:24,799 [INFO] PluginManage:359 - Loaded plugin tools (category:base,tabindex:7)
2026-03-12 13:36:24,799 [INFO] PluginManage:310 - Check plugin tutovideos
2026-03-12 13:36:25,629 [INFO] PluginManage:359 - Loaded plugin tutovideos (category:base,tabindex:-1)
2026-03-12 13:36:25,629 [INFO] PluginManage:310 - Check plugin updater
2026-03-12 13:36:25,663 [INFO] PluginManage:359 - Loaded plugin updater (category:base,tabindex:12)
2026-03-12 13:36:25,663 [INFO] PluginManage:310 - Check plugin userauth
2026-03-12 13:36:25,704 [INFO] UserAuth:113 - Init User Auth plugin
2026-03-12 13:36:25,704 [INFO] PluginManage:359 - Loaded plugin userauth (category:base,tabindex:14)
2026-03-12 13:36:25,705 [INFO] PluginManage:283 - PluginManage : Loaded plugins [18]
2026-03-12 13:36:26,355 [INFO] PinOutPanel:1561 - setPackage(No Configuration,No Configuration)
2026-03-12 13:36:26,638 [INFO] CADModel:165 - CPN selected for project level
2026-03-12 13:36:26,638 [INFO] CADModel:114 - Register for checkConnection events
2026-03-12 13:36:26,709 [INFO] IPUIPlugin:80 - create IPUIPlugin
2026-03-12 13:36:26,709 [INFO] PluginManager:220 - loadIPPluginJar : add adc
2026-03-12 13:36:26,811 [INFO] IPUIPlugin:80 - create IPUIPlugin
2026-03-12 13:36:26,812 [INFO] PluginManager:220 - loadIPPluginJar : add aes
2026-03-12 13:36:26,880 [INFO] IPUIPlugin:80 - create IPUIPlugin
2026-03-12 13:36:26,880 [INFO] PluginManager:220 - loadIPPluginJar : add can
2026-03-12 13:36:26,925 [INFO] IPUIPlugin:80 - create IPUIPlugin
2026-03-12 13:36:26,925 [INFO] PluginManager:220 - loadIPPluginJar : add comp
2026-03-12 13:36:26,980 [INFO] IPUIPlugin:80 - create IPUIPlugin
2026-03-12 13:36:26,980 [INFO] PluginManager:220 - loadIPPluginJar : add cryp
2026-03-12 13:36:27,029 [INFO] IPUIPlugin:80 - create IPUIPlugin
2026-03-12 13:36:27,029 [INFO] PluginManager:220 - loadIPPluginJar : add ddr_ctrl_phy
2026-03-12 13:36:27,082 [INFO] IPUIPlugin:80 - create IPUIPlugin
2026-03-12 13:36:27,083 [INFO] PluginManager:220 - loadIPPluginJar : add dfsdm
2026-03-12 13:36:27,188 [INFO] IPUIPlugin:80 - create IPUIPlugin
2026-03-12 13:36:27,189 [INFO] PluginManager:220 - loadIPPluginJar : add dma
2026-03-12 13:36:27,375 [INFO] IPUIPlugin:80 - create IPUIPlugin
2026-03-12 13:36:27,375 [INFO] PluginManager:220 - loadIPPluginJar : add dma3
2026-03-12 13:36:27,516 [INFO] IPUIPlugin:80 - create IPUIPlugin
2026-03-12 13:36:27,516 [INFO] PluginManager:220 - loadIPPluginJar : add extmemmanager
2026-03-12 13:36:27,550 [INFO] IPUIPlugin:80 - create IPUIPlugin
2026-03-12 13:36:27,550 [INFO] PluginManager:220 - loadIPPluginJar : add fatfs
2026-03-12 13:36:27,635 [INFO] IPUIPlugin:80 - create IPUIPlugin
2026-03-12 13:36:27,635 [INFO] PluginManager:220 - loadIPPluginJar : add fmc
2026-03-12 13:36:27,671 [INFO] IPUIPlugin:80 - create IPUIPlugin
2026-03-12 13:36:27,672 [INFO] PluginManager:220 - loadIPPluginJar : add freertos
2026-03-12 13:36:27,711 [INFO] IPUIPlugin:80 - create IPUIPlugin
2026-03-12 13:36:27,711 [INFO] PluginManager:220 - loadIPPluginJar : add genericplugin
2026-03-12 13:36:27,744 [INFO] ThirdPartyUpdaterWithRetryManager:70 - Updater plugin not ready yet. [2/15]
2026-03-12 13:36:27,848 [INFO] IPUIPlugin:80 - create IPUIPlugin
2026-03-12 13:36:27,848 [INFO] PluginManager:220 - loadIPPluginJar : add gfxmmu
2026-03-12 13:36:28,014 [INFO] IPUIPlugin:80 - create IPUIPlugin
2026-03-12 13:36:28,015 [INFO] PluginManager:220 - loadIPPluginJar : add gic
2026-03-12 13:36:28,044 [INFO] IPUIPlugin:80 - create IPUIPlugin
2026-03-12 13:36:28,044 [INFO] PluginManager:220 - loadIPPluginJar : add gpio
2026-03-12 13:36:28,168 [INFO] IPUIPlugin:80 - create IPUIPlugin
2026-03-12 13:36:28,169 [INFO] PluginManager:220 - loadIPPluginJar : add gtzc
2026-03-12 13:36:28,223 [INFO] IPUIPlugin:80 - create IPUIPlugin
2026-03-12 13:36:28,223 [INFO] PluginManager:220 - loadIPPluginJar : add hash
2026-03-12 13:36:28,301 [INFO] IPUIPlugin:80 - create IPUIPlugin
2026-03-12 13:36:28,301 [INFO] PluginManager:220 - loadIPPluginJar : add i2c
2026-03-12 13:36:28,360 [INFO] IPUIPlugin:80 - create IPUIPlugin
2026-03-12 13:36:28,360 [INFO] PluginManager:220 - loadIPPluginJar : add i2s
2026-03-12 13:36:28,406 [INFO] IPUIPlugin:80 - create IPUIPlugin
2026-03-12 13:36:28,406 [INFO] PluginManager:220 - loadIPPluginJar : add i3c
2026-03-12 13:36:28,516 [INFO] IPUIPlugin:80 - create IPUIPlugin
2026-03-12 13:36:28,516 [INFO] PluginManager:220 - loadIPPluginJar : add ipddr
2026-03-12 13:36:28,654 [INFO] IPUIPlugin:80 - create IPUIPlugin
2026-03-12 13:36:28,655 [INFO] PluginManager:220 - loadIPPluginJar : add linkedlist
2026-03-12 13:36:28,713 [INFO] IPUIPlugin:80 - create IPUIPlugin
2026-03-12 13:36:28,713 [INFO] PluginManager:220 - loadIPPluginJar : add lorawan
2026-03-12 13:36:28,782 [INFO] IPUIPlugin:80 - create IPUIPlugin
2026-03-12 13:36:28,783 [INFO] PluginManager:220 - loadIPPluginJar : add ltdc
2026-03-12 13:36:28,822 [INFO] IPUIPlugin:80 - create IPUIPlugin
2026-03-12 13:36:28,822 [INFO] PluginManager:220 - loadIPPluginJar : add mdma
2026-03-12 13:36:28,853 [INFO] IPUIPlugin:80 - create IPUIPlugin
2026-03-12 13:36:28,853 [INFO] PluginManager:220 - loadIPPluginJar : add nvic
2026-03-12 13:36:28,915 [INFO] IPUIPlugin:80 - create IPUIPlugin
2026-03-12 13:36:28,916 [INFO] PluginManager:220 - loadIPPluginJar : add opamp
2026-03-12 13:36:29,004 [INFO] IPUIPlugin:80 - create IPUIPlugin
2026-03-12 13:36:29,004 [INFO] PluginManager:220 - loadIPPluginJar : add openamp
2026-03-12 13:36:29,089 [INFO] IPUIPlugin:80 - create IPUIPlugin
2026-03-12 13:36:29,089 [INFO] PluginManager:220 - loadIPPluginJar : add pdm2pcm
2026-03-12 13:36:29,126 [INFO] IPUIPlugin:80 - create IPUIPlugin
2026-03-12 13:36:29,128 [INFO] PluginManager:220 - loadIPPluginJar : add plateformsettings
2026-03-12 13:36:29,169 [INFO] IPUIPlugin:80 - create IPUIPlugin
2026-03-12 13:36:29,169 [INFO] PluginManager:220 - loadIPPluginJar : add quadspi
2026-03-12 13:36:29,203 [INFO] IPUIPlugin:80 - create IPUIPlugin
2026-03-12 13:36:29,203 [INFO] PluginManager:220 - loadIPPluginJar : add radio
2026-03-12 13:36:29,229 [INFO] IPUIPlugin:80 - create IPUIPlugin
2026-03-12 13:36:29,229 [INFO] PluginManager:220 - loadIPPluginJar : add resmgrutility
2026-03-12 13:36:29,283 [INFO] IPUIPlugin:80 - create IPUIPlugin
2026-03-12 13:36:29,284 [INFO] PluginManager:220 - loadIPPluginJar : add sai
2026-03-12 13:36:29,340 [INFO] IPUIPlugin:80 - create IPUIPlugin
2026-03-12 13:36:29,340 [INFO] PluginManager:220 - loadIPPluginJar : add spi
2026-03-12 13:36:29,423 [INFO] IPUIPlugin:80 - create IPUIPlugin
2026-03-12 13:36:29,423 [INFO] PluginManager:220 - loadIPPluginJar : add stm32_wpan
2026-03-12 13:36:29,468 [INFO] IPUIPlugin:80 - create IPUIPlugin
2026-03-12 13:36:29,468 [INFO] PluginManager:220 - loadIPPluginJar : add tim
2026-03-12 13:36:29,549 [INFO] IPUIPlugin:80 - create IPUIPlugin
2026-03-12 13:36:29,549 [INFO] PluginManager:220 - loadIPPluginJar : add touchsensing
2026-03-12 13:36:29,596 [INFO] IPUIPlugin:80 - create IPUIPlugin
2026-03-12 13:36:29,596 [INFO] PluginManager:220 - loadIPPluginJar : add tracer_emb
2026-03-12 13:36:29,652 [INFO] IPUIPlugin:80 - create IPUIPlugin
2026-03-12 13:36:29,653 [INFO] PluginManager:220 - loadIPPluginJar : add ts
2026-03-12 13:36:29,713 [INFO] IPUIPlugin:80 - create IPUIPlugin
2026-03-12 13:36:29,713 [INFO] PluginManager:220 - loadIPPluginJar : add tsc
2026-03-12 13:36:29,741 [INFO] IPUIPlugin:80 - create IPUIPlugin
2026-03-12 13:36:29,741 [INFO] PluginManager:220 - loadIPPluginJar : add ucpd
2026-03-12 13:36:29,794 [INFO] IPUIPlugin:80 - create IPUIPlugin
2026-03-12 13:36:29,809 [INFO] PluginManager:220 - loadIPPluginJar : add usart
2026-03-12 13:36:29,877 [INFO] IPUIPlugin:80 - create IPUIPlugin
2026-03-12 13:36:29,877 [INFO] PluginManager:220 - loadIPPluginJar : add usbx
2026-03-12 13:36:30,094 [INFO] CADModel:165 - CPN selected for project level
2026-03-12 13:36:30,094 [INFO] CADModel:114 - Register for checkConnection events
2026-03-12 13:36:30,095 [FATAL] Updater:334 - Updater called before beeing initialized
2026-03-12 13:36:30,095 [ERROR] CADModel:125 - Updater not yet initialized, retry later 
2026-03-12 13:36:30,571 [INFO] CADModel:165 - CPN selected for project level
2026-03-12 13:36:30,571 [INFO] CADModel:114 - Register for checkConnection events
2026-03-12 13:36:30,571 [FATAL] Updater:334 - Updater called before beeing initialized
2026-03-12 13:36:30,571 [ERROR] CADModel:125 - Updater not yet initialized, retry later 
2026-03-12 13:36:30,575 [FATAL] Updater:334 - Updater called before beeing initialized
2026-03-12 13:36:30,708 [FATAL] Updater:334 - Updater called before beeing initialized
2026-03-12 13:36:30,733 [INFO] DbMcusAds:53 - JSON generation date=Wed Feb 18 23:32:49 KST 2026 (1771425169371)
2026-03-12 13:36:30,733 [FATAL] Updater:334 - Updater called before beeing initialized
2026-03-12 13:36:30,745 [INFO] ThirdPartyUpdaterWithRetryManager:70 - Updater plugin not ready yet. [3/15]
2026-03-12 13:36:31,033 [WARN] DetailPanel:346 - Failed to get advertising image, set to default
2026-03-12 13:36:31,121 [FATAL] Updater:334 - Updater called before beeing initialized
2026-03-12 13:36:31,123 [FATAL] Updater:334 - Updater called before beeing initialized
2026-03-12 13:36:31,123 [FATAL] Updater:334 - Updater called before beeing initialized
2026-03-12 13:36:31,123 [WARN] DetailPanel:346 - Failed to get advertising image, set to default
2026-03-12 13:36:31,124 [FATAL] Updater:334 - Updater called before beeing initialized
2026-03-12 13:36:31,337 [ERROR] Updater:1164 - MainUpdater not yet initialized. External WinMGr cannot be set.
2026-03-12 13:36:31,361 [INFO] Updater:1100 - Updater Version found : 6.12.1
2026-03-12 13:36:31,410 [INFO] ApplicationProperties:184 - Using Application install path: D:\Stm32cubeIDE\STM32CubeIDE_1.16.1\STM32CubeIDE\plugins\com.st.stm32cube.common.mx_6.12.1.202409122256
2026-03-12 13:36:33,054 [ERROR] LogOutputStream:75 - [STDERR_REDIRECT] Mar 12, 2026 1:36:32 PM java.util.prefs.WindowsPreferences <init>
2026-03-12 13:36:33,056 [ERROR] LogOutputStream:75 - [STDERR_REDIRECT] WARNING: Could not open/create prefs root node Software\JavaSoft\Prefs at root 0xffffffff80000002. Windows RegCreateKeyEx(...) returned error code 5.
2026-03-12 13:36:33,056 [ERROR] LogOutputStream:75 - [STDERR_REDIRECT] 
2026-03-12 13:36:33,747 [FATAL] Updater:334 - Updater called before beeing initialized
2026-03-12 13:36:33,747 [ERROR] IntegrityCheckThread:130 - Cannot retrieve database content from updater: error 21
2026-03-12 13:36:33,747 [INFO] ThirdParty:978 - Integrity check success = false
2026-03-12 13:36:33,748 [INFO] IntegrityCheckThread:100 - exiting critical section [integrity check]
2026-03-12 13:36:33,748 [INFO] IntegrityCheckThread:103 - End integrity checks thread
2026-03-12 13:36:35,570 [INFO] MainUpdater:2873 - connection check result : 10
2026-03-12 13:36:35,570 [INFO] MainUpdater:3567 - Updater definition file requires update
2026-03-12 13:36:35,571 [INFO] MainUpdater:290 - Updater Check For Update Now.
2026-03-12 13:36:35,572 [INFO] MicroXplorer:498 - Change Database Version : DB.6.0.121
2026-03-12 13:36:35,654 [INFO] McuFinderGlobals:63 - Set McuFinder mode to 2 (CubeIDE integrated)
2026-03-12 13:36:35,654 [INFO] UserAuth:179 - activating auth plugin
2026-03-12 13:36:35,670 [INFO] UserAuth:417 - Internet connection configuration mode: 1
2026-03-12 13:36:35,806 [INFO] JxBrowserEngine:152 - Initiate JxBrowser Engine with user profile folder
2026-03-12 13:36:35,924 [INFO] ServerAccessManage:473 - Download File updaters.zip
2026-03-12 13:36:36,556 [INFO] FileExtend:240 - Unzip File : updaters.zip
2026-03-12 13:36:36,556 [INFO] FileExtend:255 - Standard Zip Deflate
2026-03-12 13:36:37,381 [INFO] ServerAccessManage:473 - Download File PacksControlFlags.xml
2026-03-12 13:36:39,292 [INFO] ServerAccessManage:473 - Download File cubemx.pidx
2026-03-12 13:36:39,509 [INFO] LoadServerUpdatesThread:375 - End of LoadServerUpdate Thread
2026-03-12 13:36:39,694 [INFO] CheckServerUpdateThread:120 - End of CheckServer Thread
2026-03-12 13:36:41,113 [INFO] WebApp:167 - Instantiating new browser for Auth
2026-03-12 13:36:42,522 [INFO] WebApp:448 - Apply proxy settings
2026-03-12 13:36:42,522 [INFO] WebApp:533 - Chromium requires no authentication
2026-03-12 13:36:42,539 [INFO] WebApp:476 - Direct internet connection detected
2026-03-12 13:36:42,645 [INFO] WebApp:869 - Register for checkConnection events
2026-03-12 13:36:42,645 [INFO] WebApp:448 - Apply proxy settings
2026-03-12 13:36:42,646 [INFO] WebApp:533 - Chromium requires no authentication
2026-03-12 13:36:42,646 [INFO] WebApp:476 - Direct internet connection detected
2026-03-12 13:36:42,969 [INFO] WebApp:220 - Starting web application
2026-03-12 13:36:42,969 [INFO] WebApp:578 - Web application path used D:\Stm32cubeIDE\STM32CubeIDE_1.16.1\STM32CubeIDE\plugins\com.st.stm32cube.common.mx_6.12.1.202409122256\db\plugins\mcufinder\reactClient1\index.html
2026-03-12 13:36:43,224 [INFO] WebApp:186 - Connection restablished
2026-03-12 14:52:47,582 [INFO] WebApp:189 - Connection lost
2026-03-12 15:24:37,967 [INFO] WebApp:186 - Connection restablished
2026-03-12 17:34:27,272 [INFO] WebApp:189 - Connection lost
2026-03-12 17:34:28,181 [INFO] WebApp:186 - Connection restablished
2026-03-12 17:34:29,943 [INFO] WebApp:189 - Connection lost
2026-03-12 17:34:30,430 [INFO] WebApp:186 - Connection restablished
2026-03-12 17:36:02,443 [INFO] WebApp:189 - Connection lost
2026-03-12 17:36:36,630 [INFO] WebApp:186 - Connection restablished
2026-03-12 17:37:26,987 [INFO] WebApp:189 - Connection lost
2026-03-12 17:39:19,274 [INFO] WebApp:186 - Connection restablished
2026-03-12 17:39:19,393 [INFO] WebApp:189 - Connection lost
2026-03-12 17:39:19,773 [INFO] WebApp:186 - Connection restablished
2026-03-12 17:39:22,836 [INFO] WebApp:189 - Connection lost
2026-03-12 17:39:24,109 [INFO] WebApp:186 - Connection restablished
2026-03-12 17:46:17,134 [INFO] WebApp:189 - Connection lost
2026-03-12 17:46:24,770 [INFO] WebApp:186 - Connection restablished
2026-03-12 17:47:38,006 [INFO] WebApp:189 - Connection lost
2026-03-12 17:47:38,547 [INFO] WebApp:186 - Connection restablished
2026-03-12 17:47:40,889 [INFO] WebApp:189 - Connection lost
2026-03-12 17:47:41,502 [INFO] WebApp:186 - Connection restablished
2026-03-12 18:12:46,036 [INFO] WebApp:189 - Connection lost
2026-03-12 18:12:47,130 [INFO] WebApp:186 - Connection restablished
2026-03-12 18:24:36,045 [INFO] WebApp:189 - Connection lost
2026-03-12 18:24:36,885 [INFO] WebApp:186 - Connection restablished
2026-03-12 18:24:38,845 [INFO] WebApp:189 - Connection lost
2026-03-12 18:24:40,405 [INFO] WebApp:186 - Connection restablished
2026-03-12 19:23:47,522 [INFO] WebApp:189 - Connection lost
2026-03-12 19:24:14,669 [INFO] WebApp:186 - Connection restablished
2026-03-12 19:25:56,838 [INFO] WebApp:189 - Connection lost
2026-03-12 19:25:58,011 [INFO] WebApp:186 - Connection restablished
2026-03-12 19:33:21,116 [ERROR] ConfigurationRetriever:142 - IOException on connection: Read timed out
2026-03-12 19:33:23,144 [ERROR] ConfigurationRetriever:142 - IOException on connection: Connect timed out
2026-03-12 20:14:09,601 [ERROR] ConfigurationRetriever:142 - IOException on connection: Read timed out
2026-03-12 20:47:04,281 [INFO] WebApp:189 - Connection lost
2026-03-12 22:51:52,237 [ERROR] LogOutputStream:75 - [STDERR_REDIRECT] 
