2026-03-03 15:42:07,162 [INFO] Activator:176 - 


2026-03-03 15:42:07,200 [INFO] Activator:177 - !SESSION log4j initialized
2026-03-03 15:42:28,606 [INFO] LogOutputStream:77 - [STDOUT_REDIRECT] 
2026-03-03 15:42:33,036 [INFO] ApplicationProperties:184 - Using Application install path: D:\Stm32cubeIDE\STM32CubeIDE_1.16.1\STM32CubeIDE\plugins\com.st.stm32cube.common.mx_6.12.1.202409122256
2026-03-03 15:42:33,107 [INFO] DbMcusXml:78 - Set database path to: D:\Stm32cubeIDE\STM32CubeIDE_1.16.1\STM32CubeIDE\plugins\com.st.stm32cube.common.mx_6.12.1.202409122256\\db\/mcu/
2026-03-03 15:42:33,108 [INFO] ApiDb:274 - Set plugin database path to: D:\Stm32cubeIDE\STM32CubeIDE_1.16.1\STM32CubeIDE\plugins\com.st.stm32cube.common.mx_6.12.1.202409122256\\db\/plugins/boardmanager/
2026-03-03 15:42:33,109 [WARN] ApiDb:259 - Overriding images path with different value:  => D:\Stm32cubeIDE\STM32CubeIDE_1.16.1\STM32CubeIDE\plugins\com.st.stm32cube.common.mx_6.12.1.202409122256\\db\/plugins/mcufinder/images/
2026-03-03 15:42:33,281 [INFO] ApiDb:250 - Set database path to: C:\Users\ASUS\.stmcufinder\plugins\mcufinder//mcu/
2026-03-03 15:42:33,282 [INFO] DbMcusAds:125 - Set database path to: C:\Users\ASUS\.stmcufinder\plugins\mcufinder//mcu/
2026-03-03 15:42:33,288 [INFO] CrossReferenceDbSqlite:203 - Set database path to: C:\Users\ASUS\.stmcufinder\plugins\mcufinder//mcu/cs/
2026-03-03 15:42:33,566 [INFO] RulesReader:64 - Compatibility file has been processed (297 Rules)
2026-03-03 15:42:33,730 [INFO] DbMcusXml:78 - Set database path to: D:\Stm32cubeIDE\STM32CubeIDE_1.16.1\STM32CubeIDE\plugins\com.st.stm32cube.common.mx_6.12.1.202409122256\\db\/mcu/
2026-03-03 15:42:33,730 [INFO] ApiDb:274 - Set plugin database path to: D:\Stm32cubeIDE\STM32CubeIDE_1.16.1\STM32CubeIDE\plugins\com.st.stm32cube.common.mx_6.12.1.202409122256\\db\/plugins/boardmanager/
2026-03-03 15:42:33,730 [INFO] ApiDb:261 - Set plugin images path to: D:\Stm32cubeIDE\STM32CubeIDE_1.16.1\STM32CubeIDE\plugins\com.st.stm32cube.common.mx_6.12.1.202409122256\\db\/plugins/mcufinder/images/
2026-03-03 15:42:33,730 [WARN] DbFile:41 - Overriding database path with different value: C:\Users\ASUS\.stmcufinder\plugins\mcufinder/ => C:\Users\ASUS\.stmcufinder\plugins\mcufinder
2026-03-03 15:42:33,730 [INFO] ApiDb:250 - Set database path to: C:\Users\ASUS\.stmcufinder\plugins\mcufinder//mcu/
2026-03-03 15:42:33,730 [WARN] DbFile:41 - Overriding database path with different value: C:\Users\ASUS\.stmcufinder\plugins\mcufinder/ => C:\Users\ASUS\.stmcufinder\plugins\mcufinder
2026-03-03 15:42:33,731 [INFO] DbMcusAds:125 - Set database path to: C:\Users\ASUS\.stmcufinder\plugins\mcufinder//mcu/
2026-03-03 15:42:33,731 [WARN] DbFile:41 - Overriding database path with different value: C:\Users\ASUS\.stmcufinder\plugins\mcufinder/ => C:\Users\ASUS\.stmcufinder\plugins\mcufinder
2026-03-03 15:42:33,731 [WARN] DbFile:41 - Overriding database path with different value: C:\Users\ASUS\.stmcufinder\plugins\mcufinder/ => C:\Users\ASUS\.stmcufinder\plugins\mcufinder
2026-03-03 15:42:33,731 [INFO] CrossReferenceDbSqlite:203 - Set database path to: C:\Users\ASUS\.stmcufinder\plugins\mcufinder//mcu/cs/
2026-03-03 15:42:33,955 [INFO] MainPanel:268 - HeapMemory: 268435456
2026-03-03 15:42:34,285 [INFO] DbMcusXml:78 - Set database path to: D:\Stm32cubeIDE\STM32CubeIDE_1.16.1\STM32CubeIDE\plugins\com.st.stm32cube.common.mx_6.12.1.202409122256\\db\/mcu/
2026-03-03 15:42:34,285 [INFO] ApiDb:274 - Set plugin database path to: D:\Stm32cubeIDE\STM32CubeIDE_1.16.1\STM32CubeIDE\plugins\com.st.stm32cube.common.mx_6.12.1.202409122256\\db\/plugins/boardmanager/
2026-03-03 15:42:34,286 [INFO] ApiDb:261 - Set plugin images path to: D:\Stm32cubeIDE\STM32CubeIDE_1.16.1\STM32CubeIDE\plugins\com.st.stm32cube.common.mx_6.12.1.202409122256\\db\/plugins/mcufinder/images/
2026-03-03 15:42:34,287 [WARN] DbFile:41 - Overriding database path with different value: C:\Users\ASUS\.stmcufinder\plugins\mcufinder/ => C:\Users\ASUS\.stmcufinder\plugins\mcufinder
2026-03-03 15:42:34,288 [INFO] ApiDb:250 - Set database path to: C:\Users\ASUS\.stmcufinder\plugins\mcufinder//mcu/
2026-03-03 15:42:34,288 [WARN] DbFile:41 - Overriding database path with different value: C:\Users\ASUS\.stmcufinder\plugins\mcufinder/ => C:\Users\ASUS\.stmcufinder\plugins\mcufinder
2026-03-03 15:42:34,288 [INFO] DbMcusAds:125 - Set database path to: C:\Users\ASUS\.stmcufinder\plugins\mcufinder//mcu/
2026-03-03 15:42:34,288 [WARN] DbFile:41 - Overriding database path with different value: C:\Users\ASUS\.stmcufinder\plugins\mcufinder/ => C:\Users\ASUS\.stmcufinder\plugins\mcufinder
2026-03-03 15:42:34,288 [WARN] DbFile:41 - Overriding database path with different value: C:\Users\ASUS\.stmcufinder\plugins\mcufinder/ => C:\Users\ASUS\.stmcufinder\plugins\mcufinder
2026-03-03 15:42:34,288 [INFO] CrossReferenceDbSqlite:203 - Set database path to: C:\Users\ASUS\.stmcufinder\plugins\mcufinder//mcu/cs/
2026-03-03 15:42:34,329 [INFO] ApplicationProperties:184 - Using Application install path: D:\Stm32cubeIDE\STM32CubeIDE_1.16.1\STM32CubeIDE\plugins\com.st.stm32cube.common.mx_6.12.1.202409122256
2026-03-03 15:42:34,387 [INFO] PluginManage:196 - Search for loadable plugins [exclusion list=, ]
2026-03-03 15:42:34,391 [INFO] PluginManage:310 - Check plugin analytics
2026-03-03 15:42:34,704 [INFO] AnalyticsPlugin:253 - Accepted Software Licenses: STM32CubeMX.6.16.0
2026-03-03 15:42:34,705 [INFO] AnalyticsPlugin:255 - Accepted CMSIS Pack Licenses: 
2026-03-03 15:42:34,705 [INFO] AnalyticsPlugin:257 - Accepted Firmware Licenses: FW.H7.1.11.0
2026-03-03 15:42:34,707 [INFO] PluginManage:359 - Loaded plugin analytics (category:tool,tabindex:-1)
2026-03-03 15:42:34,708 [INFO] PluginManage:310 - Check plugin cadmodel
2026-03-03 15:42:34,799 [INFO] CADModel:105 - Init CAD model plugin
2026-03-03 15:42:34,799 [INFO] PluginManage:359 - Loaded plugin cadmodel (category:power,tabindex:5)
2026-03-03 15:42:34,799 [INFO] PluginManage:310 - Check plugin clock
2026-03-03 15:42:34,850 [INFO] PluginManage:359 - Loaded plugin clock (category:base,tabindex:2)
2026-03-03 15:42:34,851 [INFO] PluginManage:310 - Check plugin ddr
2026-03-03 15:42:34,855 [INFO] PluginManage:359 - Loaded plugin ddr (category:tool,tabindex:6)
2026-03-03 15:42:34,855 [INFO] PluginManage:310 - Check plugin filemanager
2026-03-03 15:42:35,803 [INFO] PluginManage:359 - Loaded plugin filemanager (category:base,tabindex:10)
2026-03-03 15:42:35,803 [INFO] PluginManage:310 - Check plugin ipmanager
2026-03-03 15:42:35,825 [INFO] PluginManage:359 - Loaded plugin ipmanager (category:base,tabindex:5)
2026-03-03 15:42:35,825 [INFO] PluginManage:310 - Check plugin lpbam
2026-03-03 15:42:35,848 [INFO] PluginManage:359 - Loaded plugin lpbam (category:base,tabindex:0)
2026-03-03 15:42:35,848 [INFO] PluginManage:310 - Check plugin memorymap
2026-03-03 15:42:35,897 [INFO] PluginManage:359 - Loaded plugin memorymap (category:base,tabindex:4)
2026-03-03 15:42:35,898 [INFO] PluginManage:310 - Check plugin pinoutandconfiguration
2026-03-03 15:42:35,964 [INFO] PluginManage:359 - Loaded plugin pinoutandconfiguration (category:base,tabindex:1)
2026-03-03 15:42:35,964 [INFO] PluginManage:310 - Check plugin pinoutconfig
2026-03-03 15:42:36,214 [WARN] SupportedApi:132 - Cannot load RTOS API schema: s4s-elt-must-match.1: The content of 'definitions' must match (annotation?, (simpleType | complexType)?, (unique | key | keyref)*)). A problem was found starting at: attribute.
2026-03-03 15:42:36,473 [INFO] PluginManage:359 - Loaded plugin pinoutconfig (category:base,tabindex:0)
2026-03-03 15:42:36,473 [INFO] PluginManage:310 - Check plugin power
2026-03-03 15:42:36,696 [INFO] PluginManage:359 - Loaded plugin power (category:power,tabindex:4)
2026-03-03 15:42:36,697 [INFO] PluginManage:310 - Check plugin projectmanager
2026-03-03 15:42:36,774 [INFO] PluginManage:359 - Loaded plugin projectmanager (category:projectmanager,tabindex:4)
2026-03-03 15:42:36,774 [INFO] PluginManage:310 - Check plugin rif
2026-03-03 15:42:36,822 [INFO] PluginManage:359 - Loaded plugin rif (category:base,tabindex:3)
2026-03-03 15:42:36,823 [INFO] PluginManage:310 - Check plugin thirdparty
2026-03-03 15:42:37,798 [INFO] PluginManage:359 - Loaded plugin thirdparty (category:base,tabindex:-1)
2026-03-03 15:42:37,799 [WARN] IntegrityCheckThread:84 - waiting for thirdparty lock release [integrity check]
2026-03-03 15:42:37,799 [INFO] PluginManage:310 - Check plugin tools
2026-03-03 15:42:37,799 [INFO] IntegrityCheckThread:86 - entering critical section [integrity check]
2026-03-03 15:42:37,799 [INFO] ThirdPartyUpdaterWithRetryManager:70 - Updater plugin not ready yet. [1/15]
2026-03-03 15:42:37,852 [INFO] PluginManage:359 - Loaded plugin tools (category:base,tabindex:7)
2026-03-03 15:42:37,852 [INFO] PluginManage:310 - Check plugin tutovideos
2026-03-03 15:42:38,255 [INFO] PluginManage:359 - Loaded plugin tutovideos (category:base,tabindex:-1)
2026-03-03 15:42:38,255 [INFO] PluginManage:310 - Check plugin updater
2026-03-03 15:42:38,286 [INFO] PluginManage:359 - Loaded plugin updater (category:base,tabindex:12)
2026-03-03 15:42:38,286 [INFO] PluginManage:310 - Check plugin userauth
2026-03-03 15:42:38,319 [INFO] UserAuth:113 - Init User Auth plugin
2026-03-03 15:42:38,319 [INFO] PluginManage:359 - Loaded plugin userauth (category:base,tabindex:14)
2026-03-03 15:42:38,320 [INFO] PluginManage:283 - PluginManage : Loaded plugins [18]
2026-03-03 15:42:38,946 [INFO] PinOutPanel:1561 - setPackage(No Configuration,No Configuration)
2026-03-03 15:42:39,132 [INFO] CADModel:165 - CPN selected for project level
2026-03-03 15:42:39,132 [INFO] CADModel:114 - Register for checkConnection events
2026-03-03 15:42:39,201 [INFO] IPUIPlugin:80 - create IPUIPlugin
2026-03-03 15:42:39,201 [INFO] PluginManager:220 - loadIPPluginJar : add adc
2026-03-03 15:42:39,319 [INFO] IPUIPlugin:80 - create IPUIPlugin
2026-03-03 15:42:39,319 [INFO] PluginManager:220 - loadIPPluginJar : add aes
2026-03-03 15:42:39,393 [INFO] IPUIPlugin:80 - create IPUIPlugin
2026-03-03 15:42:39,393 [INFO] PluginManager:220 - loadIPPluginJar : add can
2026-03-03 15:42:39,445 [INFO] IPUIPlugin:80 - create IPUIPlugin
2026-03-03 15:42:39,445 [INFO] PluginManager:220 - loadIPPluginJar : add comp
2026-03-03 15:42:39,488 [INFO] IPUIPlugin:80 - create IPUIPlugin
2026-03-03 15:42:39,488 [INFO] PluginManager:220 - loadIPPluginJar : add cryp
2026-03-03 15:42:39,578 [INFO] IPUIPlugin:80 - create IPUIPlugin
2026-03-03 15:42:39,578 [INFO] PluginManager:220 - loadIPPluginJar : add ddr_ctrl_phy
2026-03-03 15:42:39,636 [INFO] IPUIPlugin:80 - create IPUIPlugin
2026-03-03 15:42:39,636 [INFO] PluginManager:220 - loadIPPluginJar : add dfsdm
2026-03-03 15:42:39,672 [INFO] IPUIPlugin:80 - create IPUIPlugin
2026-03-03 15:42:39,672 [INFO] PluginManager:220 - loadIPPluginJar : add dma
2026-03-03 15:42:39,742 [INFO] IPUIPlugin:80 - create IPUIPlugin
2026-03-03 15:42:39,742 [INFO] PluginManager:220 - loadIPPluginJar : add dma3
2026-03-03 15:42:39,843 [INFO] IPUIPlugin:80 - create IPUIPlugin
2026-03-03 15:42:39,843 [INFO] PluginManager:220 - loadIPPluginJar : add extmemmanager
2026-03-03 15:42:39,892 [INFO] IPUIPlugin:80 - create IPUIPlugin
2026-03-03 15:42:39,892 [INFO] PluginManager:220 - loadIPPluginJar : add fatfs
2026-03-03 15:42:39,970 [INFO] IPUIPlugin:80 - create IPUIPlugin
2026-03-03 15:42:39,970 [INFO] PluginManager:220 - loadIPPluginJar : add fmc
2026-03-03 15:42:40,008 [INFO] IPUIPlugin:80 - create IPUIPlugin
2026-03-03 15:42:40,009 [INFO] PluginManager:220 - loadIPPluginJar : add freertos
2026-03-03 15:42:40,096 [INFO] IPUIPlugin:80 - create IPUIPlugin
2026-03-03 15:42:40,096 [INFO] PluginManager:220 - loadIPPluginJar : add genericplugin
2026-03-03 15:42:40,211 [INFO] IPUIPlugin:80 - create IPUIPlugin
2026-03-03 15:42:40,211 [INFO] PluginManager:220 - loadIPPluginJar : add gfxmmu
2026-03-03 15:42:40,361 [INFO] IPUIPlugin:80 - create IPUIPlugin
2026-03-03 15:42:40,361 [INFO] PluginManager:220 - loadIPPluginJar : add gic
2026-03-03 15:42:40,404 [INFO] IPUIPlugin:80 - create IPUIPlugin
2026-03-03 15:42:40,404 [INFO] PluginManager:220 - loadIPPluginJar : add gpio
2026-03-03 15:42:40,577 [INFO] IPUIPlugin:80 - create IPUIPlugin
2026-03-03 15:42:40,577 [INFO] PluginManager:220 - loadIPPluginJar : add gtzc
2026-03-03 15:42:40,615 [INFO] IPUIPlugin:80 - create IPUIPlugin
2026-03-03 15:42:40,615 [INFO] PluginManager:220 - loadIPPluginJar : add hash
2026-03-03 15:42:40,689 [INFO] IPUIPlugin:80 - create IPUIPlugin
2026-03-03 15:42:40,689 [INFO] PluginManager:220 - loadIPPluginJar : add i2c
2026-03-03 15:42:40,749 [INFO] IPUIPlugin:80 - create IPUIPlugin
2026-03-03 15:42:40,749 [INFO] PluginManager:220 - loadIPPluginJar : add i2s
2026-03-03 15:42:40,796 [INFO] IPUIPlugin:80 - create IPUIPlugin
2026-03-03 15:42:40,796 [INFO] PluginManager:220 - loadIPPluginJar : add i3c
2026-03-03 15:42:40,801 [INFO] ThirdPartyUpdaterWithRetryManager:70 - Updater plugin not ready yet. [2/15]
2026-03-03 15:42:40,934 [INFO] IPUIPlugin:80 - create IPUIPlugin
2026-03-03 15:42:40,934 [INFO] PluginManager:220 - loadIPPluginJar : add ipddr
2026-03-03 15:42:41,078 [INFO] IPUIPlugin:80 - create IPUIPlugin
2026-03-03 15:42:41,078 [INFO] PluginManager:220 - loadIPPluginJar : add linkedlist
2026-03-03 15:42:41,121 [INFO] IPUIPlugin:80 - create IPUIPlugin
2026-03-03 15:42:41,121 [INFO] PluginManager:220 - loadIPPluginJar : add lorawan
2026-03-03 15:42:41,179 [INFO] IPUIPlugin:80 - create IPUIPlugin
2026-03-03 15:42:41,179 [INFO] PluginManager:220 - loadIPPluginJar : add ltdc
2026-03-03 15:42:41,208 [INFO] IPUIPlugin:80 - create IPUIPlugin
2026-03-03 15:42:41,208 [INFO] PluginManager:220 - loadIPPluginJar : add mdma
2026-03-03 15:42:41,243 [INFO] IPUIPlugin:80 - create IPUIPlugin
2026-03-03 15:42:41,243 [INFO] PluginManager:220 - loadIPPluginJar : add nvic
2026-03-03 15:42:41,300 [INFO] IPUIPlugin:80 - create IPUIPlugin
2026-03-03 15:42:41,300 [INFO] PluginManager:220 - loadIPPluginJar : add opamp
2026-03-03 15:42:41,374 [INFO] IPUIPlugin:80 - create IPUIPlugin
2026-03-03 15:42:41,374 [INFO] PluginManager:220 - loadIPPluginJar : add openamp
2026-03-03 15:42:41,459 [INFO] IPUIPlugin:80 - create IPUIPlugin
2026-03-03 15:42:41,460 [INFO] PluginManager:220 - loadIPPluginJar : add pdm2pcm
2026-03-03 15:42:41,484 [INFO] IPUIPlugin:80 - create IPUIPlugin
2026-03-03 15:42:41,486 [INFO] PluginManager:220 - loadIPPluginJar : add plateformsettings
2026-03-03 15:42:41,533 [INFO] IPUIPlugin:80 - create IPUIPlugin
2026-03-03 15:42:41,534 [INFO] PluginManager:220 - loadIPPluginJar : add quadspi
2026-03-03 15:42:41,564 [INFO] IPUIPlugin:80 - create IPUIPlugin
2026-03-03 15:42:41,565 [INFO] PluginManager:220 - loadIPPluginJar : add radio
2026-03-03 15:42:41,596 [INFO] IPUIPlugin:80 - create IPUIPlugin
2026-03-03 15:42:41,596 [INFO] PluginManager:220 - loadIPPluginJar : add resmgrutility
2026-03-03 15:42:41,658 [INFO] IPUIPlugin:80 - create IPUIPlugin
2026-03-03 15:42:41,659 [INFO] PluginManager:220 - loadIPPluginJar : add sai
2026-03-03 15:42:41,708 [INFO] IPUIPlugin:80 - create IPUIPlugin
2026-03-03 15:42:41,708 [INFO] PluginManager:220 - loadIPPluginJar : add spi
2026-03-03 15:42:41,794 [INFO] IPUIPlugin:80 - create IPUIPlugin
2026-03-03 15:42:41,794 [INFO] PluginManager:220 - loadIPPluginJar : add stm32_wpan
2026-03-03 15:42:41,828 [INFO] IPUIPlugin:80 - create IPUIPlugin
2026-03-03 15:42:41,828 [INFO] PluginManager:220 - loadIPPluginJar : add tim
2026-03-03 15:42:41,898 [INFO] IPUIPlugin:80 - create IPUIPlugin
2026-03-03 15:42:41,898 [INFO] PluginManager:220 - loadIPPluginJar : add touchsensing
2026-03-03 15:42:41,953 [INFO] IPUIPlugin:80 - create IPUIPlugin
2026-03-03 15:42:41,953 [INFO] PluginManager:220 - loadIPPluginJar : add tracer_emb
2026-03-03 15:42:41,997 [INFO] IPUIPlugin:80 - create IPUIPlugin
2026-03-03 15:42:41,997 [INFO] PluginManager:220 - loadIPPluginJar : add ts
2026-03-03 15:42:42,050 [INFO] IPUIPlugin:80 - create IPUIPlugin
2026-03-03 15:42:42,050 [INFO] PluginManager:220 - loadIPPluginJar : add tsc
2026-03-03 15:42:42,076 [INFO] IPUIPlugin:80 - create IPUIPlugin
2026-03-03 15:42:42,076 [INFO] PluginManager:220 - loadIPPluginJar : add ucpd
2026-03-03 15:42:42,129 [INFO] IPUIPlugin:80 - create IPUIPlugin
2026-03-03 15:42:42,141 [INFO] PluginManager:220 - loadIPPluginJar : add usart
2026-03-03 15:42:42,209 [INFO] IPUIPlugin:80 - create IPUIPlugin
2026-03-03 15:42:42,209 [INFO] PluginManager:220 - loadIPPluginJar : add usbx
2026-03-03 15:42:42,374 [INFO] CADModel:165 - CPN selected for project level
2026-03-03 15:42:42,375 [INFO] CADModel:114 - Register for checkConnection events
2026-03-03 15:42:42,375 [FATAL] Updater:334 - Updater called before beeing initialized
2026-03-03 15:42:42,375 [ERROR] CADModel:125 - Updater not yet initialized, retry later 
2026-03-03 15:42:43,218 [INFO] CADModel:165 - CPN selected for project level
2026-03-03 15:42:43,218 [INFO] CADModel:114 - Register for checkConnection events
2026-03-03 15:42:43,219 [FATAL] Updater:334 - Updater called before beeing initialized
2026-03-03 15:42:43,219 [ERROR] CADModel:125 - Updater not yet initialized, retry later 
2026-03-03 15:42:43,225 [FATAL] Updater:334 - Updater called before beeing initialized
2026-03-03 15:42:43,367 [FATAL] Updater:334 - Updater called before beeing initialized
2026-03-03 15:42:43,389 [INFO] DbMcusAds:53 - JSON generation date=Wed Feb 18 20:02:49 IST 2026 (1771425169371)
2026-03-03 15:42:43,390 [FATAL] Updater:334 - Updater called before beeing initialized
2026-03-03 15:42:43,628 [WARN] DetailPanel:346 - Failed to get advertising image, set to default
2026-03-03 15:42:43,746 [FATAL] Updater:334 - Updater called before beeing initialized
2026-03-03 15:42:43,747 [FATAL] Updater:334 - Updater called before beeing initialized
2026-03-03 15:42:43,747 [FATAL] Updater:334 - Updater called before beeing initialized
2026-03-03 15:42:43,748 [WARN] DetailPanel:346 - Failed to get advertising image, set to default
2026-03-03 15:42:43,748 [FATAL] Updater:334 - Updater called before beeing initialized
2026-03-03 15:42:43,803 [INFO] ThirdPartyUpdaterWithRetryManager:70 - Updater plugin not ready yet. [3/15]
2026-03-03 15:42:44,011 [ERROR] Updater:1164 - MainUpdater not yet initialized. External WinMGr cannot be set.
2026-03-03 15:42:44,042 [INFO] Updater:1100 - Updater Version found : 6.12.1
2026-03-03 15:42:44,097 [INFO] ApplicationProperties:184 - Using Application install path: D:\Stm32cubeIDE\STM32CubeIDE_1.16.1\STM32CubeIDE\plugins\com.st.stm32cube.common.mx_6.12.1.202409122256
2026-03-03 15:42:45,744 [ERROR] LogOutputStream:75 - [STDERR_REDIRECT] Mar 03, 2026 3:42:45 PM java.util.prefs.WindowsPreferences <init>
2026-03-03 15:42:45,745 [ERROR] LogOutputStream:75 - [STDERR_REDIRECT] WARNING: Could not open/create prefs root node Software\JavaSoft\Prefs at root 0xffffffff80000002. Windows RegCreateKeyEx(...) returned error code 5.
2026-03-03 15:42:45,745 [ERROR] LogOutputStream:75 - [STDERR_REDIRECT] 
2026-03-03 15:42:46,804 [FATAL] Updater:334 - Updater called before beeing initialized
2026-03-03 15:42:46,805 [ERROR] IntegrityCheckThread:130 - Cannot retrieve database content from updater: error 21
2026-03-03 15:42:46,805 [INFO] ThirdParty:978 - Integrity check success = false
2026-03-03 15:42:46,805 [INFO] IntegrityCheckThread:100 - exiting critical section [integrity check]
2026-03-03 15:42:46,805 [INFO] IntegrityCheckThread:103 - End integrity checks thread
2026-03-03 15:42:47,196 [INFO] MainUpdater:2873 - connection check result : 10
2026-03-03 15:42:47,197 [INFO] MainUpdater:3567 - Updater definition file requires update
2026-03-03 15:42:47,198 [INFO] MainUpdater:290 - Updater Check For Update Now.
2026-03-03 15:42:47,198 [INFO] MicroXplorer:498 - Change Database Version : DB.6.0.121
2026-03-03 15:42:47,399 [INFO] McuFinderGlobals:63 - Set McuFinder mode to 2 (CubeIDE integrated)
2026-03-03 15:42:47,400 [INFO] UserAuth:179 - activating auth plugin
2026-03-03 15:42:47,454 [INFO] UserAuth:417 - Internet connection configuration mode: 1
2026-03-03 15:42:47,545 [INFO] ServerAccessManage:473 - Download File updaters.zip
2026-03-03 15:42:47,873 [INFO] JxBrowserEngine:152 - Initiate JxBrowser Engine with user profile folder
2026-03-03 15:42:49,564 [INFO] FileExtend:240 - Unzip File : updaters.zip
2026-03-03 15:42:49,564 [INFO] FileExtend:255 - Standard Zip Deflate
2026-03-03 15:42:51,415 [INFO] ServerAccessManage:473 - Download File PacksControlFlags.xml
2026-03-03 15:42:52,541 [INFO] ServerAccessManage:473 - Download File cubemx.pidx
2026-03-03 15:42:53,485 [INFO] WebApp:167 - Instantiating new browser for Auth
2026-03-03 15:42:55,223 [INFO] ServerAccessManage:473 - Download File STMicroelectronics.X-CUBE-FREERTOS.pdsc
2026-03-03 15:42:55,609 [INFO] WebApp:448 - Apply proxy settings
2026-03-03 15:42:55,611 [INFO] WebApp:533 - Chromium requires no authentication
2026-03-03 15:42:55,638 [INFO] WebApp:476 - Direct internet connection detected
2026-03-03 15:42:55,708 [INFO] WebApp:869 - Register for checkConnection events
2026-03-03 15:42:55,708 [INFO] WebApp:448 - Apply proxy settings
2026-03-03 15:42:55,708 [INFO] WebApp:533 - Chromium requires no authentication
2026-03-03 15:42:55,709 [INFO] WebApp:476 - Direct internet connection detected
2026-03-03 15:42:56,128 [INFO] WebApp:220 - Starting web application
2026-03-03 15:42:56,128 [INFO] WebApp:578 - Web application path used D:\Stm32cubeIDE\STM32CubeIDE_1.16.1\STM32CubeIDE\plugins\com.st.stm32cube.common.mx_6.12.1.202409122256\db\plugins\mcufinder\reactClient1\index.html
2026-03-03 15:42:56,666 [INFO] WebApp:186 - Connection restablished
2026-03-03 15:42:58,986 [INFO] ServerAccessManage:473 - Download File STMicroelectronics.X-CUBE-TOUCHGFX.pdsc
2026-03-03 15:43:06,889 [INFO] ServerAccessManage:473 - Download File STMicroelectronics.X-CUBE-AZRTOS-H7.pdsc
2026-03-03 15:43:13,411 [INFO] ServerAccessManage:473 - Download File WES.I-CUBE-Cesium.pdsc
2026-03-03 15:43:14,916 [ERROR] ServerAccessManage:1089 - Problem, file not found on Server
2026-03-03 15:43:15,320 [ERROR] ServerAccessManage:1089 - Problem, file not found on Server
2026-03-03 15:43:15,588 [WARN] PopulateThirdPartyThread:106 - Error when creating pack: C:/Users/ASUS/.stm32cubemx/thirdparties/pdsc/STMicroelectronics.X-CUBE-FREERTOS.pdsc
2026-03-03 15:43:15,660 [WARN] PackLoader:240 - Cannot read IP mode file for STMicroelectronics.X-CUBE-TOUCHGFX.4.26.1
2026-03-03 15:43:15,699 [WARN] PackLoader:240 - Cannot read IP mode file for STMicroelectronics.X-CUBE-AZRTOS-H7.3.5.0
2026-03-03 15:43:15,724 [WARN] PopulateThirdPartyThread:106 - Error when creating pack: C:/Users/ASUS/.stm32cubemx/thirdparties/pdsc/WES.I-CUBE-Cesium.pdsc
2026-03-03 15:43:15,724 [INFO] PopulateThirdPartyThread:66 - Ending populate Thread
2026-03-03 15:43:15,726 [INFO] ThirdParty:1030 - CMSIS Pack Vendor :STMicroelectronics X-CUBE-AZRTOS-H7 3.5.0
2026-03-03 15:43:15,726 [INFO] ThirdParty:1030 - CMSIS Pack Vendor :STMicroelectronics X-CUBE-TOUCHGFX 4.26.1
2026-03-03 15:43:15,726 [INFO] LoadServerUpdatesThread:375 - End of LoadServerUpdate Thread
2026-03-03 15:43:15,787 [INFO] CheckServerUpdateThread:120 - End of CheckServer Thread
2026-03-03 17:49:37,649 [INFO] WebApp:189 - Connection lost
2026-03-03 17:49:38,379 [INFO] WebApp:186 - Connection restablished
2026-03-03 18:14:21,247 [INFO] WebApp:189 - Connection lost
2026-03-03 18:56:26,164 [INFO] WebApp:186 - Connection restablished
2026-03-03 20:00:00,061 [INFO] WebApp:189 - Connection lost
2026-03-03 20:44:58,614 [INFO] WebApp:186 - Connection restablished
2026-03-03 21:19:27,719 [INFO] WebApp:189 - Connection lost
2026-03-03 21:19:49,475 [INFO] WebApp:186 - Connection restablished
2026-03-03 21:31:37,675 [ERROR] LogOutputStream:75 - [STDERR_REDIRECT] 
