2026-02-22 07:25:50,094 [INFO] Activator:176 - 


2026-02-22 07:25:50,113 [INFO] Activator:177 - !SESSION log4j initialized
2026-02-22 07:26:16,673 [INFO] LogOutputStream:77 - [STDOUT_REDIRECT] 
2026-02-22 07:26:20,858 [INFO] ApplicationProperties:184 - Using Application install path: D:\Stm32cubeIDE\STM32CubeIDE_1.16.1\STM32CubeIDE\plugins\com.st.stm32cube.common.mx_6.12.1.202409122256
2026-02-22 07:26:20,907 [INFO] DbMcusXml:78 - Set database path to: D:\Stm32cubeIDE\STM32CubeIDE_1.16.1\STM32CubeIDE\plugins\com.st.stm32cube.common.mx_6.12.1.202409122256\\db\/mcu/
2026-02-22 07:26:20,907 [INFO] ApiDb:274 - Set plugin database path to: D:\Stm32cubeIDE\STM32CubeIDE_1.16.1\STM32CubeIDE\plugins\com.st.stm32cube.common.mx_6.12.1.202409122256\\db\/plugins/boardmanager/
2026-02-22 07:26:20,909 [WARN] ApiDb:259 - Overriding images path with different value:  => D:\Stm32cubeIDE\STM32CubeIDE_1.16.1\STM32CubeIDE\plugins\com.st.stm32cube.common.mx_6.12.1.202409122256\\db\/plugins/mcufinder/images/
2026-02-22 07:26:21,072 [INFO] ApiDb:250 - Set database path to: C:\Users\ASUS\.stmcufinder\plugins\mcufinder//mcu/
2026-02-22 07:26:21,074 [INFO] DbMcusAds:125 - Set database path to: C:\Users\ASUS\.stmcufinder\plugins\mcufinder//mcu/
2026-02-22 07:26:21,130 [INFO] CrossReferenceDbSqlite:203 - Set database path to: C:\Users\ASUS\.stmcufinder\plugins\mcufinder//mcu/cs/
2026-02-22 07:26:21,410 [INFO] RulesReader:64 - Compatibility file has been processed (297 Rules)
2026-02-22 07:26:21,908 [INFO] DbMcusXml:78 - Set database path to: D:\Stm32cubeIDE\STM32CubeIDE_1.16.1\STM32CubeIDE\plugins\com.st.stm32cube.common.mx_6.12.1.202409122256\\db\/mcu/
2026-02-22 07:26:21,908 [INFO] ApiDb:274 - Set plugin database path to: D:\Stm32cubeIDE\STM32CubeIDE_1.16.1\STM32CubeIDE\plugins\com.st.stm32cube.common.mx_6.12.1.202409122256\\db\/plugins/boardmanager/
2026-02-22 07:26:21,908 [INFO] ApiDb:261 - Set plugin images path to: D:\Stm32cubeIDE\STM32CubeIDE_1.16.1\STM32CubeIDE\plugins\com.st.stm32cube.common.mx_6.12.1.202409122256\\db\/plugins/mcufinder/images/
2026-02-22 07:26:21,908 [WARN] DbFile:41 - Overriding database path with different value: C:\Users\ASUS\.stmcufinder\plugins\mcufinder/ => C:\Users\ASUS\.stmcufinder\plugins\mcufinder
2026-02-22 07:26:21,908 [INFO] ApiDb:250 - Set database path to: C:\Users\ASUS\.stmcufinder\plugins\mcufinder//mcu/
2026-02-22 07:26:21,908 [WARN] DbFile:41 - Overriding database path with different value: C:\Users\ASUS\.stmcufinder\plugins\mcufinder/ => C:\Users\ASUS\.stmcufinder\plugins\mcufinder
2026-02-22 07:26:21,908 [INFO] DbMcusAds:125 - Set database path to: C:\Users\ASUS\.stmcufinder\plugins\mcufinder//mcu/
2026-02-22 07:26:21,909 [WARN] DbFile:41 - Overriding database path with different value: C:\Users\ASUS\.stmcufinder\plugins\mcufinder/ => C:\Users\ASUS\.stmcufinder\plugins\mcufinder
2026-02-22 07:26:21,909 [WARN] DbFile:41 - Overriding database path with different value: C:\Users\ASUS\.stmcufinder\plugins\mcufinder/ => C:\Users\ASUS\.stmcufinder\plugins\mcufinder
2026-02-22 07:26:21,909 [INFO] CrossReferenceDbSqlite:203 - Set database path to: C:\Users\ASUS\.stmcufinder\plugins\mcufinder//mcu/cs/
2026-02-22 07:26:22,148 [INFO] MainPanel:268 - HeapMemory: 268435456
2026-02-22 07:26:22,634 [INFO] DbMcusXml:78 - Set database path to: D:\Stm32cubeIDE\STM32CubeIDE_1.16.1\STM32CubeIDE\plugins\com.st.stm32cube.common.mx_6.12.1.202409122256\\db\/mcu/
2026-02-22 07:26:22,634 [INFO] ApiDb:274 - Set plugin database path to: D:\Stm32cubeIDE\STM32CubeIDE_1.16.1\STM32CubeIDE\plugins\com.st.stm32cube.common.mx_6.12.1.202409122256\\db\/plugins/boardmanager/
2026-02-22 07:26:22,634 [INFO] ApiDb:261 - Set plugin images path to: D:\Stm32cubeIDE\STM32CubeIDE_1.16.1\STM32CubeIDE\plugins\com.st.stm32cube.common.mx_6.12.1.202409122256\\db\/plugins/mcufinder/images/
2026-02-22 07:26:22,634 [WARN] DbFile:41 - Overriding database path with different value: C:\Users\ASUS\.stmcufinder\plugins\mcufinder/ => C:\Users\ASUS\.stmcufinder\plugins\mcufinder
2026-02-22 07:26:22,635 [INFO] ApiDb:250 - Set database path to: C:\Users\ASUS\.stmcufinder\plugins\mcufinder//mcu/
2026-02-22 07:26:22,635 [WARN] DbFile:41 - Overriding database path with different value: C:\Users\ASUS\.stmcufinder\plugins\mcufinder/ => C:\Users\ASUS\.stmcufinder\plugins\mcufinder
2026-02-22 07:26:22,635 [INFO] DbMcusAds:125 - Set database path to: C:\Users\ASUS\.stmcufinder\plugins\mcufinder//mcu/
2026-02-22 07:26:22,635 [WARN] DbFile:41 - Overriding database path with different value: C:\Users\ASUS\.stmcufinder\plugins\mcufinder/ => C:\Users\ASUS\.stmcufinder\plugins\mcufinder
2026-02-22 07:26:22,635 [WARN] DbFile:41 - Overriding database path with different value: C:\Users\ASUS\.stmcufinder\plugins\mcufinder/ => C:\Users\ASUS\.stmcufinder\plugins\mcufinder
2026-02-22 07:26:22,635 [INFO] CrossReferenceDbSqlite:203 - Set database path to: C:\Users\ASUS\.stmcufinder\plugins\mcufinder//mcu/cs/
2026-02-22 07:26:22,675 [INFO] ApplicationProperties:184 - Using Application install path: D:\Stm32cubeIDE\STM32CubeIDE_1.16.1\STM32CubeIDE\plugins\com.st.stm32cube.common.mx_6.12.1.202409122256
2026-02-22 07:26:22,677 [INFO] PluginManage:196 - Search for loadable plugins [exclusion list=, ]
2026-02-22 07:26:22,681 [INFO] PluginManage:310 - Check plugin analytics
2026-02-22 07:26:23,024 [INFO] AnalyticsPlugin:253 - Accepted Software Licenses: STM32CubeMX.6.16.0
2026-02-22 07:26:23,025 [INFO] AnalyticsPlugin:255 - Accepted CMSIS Pack Licenses: 
2026-02-22 07:26:23,025 [INFO] AnalyticsPlugin:257 - Accepted Firmware Licenses: FW.H7.1.11.0
2026-02-22 07:26:23,027 [INFO] PluginManage:359 - Loaded plugin analytics (category:tool,tabindex:-1)
2026-02-22 07:26:23,027 [INFO] PluginManage:310 - Check plugin cadmodel
2026-02-22 07:26:23,087 [INFO] CADModel:105 - Init CAD model plugin
2026-02-22 07:26:23,087 [INFO] PluginManage:359 - Loaded plugin cadmodel (category:power,tabindex:5)
2026-02-22 07:26:23,088 [INFO] PluginManage:310 - Check plugin clock
2026-02-22 07:26:23,150 [INFO] PluginManage:359 - Loaded plugin clock (category:base,tabindex:2)
2026-02-22 07:26:23,151 [INFO] PluginManage:310 - Check plugin ddr
2026-02-22 07:26:23,157 [INFO] PluginManage:359 - Loaded plugin ddr (category:tool,tabindex:6)
2026-02-22 07:26:23,157 [INFO] PluginManage:310 - Check plugin filemanager
2026-02-22 07:26:23,827 [INFO] PluginManage:359 - Loaded plugin filemanager (category:base,tabindex:10)
2026-02-22 07:26:23,827 [INFO] PluginManage:310 - Check plugin ipmanager
2026-02-22 07:26:23,867 [INFO] PluginManage:359 - Loaded plugin ipmanager (category:base,tabindex:5)
2026-02-22 07:26:23,867 [INFO] PluginManage:310 - Check plugin lpbam
2026-02-22 07:26:23,892 [INFO] PluginManage:359 - Loaded plugin lpbam (category:base,tabindex:0)
2026-02-22 07:26:23,892 [INFO] PluginManage:310 - Check plugin memorymap
2026-02-22 07:26:23,953 [INFO] PluginManage:359 - Loaded plugin memorymap (category:base,tabindex:4)
2026-02-22 07:26:23,954 [INFO] PluginManage:310 - Check plugin pinoutandconfiguration
2026-02-22 07:26:24,013 [INFO] PluginManage:359 - Loaded plugin pinoutandconfiguration (category:base,tabindex:1)
2026-02-22 07:26:24,013 [INFO] PluginManage:310 - Check plugin pinoutconfig
2026-02-22 07:26:24,215 [WARN] SupportedApi:132 - Cannot load RTOS API schema: s4s-elt-must-match.1: The content of 'definitions' must match (annotation?, (simpleType | complexType)?, (unique | key | keyref)*)). A problem was found starting at: attribute.
2026-02-22 07:26:24,915 [INFO] PluginManage:359 - Loaded plugin pinoutconfig (category:base,tabindex:0)
2026-02-22 07:26:24,915 [INFO] PluginManage:310 - Check plugin power
2026-02-22 07:26:24,989 [INFO] PluginManage:359 - Loaded plugin power (category:power,tabindex:4)
2026-02-22 07:26:24,989 [INFO] PluginManage:310 - Check plugin projectmanager
2026-02-22 07:26:25,041 [INFO] PluginManage:359 - Loaded plugin projectmanager (category:projectmanager,tabindex:4)
2026-02-22 07:26:25,041 [INFO] PluginManage:310 - Check plugin rif
2026-02-22 07:26:25,160 [INFO] PluginManage:359 - Loaded plugin rif (category:base,tabindex:3)
2026-02-22 07:26:25,160 [INFO] PluginManage:310 - Check plugin thirdparty
2026-02-22 07:26:25,877 [INFO] PluginManage:359 - Loaded plugin thirdparty (category:base,tabindex:-1)
2026-02-22 07:26:25,877 [WARN] IntegrityCheckThread:84 - waiting for thirdparty lock release [integrity check]
2026-02-22 07:26:25,877 [INFO] PluginManage:310 - Check plugin tools
2026-02-22 07:26:25,877 [INFO] IntegrityCheckThread:86 - entering critical section [integrity check]
2026-02-22 07:26:25,878 [INFO] ThirdPartyUpdaterWithRetryManager:70 - Updater plugin not ready yet. [1/15]
2026-02-22 07:26:25,976 [INFO] PluginManage:359 - Loaded plugin tools (category:base,tabindex:7)
2026-02-22 07:26:25,976 [INFO] PluginManage:310 - Check plugin tutovideos
2026-02-22 07:26:26,622 [INFO] PluginManage:359 - Loaded plugin tutovideos (category:base,tabindex:-1)
2026-02-22 07:26:26,622 [INFO] PluginManage:310 - Check plugin updater
2026-02-22 07:26:26,686 [INFO] PluginManage:359 - Loaded plugin updater (category:base,tabindex:12)
2026-02-22 07:26:26,687 [INFO] PluginManage:310 - Check plugin userauth
2026-02-22 07:26:26,764 [INFO] UserAuth:113 - Init User Auth plugin
2026-02-22 07:26:26,764 [INFO] PluginManage:359 - Loaded plugin userauth (category:base,tabindex:14)
2026-02-22 07:26:26,767 [INFO] PluginManage:283 - PluginManage : Loaded plugins [18]
2026-02-22 07:26:27,657 [INFO] PinOutPanel:1561 - setPackage(No Configuration,No Configuration)
2026-02-22 07:26:27,940 [INFO] CADModel:165 - CPN selected for project level
2026-02-22 07:26:27,940 [INFO] CADModel:114 - Register for checkConnection events
2026-02-22 07:26:28,020 [INFO] IPUIPlugin:80 - create IPUIPlugin
2026-02-22 07:26:28,020 [INFO] PluginManager:220 - loadIPPluginJar : add adc
2026-02-22 07:26:28,142 [INFO] IPUIPlugin:80 - create IPUIPlugin
2026-02-22 07:26:28,143 [INFO] PluginManager:220 - loadIPPluginJar : add aes
2026-02-22 07:26:28,211 [INFO] IPUIPlugin:80 - create IPUIPlugin
2026-02-22 07:26:28,211 [INFO] PluginManager:220 - loadIPPluginJar : add can
2026-02-22 07:26:28,258 [INFO] IPUIPlugin:80 - create IPUIPlugin
2026-02-22 07:26:28,258 [INFO] PluginManager:220 - loadIPPluginJar : add comp
2026-02-22 07:26:28,317 [INFO] IPUIPlugin:80 - create IPUIPlugin
2026-02-22 07:26:28,317 [INFO] PluginManager:220 - loadIPPluginJar : add cryp
2026-02-22 07:26:28,451 [INFO] IPUIPlugin:80 - create IPUIPlugin
2026-02-22 07:26:28,451 [INFO] PluginManager:220 - loadIPPluginJar : add ddr_ctrl_phy
2026-02-22 07:26:28,546 [INFO] IPUIPlugin:80 - create IPUIPlugin
2026-02-22 07:26:28,546 [INFO] PluginManager:220 - loadIPPluginJar : add dfsdm
2026-02-22 07:26:28,578 [INFO] IPUIPlugin:80 - create IPUIPlugin
2026-02-22 07:26:28,579 [INFO] PluginManager:220 - loadIPPluginJar : add dma
2026-02-22 07:26:28,663 [INFO] IPUIPlugin:80 - create IPUIPlugin
2026-02-22 07:26:28,663 [INFO] PluginManager:220 - loadIPPluginJar : add dma3
2026-02-22 07:26:28,732 [INFO] IPUIPlugin:80 - create IPUIPlugin
2026-02-22 07:26:28,732 [INFO] PluginManager:220 - loadIPPluginJar : add extmemmanager
2026-02-22 07:26:28,779 [INFO] IPUIPlugin:80 - create IPUIPlugin
2026-02-22 07:26:28,779 [INFO] PluginManager:220 - loadIPPluginJar : add fatfs
2026-02-22 07:26:28,864 [INFO] IPUIPlugin:80 - create IPUIPlugin
2026-02-22 07:26:28,864 [INFO] PluginManager:220 - loadIPPluginJar : add fmc
2026-02-22 07:26:28,878 [INFO] ThirdPartyUpdaterWithRetryManager:70 - Updater plugin not ready yet. [2/15]
2026-02-22 07:26:28,914 [INFO] IPUIPlugin:80 - create IPUIPlugin
2026-02-22 07:26:28,914 [INFO] PluginManager:220 - loadIPPluginJar : add freertos
2026-02-22 07:26:28,963 [INFO] IPUIPlugin:80 - create IPUIPlugin
2026-02-22 07:26:28,963 [INFO] PluginManager:220 - loadIPPluginJar : add genericplugin
2026-02-22 07:26:29,102 [INFO] IPUIPlugin:80 - create IPUIPlugin
2026-02-22 07:26:29,102 [INFO] PluginManager:220 - loadIPPluginJar : add gfxmmu
2026-02-22 07:26:29,284 [INFO] IPUIPlugin:80 - create IPUIPlugin
2026-02-22 07:26:29,284 [INFO] PluginManager:220 - loadIPPluginJar : add gic
2026-02-22 07:26:29,313 [INFO] IPUIPlugin:80 - create IPUIPlugin
2026-02-22 07:26:29,314 [INFO] PluginManager:220 - loadIPPluginJar : add gpio
2026-02-22 07:26:29,455 [INFO] IPUIPlugin:80 - create IPUIPlugin
2026-02-22 07:26:29,455 [INFO] PluginManager:220 - loadIPPluginJar : add gtzc
2026-02-22 07:26:29,502 [INFO] IPUIPlugin:80 - create IPUIPlugin
2026-02-22 07:26:29,502 [INFO] PluginManager:220 - loadIPPluginJar : add hash
2026-02-22 07:26:29,592 [INFO] IPUIPlugin:80 - create IPUIPlugin
2026-02-22 07:26:29,592 [INFO] PluginManager:220 - loadIPPluginJar : add i2c
2026-02-22 07:26:29,655 [INFO] IPUIPlugin:80 - create IPUIPlugin
2026-02-22 07:26:29,655 [INFO] PluginManager:220 - loadIPPluginJar : add i2s
2026-02-22 07:26:29,712 [INFO] IPUIPlugin:80 - create IPUIPlugin
2026-02-22 07:26:29,713 [INFO] PluginManager:220 - loadIPPluginJar : add i3c
2026-02-22 07:26:29,893 [INFO] IPUIPlugin:80 - create IPUIPlugin
2026-02-22 07:26:29,893 [INFO] PluginManager:220 - loadIPPluginJar : add ipddr
2026-02-22 07:26:30,036 [INFO] IPUIPlugin:80 - create IPUIPlugin
2026-02-22 07:26:30,037 [INFO] PluginManager:220 - loadIPPluginJar : add linkedlist
2026-02-22 07:26:30,097 [INFO] IPUIPlugin:80 - create IPUIPlugin
2026-02-22 07:26:30,097 [INFO] PluginManager:220 - loadIPPluginJar : add lorawan
2026-02-22 07:26:30,175 [INFO] IPUIPlugin:80 - create IPUIPlugin
2026-02-22 07:26:30,175 [INFO] PluginManager:220 - loadIPPluginJar : add ltdc
2026-02-22 07:26:30,207 [INFO] IPUIPlugin:80 - create IPUIPlugin
2026-02-22 07:26:30,207 [INFO] PluginManager:220 - loadIPPluginJar : add mdma
2026-02-22 07:26:30,249 [INFO] IPUIPlugin:80 - create IPUIPlugin
2026-02-22 07:26:30,250 [INFO] PluginManager:220 - loadIPPluginJar : add nvic
2026-02-22 07:26:30,315 [INFO] IPUIPlugin:80 - create IPUIPlugin
2026-02-22 07:26:30,315 [INFO] PluginManager:220 - loadIPPluginJar : add opamp
2026-02-22 07:26:30,418 [INFO] IPUIPlugin:80 - create IPUIPlugin
2026-02-22 07:26:30,418 [INFO] PluginManager:220 - loadIPPluginJar : add openamp
2026-02-22 07:26:30,491 [INFO] IPUIPlugin:80 - create IPUIPlugin
2026-02-22 07:26:30,491 [INFO] PluginManager:220 - loadIPPluginJar : add pdm2pcm
2026-02-22 07:26:30,528 [INFO] IPUIPlugin:80 - create IPUIPlugin
2026-02-22 07:26:30,530 [INFO] PluginManager:220 - loadIPPluginJar : add plateformsettings
2026-02-22 07:26:30,575 [INFO] IPUIPlugin:80 - create IPUIPlugin
2026-02-22 07:26:30,575 [INFO] PluginManager:220 - loadIPPluginJar : add quadspi
2026-02-22 07:26:30,625 [INFO] IPUIPlugin:80 - create IPUIPlugin
2026-02-22 07:26:30,626 [INFO] PluginManager:220 - loadIPPluginJar : add radio
2026-02-22 07:26:30,663 [INFO] IPUIPlugin:80 - create IPUIPlugin
2026-02-22 07:26:30,663 [INFO] PluginManager:220 - loadIPPluginJar : add resmgrutility
2026-02-22 07:26:30,736 [INFO] IPUIPlugin:80 - create IPUIPlugin
2026-02-22 07:26:30,736 [INFO] PluginManager:220 - loadIPPluginJar : add sai
2026-02-22 07:26:30,786 [INFO] IPUIPlugin:80 - create IPUIPlugin
2026-02-22 07:26:30,786 [INFO] PluginManager:220 - loadIPPluginJar : add spi
2026-02-22 07:26:30,888 [INFO] IPUIPlugin:80 - create IPUIPlugin
2026-02-22 07:26:30,889 [INFO] PluginManager:220 - loadIPPluginJar : add stm32_wpan
2026-02-22 07:26:30,927 [INFO] IPUIPlugin:80 - create IPUIPlugin
2026-02-22 07:26:30,927 [INFO] PluginManager:220 - loadIPPluginJar : add tim
2026-02-22 07:26:31,017 [INFO] IPUIPlugin:80 - create IPUIPlugin
2026-02-22 07:26:31,017 [INFO] PluginManager:220 - loadIPPluginJar : add touchsensing
2026-02-22 07:26:31,064 [INFO] IPUIPlugin:80 - create IPUIPlugin
2026-02-22 07:26:31,064 [INFO] PluginManager:220 - loadIPPluginJar : add tracer_emb
2026-02-22 07:26:31,133 [INFO] IPUIPlugin:80 - create IPUIPlugin
2026-02-22 07:26:31,134 [INFO] PluginManager:220 - loadIPPluginJar : add ts
2026-02-22 07:26:31,180 [INFO] IPUIPlugin:80 - create IPUIPlugin
2026-02-22 07:26:31,180 [INFO] PluginManager:220 - loadIPPluginJar : add tsc
2026-02-22 07:26:31,215 [INFO] IPUIPlugin:80 - create IPUIPlugin
2026-02-22 07:26:31,216 [INFO] PluginManager:220 - loadIPPluginJar : add ucpd
2026-02-22 07:26:31,274 [INFO] IPUIPlugin:80 - create IPUIPlugin
2026-02-22 07:26:31,274 [INFO] PluginManager:220 - loadIPPluginJar : add usart
2026-02-22 07:26:31,355 [INFO] IPUIPlugin:80 - create IPUIPlugin
2026-02-22 07:26:31,355 [INFO] PluginManager:220 - loadIPPluginJar : add usbx
2026-02-22 07:26:31,526 [INFO] CADModel:165 - CPN selected for project level
2026-02-22 07:26:31,526 [INFO] CADModel:114 - Register for checkConnection events
2026-02-22 07:26:31,527 [FATAL] Updater:334 - Updater called before beeing initialized
2026-02-22 07:26:31,527 [ERROR] CADModel:125 - Updater not yet initialized, retry later 
2026-02-22 07:26:31,881 [INFO] ThirdPartyUpdaterWithRetryManager:70 - Updater plugin not ready yet. [3/15]
2026-02-22 07:26:31,916 [INFO] CADModel:165 - CPN selected for project level
2026-02-22 07:26:31,916 [INFO] CADModel:114 - Register for checkConnection events
2026-02-22 07:26:31,916 [FATAL] Updater:334 - Updater called before beeing initialized
2026-02-22 07:26:31,917 [ERROR] CADModel:125 - Updater not yet initialized, retry later 
2026-02-22 07:26:31,924 [FATAL] Updater:334 - Updater called before beeing initialized
2026-02-22 07:26:32,062 [FATAL] Updater:334 - Updater called before beeing initialized
2026-02-22 07:26:32,087 [INFO] DbMcusAds:53 - JSON generation date=Wed Feb 18 20:02:49 IST 2026 (1771425169371)
2026-02-22 07:26:32,087 [FATAL] Updater:334 - Updater called before beeing initialized
2026-02-22 07:26:32,355 [WARN] DetailPanel:346 - Failed to get advertising image, set to default
2026-02-22 07:26:32,552 [FATAL] Updater:334 - Updater called before beeing initialized
2026-02-22 07:26:32,554 [FATAL] Updater:334 - Updater called before beeing initialized
2026-02-22 07:26:32,554 [FATAL] Updater:334 - Updater called before beeing initialized
2026-02-22 07:26:32,554 [WARN] DetailPanel:346 - Failed to get advertising image, set to default
2026-02-22 07:26:32,555 [FATAL] Updater:334 - Updater called before beeing initialized
2026-02-22 07:26:32,778 [ERROR] Updater:1164 - MainUpdater not yet initialized. External WinMGr cannot be set.
2026-02-22 07:26:32,806 [INFO] Updater:1100 - Updater Version found : 6.12.1
2026-02-22 07:26:32,859 [INFO] ApplicationProperties:184 - Using Application install path: D:\Stm32cubeIDE\STM32CubeIDE_1.16.1\STM32CubeIDE\plugins\com.st.stm32cube.common.mx_6.12.1.202409122256
2026-02-22 07:26:34,641 [ERROR] LogOutputStream:75 - [STDERR_REDIRECT] Feb 22, 2026 7:26:34 AM java.util.prefs.WindowsPreferences <init>
2026-02-22 07:26:34,645 [ERROR] LogOutputStream:75 - [STDERR_REDIRECT] WARNING: Could not open/create prefs root node Software\JavaSoft\Prefs at root 0xffffffff80000002. Windows RegCreateKeyEx(...) returned error code 5.
2026-02-22 07:26:34,645 [ERROR] LogOutputStream:75 - [STDERR_REDIRECT] 
2026-02-22 07:26:34,882 [FATAL] Updater:334 - Updater called before beeing initialized
2026-02-22 07:26:34,882 [ERROR] IntegrityCheckThread:130 - Cannot retrieve database content from updater: error 21
2026-02-22 07:26:34,882 [INFO] ThirdParty:978 - Integrity check success = false
2026-02-22 07:26:34,882 [INFO] IntegrityCheckThread:100 - exiting critical section [integrity check]
2026-02-22 07:26:34,882 [INFO] IntegrityCheckThread:103 - End integrity checks thread
2026-02-22 07:26:35,550 [INFO] MainUpdater:2873 - connection check result : 10
2026-02-22 07:26:35,551 [INFO] MainUpdater:290 - Updater Check For Update Now.
2026-02-22 07:26:35,552 [INFO] MicroXplorer:498 - Change Database Version : DB.6.0.121
2026-02-22 07:26:35,657 [INFO] McuFinderGlobals:63 - Set McuFinder mode to 2 (CubeIDE integrated)
2026-02-22 07:26:35,658 [INFO] UserAuth:179 - activating auth plugin
2026-02-22 07:26:35,678 [INFO] UserAuth:417 - Internet connection configuration mode: 1
2026-02-22 07:26:35,840 [INFO] JxBrowserEngine:152 - Initiate JxBrowser Engine with user profile folder
2026-02-22 07:26:35,864 [INFO] CheckServerUpdateThread:120 - End of CheckServer Thread
2026-02-22 07:26:40,287 [INFO] WebApp:167 - Instantiating new browser for Auth
2026-02-22 07:26:41,726 [INFO] WebApp:448 - Apply proxy settings
2026-02-22 07:26:41,727 [INFO] WebApp:533 - Chromium requires no authentication
2026-02-22 07:26:41,769 [INFO] WebApp:476 - Direct internet connection detected
2026-02-22 07:26:41,832 [INFO] WebApp:869 - Register for checkConnection events
2026-02-22 07:26:41,833 [INFO] WebApp:448 - Apply proxy settings
2026-02-22 07:26:41,833 [INFO] WebApp:533 - Chromium requires no authentication
2026-02-22 07:26:41,833 [INFO] WebApp:476 - Direct internet connection detected
2026-02-22 07:26:42,267 [INFO] WebApp:220 - Starting web application
2026-02-22 07:26:42,267 [INFO] WebApp:578 - Web application path used D:\Stm32cubeIDE\STM32CubeIDE_1.16.1\STM32CubeIDE\plugins\com.st.stm32cube.common.mx_6.12.1.202409122256\db\plugins\mcufinder\reactClient1\index.html
2026-02-22 07:26:42,516 [INFO] WebApp:186 - Connection restablished
2026-02-22 07:58:01,302 [INFO] WebApp:189 - Connection lost
2026-02-22 08:05:48,194 [INFO] WebApp:186 - Connection restablished
2026-02-22 11:16:00,150 [INFO] Activator:176 - 


2026-02-22 11:16:00,163 [INFO] Activator:177 - !SESSION log4j initialized
2026-02-22 11:16:19,540 [INFO] LogOutputStream:77 - [STDOUT_REDIRECT] 
2026-02-22 11:16:24,670 [INFO] ApplicationProperties:184 - Using Application install path: D:\Stm32cubeIDE\STM32CubeIDE_1.16.1\STM32CubeIDE\plugins\com.st.stm32cube.common.mx_6.12.1.202409122256
2026-02-22 11:16:24,733 [INFO] DbMcusXml:78 - Set database path to: D:\Stm32cubeIDE\STM32CubeIDE_1.16.1\STM32CubeIDE\plugins\com.st.stm32cube.common.mx_6.12.1.202409122256\\db\/mcu/
2026-02-22 11:16:24,733 [INFO] ApiDb:274 - Set plugin database path to: D:\Stm32cubeIDE\STM32CubeIDE_1.16.1\STM32CubeIDE\plugins\com.st.stm32cube.common.mx_6.12.1.202409122256\\db\/plugins/boardmanager/
2026-02-22 11:16:24,734 [WARN] ApiDb:259 - Overriding images path with different value:  => D:\Stm32cubeIDE\STM32CubeIDE_1.16.1\STM32CubeIDE\plugins\com.st.stm32cube.common.mx_6.12.1.202409122256\\db\/plugins/mcufinder/images/
2026-02-22 11:16:24,939 [INFO] ApiDb:250 - Set database path to: C:\Users\ASUS\.stmcufinder\plugins\mcufinder//mcu/
2026-02-22 11:16:24,940 [INFO] DbMcusAds:125 - Set database path to: C:\Users\ASUS\.stmcufinder\plugins\mcufinder//mcu/
2026-02-22 11:16:24,946 [INFO] CrossReferenceDbSqlite:203 - Set database path to: C:\Users\ASUS\.stmcufinder\plugins\mcufinder//mcu/cs/
2026-02-22 11:16:25,224 [INFO] RulesReader:64 - Compatibility file has been processed (297 Rules)
2026-02-22 11:16:25,530 [INFO] DbMcusXml:78 - Set database path to: D:\Stm32cubeIDE\STM32CubeIDE_1.16.1\STM32CubeIDE\plugins\com.st.stm32cube.common.mx_6.12.1.202409122256\\db\/mcu/
2026-02-22 11:16:25,530 [INFO] ApiDb:274 - Set plugin database path to: D:\Stm32cubeIDE\STM32CubeIDE_1.16.1\STM32CubeIDE\plugins\com.st.stm32cube.common.mx_6.12.1.202409122256\\db\/plugins/boardmanager/
2026-02-22 11:16:25,530 [INFO] ApiDb:261 - Set plugin images path to: D:\Stm32cubeIDE\STM32CubeIDE_1.16.1\STM32CubeIDE\plugins\com.st.stm32cube.common.mx_6.12.1.202409122256\\db\/plugins/mcufinder/images/
2026-02-22 11:16:25,530 [WARN] DbFile:41 - Overriding database path with different value: C:\Users\ASUS\.stmcufinder\plugins\mcufinder/ => C:\Users\ASUS\.stmcufinder\plugins\mcufinder
2026-02-22 11:16:25,530 [INFO] ApiDb:250 - Set database path to: C:\Users\ASUS\.stmcufinder\plugins\mcufinder//mcu/
2026-02-22 11:16:25,531 [WARN] DbFile:41 - Overriding database path with different value: C:\Users\ASUS\.stmcufinder\plugins\mcufinder/ => C:\Users\ASUS\.stmcufinder\plugins\mcufinder
2026-02-22 11:16:25,531 [INFO] DbMcusAds:125 - Set database path to: C:\Users\ASUS\.stmcufinder\plugins\mcufinder//mcu/
2026-02-22 11:16:25,531 [WARN] DbFile:41 - Overriding database path with different value: C:\Users\ASUS\.stmcufinder\plugins\mcufinder/ => C:\Users\ASUS\.stmcufinder\plugins\mcufinder
2026-02-22 11:16:25,531 [WARN] DbFile:41 - Overriding database path with different value: C:\Users\ASUS\.stmcufinder\plugins\mcufinder/ => C:\Users\ASUS\.stmcufinder\plugins\mcufinder
2026-02-22 11:16:25,531 [INFO] CrossReferenceDbSqlite:203 - Set database path to: C:\Users\ASUS\.stmcufinder\plugins\mcufinder//mcu/cs/
2026-02-22 11:16:25,754 [INFO] MainPanel:268 - HeapMemory: 268435456
2026-02-22 11:16:26,166 [INFO] DbMcusXml:78 - Set database path to: D:\Stm32cubeIDE\STM32CubeIDE_1.16.1\STM32CubeIDE\plugins\com.st.stm32cube.common.mx_6.12.1.202409122256\\db\/mcu/
2026-02-22 11:16:26,166 [INFO] ApiDb:274 - Set plugin database path to: D:\Stm32cubeIDE\STM32CubeIDE_1.16.1\STM32CubeIDE\plugins\com.st.stm32cube.common.mx_6.12.1.202409122256\\db\/plugins/boardmanager/
2026-02-22 11:16:26,167 [INFO] ApiDb:261 - Set plugin images path to: D:\Stm32cubeIDE\STM32CubeIDE_1.16.1\STM32CubeIDE\plugins\com.st.stm32cube.common.mx_6.12.1.202409122256\\db\/plugins/mcufinder/images/
2026-02-22 11:16:26,167 [WARN] DbFile:41 - Overriding database path with different value: C:\Users\ASUS\.stmcufinder\plugins\mcufinder/ => C:\Users\ASUS\.stmcufinder\plugins\mcufinder
2026-02-22 11:16:26,167 [INFO] ApiDb:250 - Set database path to: C:\Users\ASUS\.stmcufinder\plugins\mcufinder//mcu/
2026-02-22 11:16:26,167 [WARN] DbFile:41 - Overriding database path with different value: C:\Users\ASUS\.stmcufinder\plugins\mcufinder/ => C:\Users\ASUS\.stmcufinder\plugins\mcufinder
2026-02-22 11:16:26,167 [INFO] DbMcusAds:125 - Set database path to: C:\Users\ASUS\.stmcufinder\plugins\mcufinder//mcu/
2026-02-22 11:16:26,167 [WARN] DbFile:41 - Overriding database path with different value: C:\Users\ASUS\.stmcufinder\plugins\mcufinder/ => C:\Users\ASUS\.stmcufinder\plugins\mcufinder
2026-02-22 11:16:26,167 [WARN] DbFile:41 - Overriding database path with different value: C:\Users\ASUS\.stmcufinder\plugins\mcufinder/ => C:\Users\ASUS\.stmcufinder\plugins\mcufinder
2026-02-22 11:16:26,167 [INFO] CrossReferenceDbSqlite:203 - Set database path to: C:\Users\ASUS\.stmcufinder\plugins\mcufinder//mcu/cs/
2026-02-22 11:16:26,206 [INFO] ApplicationProperties:184 - Using Application install path: D:\Stm32cubeIDE\STM32CubeIDE_1.16.1\STM32CubeIDE\plugins\com.st.stm32cube.common.mx_6.12.1.202409122256
2026-02-22 11:16:26,211 [INFO] PluginManage:196 - Search for loadable plugins [exclusion list=, ]
2026-02-22 11:16:26,215 [INFO] PluginManage:310 - Check plugin analytics
2026-02-22 11:16:26,586 [INFO] AnalyticsPlugin:253 - Accepted Software Licenses: STM32CubeMX.6.16.0
2026-02-22 11:16:26,586 [INFO] AnalyticsPlugin:255 - Accepted CMSIS Pack Licenses: 
2026-02-22 11:16:26,586 [INFO] AnalyticsPlugin:257 - Accepted Firmware Licenses: FW.H7.1.11.0
2026-02-22 11:16:26,591 [INFO] PluginManage:359 - Loaded plugin analytics (category:tool,tabindex:-1)
2026-02-22 11:16:26,592 [INFO] PluginManage:310 - Check plugin cadmodel
2026-02-22 11:16:26,731 [INFO] CADModel:105 - Init CAD model plugin
2026-02-22 11:16:26,732 [INFO] PluginManage:359 - Loaded plugin cadmodel (category:power,tabindex:5)
2026-02-22 11:16:26,732 [INFO] PluginManage:310 - Check plugin clock
2026-02-22 11:16:26,797 [INFO] PluginManage:359 - Loaded plugin clock (category:base,tabindex:2)
2026-02-22 11:16:26,797 [INFO] PluginManage:310 - Check plugin ddr
2026-02-22 11:16:26,819 [INFO] PluginManage:359 - Loaded plugin ddr (category:tool,tabindex:6)
2026-02-22 11:16:26,819 [INFO] PluginManage:310 - Check plugin filemanager
2026-02-22 11:16:27,563 [INFO] PluginManage:359 - Loaded plugin filemanager (category:base,tabindex:10)
2026-02-22 11:16:27,563 [INFO] PluginManage:310 - Check plugin ipmanager
2026-02-22 11:16:27,594 [INFO] PluginManage:359 - Loaded plugin ipmanager (category:base,tabindex:5)
2026-02-22 11:16:27,594 [INFO] PluginManage:310 - Check plugin lpbam
2026-02-22 11:16:27,622 [INFO] PluginManage:359 - Loaded plugin lpbam (category:base,tabindex:0)
2026-02-22 11:16:27,622 [INFO] PluginManage:310 - Check plugin memorymap
2026-02-22 11:16:27,676 [INFO] PluginManage:359 - Loaded plugin memorymap (category:base,tabindex:4)
2026-02-22 11:16:27,676 [INFO] PluginManage:310 - Check plugin pinoutandconfiguration
2026-02-22 11:16:27,777 [INFO] PluginManage:359 - Loaded plugin pinoutandconfiguration (category:base,tabindex:1)
2026-02-22 11:16:27,777 [INFO] PluginManage:310 - Check plugin pinoutconfig
2026-02-22 11:16:27,950 [WARN] SupportedApi:132 - Cannot load RTOS API schema: s4s-elt-must-match.1: The content of 'definitions' must match (annotation?, (simpleType | complexType)?, (unique | key | keyref)*)). A problem was found starting at: attribute.
2026-02-22 11:16:28,298 [INFO] PluginManage:359 - Loaded plugin pinoutconfig (category:base,tabindex:0)
2026-02-22 11:16:28,299 [INFO] PluginManage:310 - Check plugin power
2026-02-22 11:16:28,369 [INFO] PluginManage:359 - Loaded plugin power (category:power,tabindex:4)
2026-02-22 11:16:28,369 [INFO] PluginManage:310 - Check plugin projectmanager
2026-02-22 11:16:28,424 [INFO] PluginManage:359 - Loaded plugin projectmanager (category:projectmanager,tabindex:4)
2026-02-22 11:16:28,425 [INFO] PluginManage:310 - Check plugin rif
2026-02-22 11:16:28,524 [INFO] PluginManage:359 - Loaded plugin rif (category:base,tabindex:3)
2026-02-22 11:16:28,525 [INFO] PluginManage:310 - Check plugin thirdparty
2026-02-22 11:16:29,294 [INFO] PluginManage:359 - Loaded plugin thirdparty (category:base,tabindex:-1)
2026-02-22 11:16:29,294 [WARN] IntegrityCheckThread:84 - waiting for thirdparty lock release [integrity check]
2026-02-22 11:16:29,294 [INFO] PluginManage:310 - Check plugin tools
2026-02-22 11:16:29,294 [INFO] IntegrityCheckThread:86 - entering critical section [integrity check]
2026-02-22 11:16:29,295 [INFO] ThirdPartyUpdaterWithRetryManager:70 - Updater plugin not ready yet. [1/15]
2026-02-22 11:16:29,363 [INFO] PluginManage:359 - Loaded plugin tools (category:base,tabindex:7)
2026-02-22 11:16:29,363 [INFO] PluginManage:310 - Check plugin tutovideos
2026-02-22 11:16:29,808 [INFO] PluginManage:359 - Loaded plugin tutovideos (category:base,tabindex:-1)
2026-02-22 11:16:29,808 [INFO] PluginManage:310 - Check plugin updater
2026-02-22 11:16:29,848 [INFO] PluginManage:359 - Loaded plugin updater (category:base,tabindex:12)
2026-02-22 11:16:29,848 [INFO] PluginManage:310 - Check plugin userauth
2026-02-22 11:16:29,860 [INFO] UserAuth:113 - Init User Auth plugin
2026-02-22 11:16:29,860 [INFO] PluginManage:359 - Loaded plugin userauth (category:base,tabindex:14)
2026-02-22 11:16:29,860 [INFO] PluginManage:283 - PluginManage : Loaded plugins [18]
2026-02-22 11:16:30,371 [INFO] PinOutPanel:1561 - setPackage(No Configuration,No Configuration)
2026-02-22 11:16:30,540 [INFO] CADModel:165 - CPN selected for project level
2026-02-22 11:16:30,540 [INFO] CADModel:114 - Register for checkConnection events
2026-02-22 11:16:30,626 [INFO] IPUIPlugin:80 - create IPUIPlugin
2026-02-22 11:16:30,626 [INFO] PluginManager:220 - loadIPPluginJar : add adc
2026-02-22 11:16:30,747 [INFO] IPUIPlugin:80 - create IPUIPlugin
2026-02-22 11:16:30,748 [INFO] PluginManager:220 - loadIPPluginJar : add aes
2026-02-22 11:16:30,828 [INFO] IPUIPlugin:80 - create IPUIPlugin
2026-02-22 11:16:30,828 [INFO] PluginManager:220 - loadIPPluginJar : add can
2026-02-22 11:16:30,883 [INFO] IPUIPlugin:80 - create IPUIPlugin
2026-02-22 11:16:30,883 [INFO] PluginManager:220 - loadIPPluginJar : add comp
2026-02-22 11:16:30,960 [INFO] IPUIPlugin:80 - create IPUIPlugin
2026-02-22 11:16:30,960 [INFO] PluginManager:220 - loadIPPluginJar : add cryp
2026-02-22 11:16:31,036 [INFO] IPUIPlugin:80 - create IPUIPlugin
2026-02-22 11:16:31,037 [INFO] PluginManager:220 - loadIPPluginJar : add ddr_ctrl_phy
2026-02-22 11:16:31,102 [INFO] IPUIPlugin:80 - create IPUIPlugin
2026-02-22 11:16:31,102 [INFO] PluginManager:220 - loadIPPluginJar : add dfsdm
2026-02-22 11:16:31,146 [INFO] IPUIPlugin:80 - create IPUIPlugin
2026-02-22 11:16:31,146 [INFO] PluginManager:220 - loadIPPluginJar : add dma
2026-02-22 11:16:31,239 [INFO] IPUIPlugin:80 - create IPUIPlugin
2026-02-22 11:16:31,239 [INFO] PluginManager:220 - loadIPPluginJar : add dma3
2026-02-22 11:16:31,368 [INFO] IPUIPlugin:80 - create IPUIPlugin
2026-02-22 11:16:31,368 [INFO] PluginManager:220 - loadIPPluginJar : add extmemmanager
2026-02-22 11:16:31,424 [INFO] IPUIPlugin:80 - create IPUIPlugin
2026-02-22 11:16:31,424 [INFO] PluginManager:220 - loadIPPluginJar : add fatfs
2026-02-22 11:16:31,519 [INFO] IPUIPlugin:80 - create IPUIPlugin
2026-02-22 11:16:31,519 [INFO] PluginManager:220 - loadIPPluginJar : add fmc
2026-02-22 11:16:31,562 [INFO] IPUIPlugin:80 - create IPUIPlugin
2026-02-22 11:16:31,562 [INFO] PluginManager:220 - loadIPPluginJar : add freertos
2026-02-22 11:16:31,659 [INFO] IPUIPlugin:80 - create IPUIPlugin
2026-02-22 11:16:31,659 [INFO] PluginManager:220 - loadIPPluginJar : add genericplugin
2026-02-22 11:16:31,841 [INFO] IPUIPlugin:80 - create IPUIPlugin
2026-02-22 11:16:31,841 [INFO] PluginManager:220 - loadIPPluginJar : add gfxmmu
2026-02-22 11:16:32,065 [INFO] IPUIPlugin:80 - create IPUIPlugin
2026-02-22 11:16:32,066 [INFO] PluginManager:220 - loadIPPluginJar : add gic
2026-02-22 11:16:32,097 [INFO] IPUIPlugin:80 - create IPUIPlugin
2026-02-22 11:16:32,097 [INFO] PluginManager:220 - loadIPPluginJar : add gpio
2026-02-22 11:16:32,299 [INFO] ThirdPartyUpdaterWithRetryManager:70 - Updater plugin not ready yet. [2/15]
2026-02-22 11:16:32,304 [INFO] IPUIPlugin:80 - create IPUIPlugin
2026-02-22 11:16:32,304 [INFO] PluginManager:220 - loadIPPluginJar : add gtzc
2026-02-22 11:16:32,360 [INFO] IPUIPlugin:80 - create IPUIPlugin
2026-02-22 11:16:32,360 [INFO] PluginManager:220 - loadIPPluginJar : add hash
2026-02-22 11:16:32,452 [INFO] IPUIPlugin:80 - create IPUIPlugin
2026-02-22 11:16:32,453 [INFO] PluginManager:220 - loadIPPluginJar : add i2c
2026-02-22 11:16:32,534 [INFO] IPUIPlugin:80 - create IPUIPlugin
2026-02-22 11:16:32,534 [INFO] PluginManager:220 - loadIPPluginJar : add i2s
2026-02-22 11:16:32,599 [INFO] IPUIPlugin:80 - create IPUIPlugin
2026-02-22 11:16:32,600 [INFO] PluginManager:220 - loadIPPluginJar : add i3c
2026-02-22 11:16:32,782 [INFO] IPUIPlugin:80 - create IPUIPlugin
2026-02-22 11:16:32,782 [INFO] PluginManager:220 - loadIPPluginJar : add ipddr
2026-02-22 11:16:32,957 [INFO] IPUIPlugin:80 - create IPUIPlugin
2026-02-22 11:16:32,957 [INFO] PluginManager:220 - loadIPPluginJar : add linkedlist
2026-02-22 11:16:33,034 [INFO] IPUIPlugin:80 - create IPUIPlugin
2026-02-22 11:16:33,034 [INFO] PluginManager:220 - loadIPPluginJar : add lorawan
2026-02-22 11:16:33,130 [INFO] IPUIPlugin:80 - create IPUIPlugin
2026-02-22 11:16:33,130 [INFO] PluginManager:220 - loadIPPluginJar : add ltdc
2026-02-22 11:16:33,166 [INFO] IPUIPlugin:80 - create IPUIPlugin
2026-02-22 11:16:33,166 [INFO] PluginManager:220 - loadIPPluginJar : add mdma
2026-02-22 11:16:33,208 [INFO] IPUIPlugin:80 - create IPUIPlugin
2026-02-22 11:16:33,209 [INFO] PluginManager:220 - loadIPPluginJar : add nvic
2026-02-22 11:16:33,284 [INFO] IPUIPlugin:80 - create IPUIPlugin
2026-02-22 11:16:33,284 [INFO] PluginManager:220 - loadIPPluginJar : add opamp
2026-02-22 11:16:33,389 [INFO] IPUIPlugin:80 - create IPUIPlugin
2026-02-22 11:16:33,389 [INFO] PluginManager:220 - loadIPPluginJar : add openamp
2026-02-22 11:16:33,503 [INFO] IPUIPlugin:80 - create IPUIPlugin
2026-02-22 11:16:33,503 [INFO] PluginManager:220 - loadIPPluginJar : add pdm2pcm
2026-02-22 11:16:33,531 [INFO] IPUIPlugin:80 - create IPUIPlugin
2026-02-22 11:16:33,533 [INFO] PluginManager:220 - loadIPPluginJar : add plateformsettings
2026-02-22 11:16:33,583 [INFO] IPUIPlugin:80 - create IPUIPlugin
2026-02-22 11:16:33,583 [INFO] PluginManager:220 - loadIPPluginJar : add quadspi
2026-02-22 11:16:33,628 [INFO] IPUIPlugin:80 - create IPUIPlugin
2026-02-22 11:16:33,629 [INFO] PluginManager:220 - loadIPPluginJar : add radio
2026-02-22 11:16:33,665 [INFO] IPUIPlugin:80 - create IPUIPlugin
2026-02-22 11:16:33,665 [INFO] PluginManager:220 - loadIPPluginJar : add resmgrutility
2026-02-22 11:16:33,739 [INFO] IPUIPlugin:80 - create IPUIPlugin
2026-02-22 11:16:33,739 [INFO] PluginManager:220 - loadIPPluginJar : add sai
2026-02-22 11:16:33,802 [INFO] IPUIPlugin:80 - create IPUIPlugin
2026-02-22 11:16:33,802 [INFO] PluginManager:220 - loadIPPluginJar : add spi
2026-02-22 11:16:33,986 [INFO] IPUIPlugin:80 - create IPUIPlugin
2026-02-22 11:16:33,987 [INFO] PluginManager:220 - loadIPPluginJar : add stm32_wpan
2026-02-22 11:16:34,074 [INFO] IPUIPlugin:80 - create IPUIPlugin
2026-02-22 11:16:34,075 [INFO] PluginManager:220 - loadIPPluginJar : add tim
2026-02-22 11:16:34,251 [INFO] IPUIPlugin:80 - create IPUIPlugin
2026-02-22 11:16:34,253 [INFO] PluginManager:220 - loadIPPluginJar : add touchsensing
2026-02-22 11:16:34,327 [INFO] IPUIPlugin:80 - create IPUIPlugin
2026-02-22 11:16:34,328 [INFO] PluginManager:220 - loadIPPluginJar : add tracer_emb
2026-02-22 11:16:34,390 [INFO] IPUIPlugin:80 - create IPUIPlugin
2026-02-22 11:16:34,390 [INFO] PluginManager:220 - loadIPPluginJar : add ts
2026-02-22 11:16:34,459 [INFO] IPUIPlugin:80 - create IPUIPlugin
2026-02-22 11:16:34,459 [INFO] PluginManager:220 - loadIPPluginJar : add tsc
2026-02-22 11:16:34,509 [INFO] IPUIPlugin:80 - create IPUIPlugin
2026-02-22 11:16:34,510 [INFO] PluginManager:220 - loadIPPluginJar : add ucpd
2026-02-22 11:16:34,607 [INFO] IPUIPlugin:80 - create IPUIPlugin
2026-02-22 11:16:34,607 [INFO] PluginManager:220 - loadIPPluginJar : add usart
2026-02-22 11:16:34,748 [INFO] IPUIPlugin:80 - create IPUIPlugin
2026-02-22 11:16:34,748 [INFO] PluginManager:220 - loadIPPluginJar : add usbx
2026-02-22 11:16:34,993 [INFO] CADModel:165 - CPN selected for project level
2026-02-22 11:16:34,993 [INFO] CADModel:114 - Register for checkConnection events
2026-02-22 11:16:34,993 [FATAL] Updater:334 - Updater called before beeing initialized
2026-02-22 11:16:34,993 [ERROR] CADModel:125 - Updater not yet initialized, retry later 
2026-02-22 11:16:35,300 [INFO] ThirdPartyUpdaterWithRetryManager:70 - Updater plugin not ready yet. [3/15]
2026-02-22 11:16:35,729 [INFO] CADModel:165 - CPN selected for project level
2026-02-22 11:16:35,729 [INFO] CADModel:114 - Register for checkConnection events
2026-02-22 11:16:35,729 [FATAL] Updater:334 - Updater called before beeing initialized
2026-02-22 11:16:35,729 [ERROR] CADModel:125 - Updater not yet initialized, retry later 
2026-02-22 11:16:35,739 [FATAL] Updater:334 - Updater called before beeing initialized
2026-02-22 11:16:36,065 [FATAL] Updater:334 - Updater called before beeing initialized
2026-02-22 11:16:36,121 [INFO] DbMcusAds:53 - JSON generation date=Wed Feb 18 20:02:49 IST 2026 (1771425169371)
2026-02-22 11:16:36,121 [FATAL] Updater:334 - Updater called before beeing initialized
2026-02-22 11:16:36,513 [WARN] DetailPanel:346 - Failed to get advertising image, set to default
2026-02-22 11:16:36,710 [FATAL] Updater:334 - Updater called before beeing initialized
2026-02-22 11:16:36,719 [FATAL] Updater:334 - Updater called before beeing initialized
2026-02-22 11:16:36,719 [FATAL] Updater:334 - Updater called before beeing initialized
2026-02-22 11:16:36,719 [WARN] DetailPanel:346 - Failed to get advertising image, set to default
2026-02-22 11:16:36,724 [FATAL] Updater:334 - Updater called before beeing initialized
2026-02-22 11:16:37,062 [ERROR] Updater:1164 - MainUpdater not yet initialized. External WinMGr cannot be set.
2026-02-22 11:16:37,121 [INFO] Updater:1100 - Updater Version found : 6.12.1
2026-02-22 11:16:37,197 [INFO] ApplicationProperties:184 - Using Application install path: D:\Stm32cubeIDE\STM32CubeIDE_1.16.1\STM32CubeIDE\plugins\com.st.stm32cube.common.mx_6.12.1.202409122256
2026-02-22 11:16:38,301 [FATAL] Updater:334 - Updater called before beeing initialized
2026-02-22 11:16:38,302 [ERROR] IntegrityCheckThread:130 - Cannot retrieve database content from updater: error 21
2026-02-22 11:16:38,302 [INFO] ThirdParty:978 - Integrity check success = false
2026-02-22 11:16:38,302 [INFO] IntegrityCheckThread:100 - exiting critical section [integrity check]
2026-02-22 11:16:38,302 [INFO] IntegrityCheckThread:103 - End integrity checks thread
2026-02-22 11:16:39,569 [ERROR] LogOutputStream:75 - [STDERR_REDIRECT] Feb 22, 2026 11:16:38 AM java.util.prefs.WindowsPreferences <init>
2026-02-22 11:16:39,572 [ERROR] LogOutputStream:75 - [STDERR_REDIRECT] WARNING: Could not open/create prefs root node Software\JavaSoft\Prefs at root 0xffffffff80000002. Windows RegCreateKeyEx(...) returned error code 5.
2026-02-22 11:16:39,572 [ERROR] LogOutputStream:75 - [STDERR_REDIRECT] 
2026-02-22 11:16:40,646 [INFO] MainUpdater:2873 - connection check result : 10
2026-02-22 11:16:40,647 [INFO] MainUpdater:290 - Updater Check For Update Now.
2026-02-22 11:16:40,648 [INFO] MicroXplorer:498 - Change Database Version : DB.6.0.121
2026-02-22 11:16:40,773 [INFO] McuFinderGlobals:63 - Set McuFinder mode to 2 (CubeIDE integrated)
2026-02-22 11:16:40,775 [INFO] UserAuth:179 - activating auth plugin
2026-02-22 11:16:40,796 [INFO] UserAuth:417 - Internet connection configuration mode: 1
2026-02-22 11:16:41,048 [INFO] JxBrowserEngine:152 - Initiate JxBrowser Engine with user profile folder
2026-02-22 11:16:41,089 [INFO] CheckServerUpdateThread:120 - End of CheckServer Thread
2026-02-22 11:16:47,943 [INFO] WebApp:167 - Instantiating new browser for Auth
2026-02-22 11:16:50,150 [INFO] WebApp:448 - Apply proxy settings
2026-02-22 11:16:50,150 [INFO] WebApp:533 - Chromium requires no authentication
2026-02-22 11:16:50,211 [INFO] WebApp:476 - Direct internet connection detected
2026-02-22 11:16:50,273 [INFO] WebApp:869 - Register for checkConnection events
2026-02-22 11:16:50,275 [INFO] WebApp:448 - Apply proxy settings
2026-02-22 11:16:50,275 [INFO] WebApp:533 - Chromium requires no authentication
2026-02-22 11:16:50,276 [INFO] WebApp:476 - Direct internet connection detected
2026-02-22 11:16:50,670 [INFO] WebApp:220 - Starting web application
2026-02-22 11:16:50,671 [INFO] WebApp:578 - Web application path used D:\Stm32cubeIDE\STM32CubeIDE_1.16.1\STM32CubeIDE\plugins\com.st.stm32cube.common.mx_6.12.1.202409122256\db\plugins\mcufinder\reactClient1\index.html
2026-02-22 11:16:51,304 [INFO] WebApp:186 - Connection restablished
2026-02-22 12:05:40,827 [INFO] McuFinderGlobals:63 - Set McuFinder mode to 2 (CubeIDE integrated)
2026-02-22 12:05:41,021 [INFO] MainUpdater:2873 - connection check result : 10
2026-02-22 12:05:45,251 [INFO] ApiDb:581 - Connected to CubeFinder SQLite database (C:\Users\ASUS\.stmcufinder\plugins\mcufinder\mcu\cube-finder-db.db)
2026-02-22 12:05:45,371 [INFO] ApiDb:668 - CubeFinder database Data Model version=2.1
2026-02-22 12:05:45,372 [INFO] ApiDb:669 - CubeFinder database Configuration version=3.0.39
2026-02-22 12:05:45,377 [INFO] ApiDb:670 - CubeFinder database generation date=2025-12-22 (1766407740)
2026-02-22 12:05:45,378 [INFO] ApiDb:671 - CubeFinder database FW Pack versions=[FP-ATR-ASTRA1_V2.0.0, FP-SNS-FLIGHT1_V5.1.0, FP-SNS-MOTENV1_V5.1.0, FP-SNS-MOTENVWB1_V1.4.0, FP-SNS-SMARTAG2_V1.2.0, FP-SNS-STBOX1_V2.1.0, STM32Cube_FW_C0_V1.4.0, STM32Cube_FW_F4_V1.28.3, STM32Cube_FW_F7_V1.17.4, STM32Cube_FW_G0_V1.6.2, STM32Cube_FW_G4_V1.6.1, STM32Cube_FW_H5_V1.5.1, STM32Cube_FW_H7RS_V1.3.0, STM32Cube_FW_H7_V1.12.1, STM32Cube_FW_L0_V1.12.2, STM32Cube_FW_L4_V1.18.1, STM32Cube_FW_L5_V1.6.0, STM32Cube_FW_N6_V1.3.0, STM32Cube_FW_U0_V1.3.0, STM32Cube_FW_U3_V1.2.1, STM32Cube_FW_U5_V1.8.0, STM32Cube_FW_WB0_V1.4.0, STM32Cube_FW_WBA_V1.8.0, STM32Cube_FW_WB_V1.24.0, STM32Cube_FW_WL3_V1.3.0, STM32Cube_FW_WL_V1.4.0, X-CUBE-ALGOBUILD_V1.4.0, X-CUBE-ALS_V1.0.2, X-CUBE-AZRTOS-F4_V1.1.0, X-CUBE-AZRTOS-F7_V1.1.0, X-CUBE-AZRTOS-G0_V1.1.0, X-CUBE-AZRTOS-G4_V2.0.0, X-CUBE-AZRTOS-H7RS_V1.1.0, X-CUBE-AZRTOS-H7_V3.4.0, X-CUBE-AZRTOS-L4_V2.0.0, X-CUBE-AZRTOS-L5_V2.0.0, X-CUBE-AZRTOS-WB_V2.0.0, X-CUBE-AZRTOS-WL_V2.0.0, X-CUBE-BLE1_V7.1.0, X-CUBE-BLE2_V3.3.0, X-CUBE-BLEMGR_V4.1.0, X-CUBE-EEPRMA1_V5.2.0, X-CUBE-FREERTOS_V1.3.1, X-CUBE-GNSS1_V6.0.0, X-CUBE-MEMS1_V12.0.0, X-CUBE-NFC4_V3.0.0, X-CUBE-NFC7_V2.0.0, X-CUBE-SFXS2LP1_V4.0.0, X-CUBE-ST67W61_V1.1.0, X-CUBE-SUBG2_V5.0.0, X-CUBE-TOF1_V3.4.3]
2026-02-22 12:05:45,589 [INFO] DbBoardsSqlite:226 - include board P-NUCLEO-WB55-NUCLEO as a kit item of type 'Nucleo-64'
2026-02-22 12:05:45,590 [INFO] DbBoardsSqlite:226 - include board P-NUCLEO-WB55-USBDONGLE as a kit item of type 'Nucleo USB Dongle'
2026-02-22 12:05:45,591 [INFO] DbBoardsSqlite:226 - include board STEVAL-IDP005V1 as a kit item of type 'Evaluation Board'
2026-02-22 12:05:45,591 [INFO] DbBoardsSqlite:226 - include board STEVAL-IDP005V2 as a kit item of type 'Evaluation Board'
2026-02-22 12:05:46,140 [INFO] ApiDb:240 - Found 646 in-development CPN: [B-G473E-ZEST1S, B-WB1M-WPAN1, B-WL5M-SUBG1, NUCLEO-C031C6, NUCLEO-C071RB, NUCLEO-H503RB, NUCLEO-H533RE, NUCLEO-H563ZI, NUCLEO-H7S3L8, NUCLEO-U031R8, NUCLEO-U083RC, NUCLEO-U545RE-Q, NUCLEO-U5A5ZJ-Q, NUCLEO-WB05KZ, NUCLEO-WB07CC, NUCLEO-WB09KE, NUCLEO-WBA52CG, NUCLEO-WBA55CG, STEVAL-PROTEUS1, STEVAL-SMARTAG2, STEVAL-STWINBX1, STM320518-EVAL, STM32C0116-DK, STM32C011D6Y3TR, STM32C011D6Y6TR, STM32C011F4P3, STM32C011F4P6, STM32C011F4U3, STM32C011F4U6TR, STM32C011F6P3, STM32C011F6P6, STM32C011F6U3, STM32C011F6U6TR, STM32C011J4M3, STM32C011J4M6, STM32C011J6M3, STM32C011J6M6, STM32C0316-DK, STM32C031C4T3, STM32C031C4T6, STM32C031C4U3, STM32C031C4U6, STM32C031C6T3, STM32C031C6T6, STM32C031C6U3, STM32C031C6U6, STM32C031F4P3, STM32C031F4P6, STM32C031F6P3, STM32C031F6P6, STM32C031G4U3, STM32C031G4U6, STM32C031G6U3, STM32C031G6U6, STM32C031K4T3, STM32C031K4T6, STM32C031K4U3, STM32C031K4U6, STM32C031K6T3, STM32C031K6T6, STM32C031K6U3, STM32C031K6U6, STM32C071C8T6, STM32C071C8T6N, STM32C071C8U6, STM32C071C8U6N, STM32C071CBT6, STM32C071CBT6N, STM32C071CBU6, STM32C071CBU6N, STM32C071F8P6, STM32C071F8P6N, STM32C071FBP6, STM32C071FBP6N, STM32C071FBY6TR, STM32C071G8U6, STM32C071G8U6N, STM32C071GBU6, STM32C071GBU6N, STM32C071K8T6, STM32C071K8T6N, STM32C071K8U6, STM32C071K8U6N, STM32C071KBT6, STM32C071KBT6N, STM32C071KBU6, STM32C071KBU6N, STM32C071R8T6, STM32C071R8T6N, STM32C071RBI6N, STM32C071RBT6, STM32C071RBT6N, STM32G071K8TXN, STM32G071K8UXN, STM32G081GBU6N, STM32G081KBT6N, STM32G081KBUXN, STM32G0B1CCT6N, STM32G0B1KCT6, STM32G0B1NEY6TR, STM32G0B1RCT6N, STM32G0C1CCT6, STM32G0C1CCT6N, STM32G0C1CCU6N, STM32G0C1CET6N, STM32G0C1CEU6N, STM32G0C1KCT6, STM32G0C1NEY6TR, STM32G0C1RCI6N, STM32G0C1RCT6N, STM32G0C1REI6N, STM32G0C1RET6N, STM32G0C1VCI6, STM32G0C1VEI6, STM32G411C6T3, STM32G411C6T6, STM32G411C6U3, STM32G411C6U6, STM32G411C8T3, STM32G411C8T6, STM32G411C8U3, STM32G411C8U6, STM32G411CBT3, STM32G411CBT6, STM32G411CBU3, STM32G411CBU6, STM32G411K6T3, STM32G411K6T6, STM32G411K6U3, STM32G411K6U6, STM32G411K8T3, STM32G411K8T6, STM32G411K8U3, STM32G411K8U6, STM32G411KBT3, STM32G411KBT6, STM32G411KBU3, STM32G411KBU6, STM32G411M6T3, STM32G411M6T6, STM32G411M8T3, STM32G411M8T6, STM32G411MBT3, STM32G411MBT6, STM32G411R6T3, STM32G411R6T6, STM32G411R8T3, STM32G411R8T6, STM32G411RBT3, STM32G411RBT6, STM32G414CBT3, STM32G414CBT6, STM32G414CBU3, STM32G414CBU6, STM32G414CCT3, STM32G414CCT6, STM32G414CCU3, STM32G414CCU6, STM32G414MBT3, STM32G414MBT6, STM32G414MCT3, STM32G414MCT6, STM32G414RBT3, STM32G414RBT6, STM32G414RCT3, STM32G414RCT6, STM32G414VBT3, STM32G414VBT6, STM32G414VCT3, STM32G414VCT6, STM32G431CBT3Z, STM32G431RBT3Z, STM32G471CCT6, STM32G471CCU6, STM32G471CET3, STM32G471CET6, STM32G471CEU3, STM32G471CEU6, STM32G471MCT6, STM32G471MET3, STM32G471MET6, STM32G471MEY6TR, STM32G471QCT6, STM32G471QET3, STM32G471RCT6, STM32G471RET3, STM32G471RET6, STM32G471VCH6, STM32G471VCI6, STM32G471VCT6, STM32G471VEH3, STM32G471VEH6, STM32G471VEI3, STM32G471VEI6, STM32G471VET3, STM32G471VET6, STM32G473QET3Z, STM32G473RET3Z, STM32G474CCT6, STM32G491RET3Z, STM32H503CBT6, STM32H503CBU6, STM32H503EBY6TR, STM32H503KBU6, STM32H503RBT6, STM32H523CCT6, STM32H523CCU6, STM32H523CET6, STM32H523CEU6, STM32H523HEY6TR, STM32H523RCT6, STM32H523RET6, STM32H523VCI6, STM32H523VCT6, STM32H523VEI6, STM32H523VET6, STM32H523ZCJ6, STM32H523ZCT6, STM32H523ZEJ6, STM32H523ZET6, STM32H533CET6, STM32H533CEU6, STM32H533HEY6TR, STM32H533RET6, STM32H533VEI6, STM32H533VET6, STM32H533ZEJ6, STM32H533ZET6, STM32H562AGI6, STM32H562AII6, STM32H562IGK6, STM32H562IGT6, STM32H562IIK6, STM32H562IIT6, STM32H562RGT6, STM32H562RGV6, STM32H562RIT6, STM32H562RIV6, STM32H562VGT6, STM32H562VIT6, STM32H562ZGT6, STM32H562ZIT6, STM32H563AGI6, STM32H563AII3Q, STM32H563AII6, STM32H563IGK6, STM32H563IGT6, STM32H563IIK3Q, STM32H563IIK6, STM32H563IIT3Q, STM32H563IIT6, STM32H563MIY3QTR, STM32H563RGT6, STM32H563RGV6, STM32H563RIT6, STM32H563RIV6, STM32H563VGT6, STM32H563VIT3Q, STM32H563VIT6, STM32H563ZGT6, STM32H563ZIT3Q, STM32H563ZIT6, STM32H573AII3Q, STM32H573AII6, STM32H573I-DK, STM32H573IIK3Q, STM32H573IIK6, STM32H573IIT3Q, STM32H573IIT6, STM32H573MIY3QTR, STM32H573RIT6, STM32H573RIV6, STM32H573VIT3Q, STM32H573VIT6, STM32H573ZIT3Q, STM32H573ZIT6, STM32H7R3A8I6, STM32H7R3I8K6, STM32H7R3I8T6, STM32H7R3L8H6, STM32H7R3L8H6H, STM32H7R3R8V6, STM32H7R3V8H6, STM32H7R3V8T6, STM32H7R3V8Y6TR, STM32H7R3Z8J6, STM32H7R3Z8T6, STM32H7R7A8I6, STM32H7R7I8K6, STM32H7R7I8T6, STM32H7R7L8H6, STM32H7R7L8H6H, STM32H7R7Z8J6, STM32H7S3A8I6, STM32H7S3I8K6, STM32H7S3I8T6, STM32H7S3L8H6, STM32H7S3L8H6H, STM32H7S3R8V6, STM32H7S3V8H6, STM32H7S3V8T6, STM32H7S3V8Y6TR, STM32H7S3Z8J6, STM32H7S3Z8T6, STM32H7S78-DK, STM32H7S7A8I6, STM32H7S7I8K6, STM32H7S7I8T6, STM32H7S7L8H6, STM32H7S7L8H6H, STM32H7S7Z8J6, STM32L4R5QGI6STR, STM32MP131AAE3, STM32MP131AAF3, STM32MP131AAG3, STM32MP131CAE3, STM32MP131CAF3, STM32MP131CAG3, STM32MP131DAE7, STM32MP131DAF7, STM32MP131DAG7, STM32MP131FAE7, STM32MP131FAF7, STM32MP131FAG7, STM32MP133AAE3, STM32MP133AAF3, STM32MP133AAG3, STM32MP133CAE3, STM32MP133CAF3, STM32MP133CAG3, STM32MP133DAE7, STM32MP133DAF7, STM32MP133DAG7, STM32MP133FAE7, STM32MP133FAF7, STM32MP133FAG7, STM32MP135AAE3, STM32MP135AAF3, STM32MP135AAG3, STM32MP135CAE3, STM32MP135CAF3, STM32MP135CAG3, STM32MP135DAE7, STM32MP135DAF7, STM32MP135DAG7, STM32MP135F-DK, STM32MP135FAE7, STM32MP135FAF7, STM32MP135FAF7T, STM32MP135FAF7U, STM32MP135FAG7, STM32MP251AAI3, STM32MP251AAK3, STM32MP251AAL3, STM32MP251CAI3, STM32MP251CAK3, STM32MP251CAL3, STM32MP251DAI3, STM32MP251DAK3, STM32MP251DAL3, STM32MP251FAI3, STM32MP251FAK3, STM32MP251FAL3, STM32MP253AAI3, STM32MP253AAK3, STM32MP253AAL3, STM32MP253CAI3, STM32MP253CAK3, STM32MP253CAL3, STM32MP253DAI3, STM32MP253DAK3, STM32MP253DAL3, STM32MP253FAI3, STM32MP253FAK3, STM32MP253FAL3, STM32MP255AAI3, STM32MP255AAK3, STM32MP255AAL3, STM32MP255CAI3, STM32MP255CAK3, STM32MP255CAL3, STM32MP255DAI3, STM32MP255DAK3, STM32MP255DAL3, STM32MP255FAI3, STM32MP255FAK3, STM32MP255FAL3, STM32MP257AAI3, STM32MP257AAK3, STM32MP257AAL3, STM32MP257CAI3, STM32MP257CAK3, STM32MP257CAL3, STM32MP257DAI3, STM32MP257DAK3, STM32MP257DAL3, STM32MP257F-DK, STM32MP257F-EV1, STM32MP257FAI3, STM32MP257FAK3, STM32MP257FAL3, STM32U031C6T6, STM32U031C6U6, STM32U031C8T6, STM32U031C8U6, STM32U031F4P6, STM32U031F6P6, STM32U031F8P6, STM32U031G6Y6TR, STM32U031G8Y6TR, STM32U031K4U6, STM32U031K6U6, STM32U031K8U6, STM32U031R6I6, STM32U031R6T6, STM32U031R8I6, STM32U031R8T6, STM32U073C8T6, STM32U073C8U6, STM32U073CBT6, STM32U073CBU6, STM32U073CCT6, STM32U073CCU6, STM32U073H8Y6TR, STM32U073HBY6TR, STM32U073HCY6TR, STM32U073K8U6, STM32U073KBU6, STM32U073KCU6, STM32U073M8I6, STM32U073M8T6, STM32U073MBI6, STM32U073MBT6, STM32U073MCI6, STM32U073MCT6, STM32U073R8I6, STM32U073R8T6, STM32U073RBI6, STM32U073RBT6, STM32U073RCI6, STM32U073RCT6, STM32U083C-DK, STM32U083CCT6, STM32U083CCU6, STM32U083HCY6TR, STM32U083KCU6, STM32U083MCI6, STM32U083MCT6, STM32U083RCI6, STM32U083RCT6, STM32U535CBT6, STM32U535CBT6Q, STM32U535CBU6, STM32U535CBU6Q, STM32U535CCT6, STM32U535CCT6Q, STM32U535CCU6, STM32U535CCU6Q, STM32U535CET6, STM32U535CET6Q, STM32U535CEU6, STM32U535CEU6Q, STM32U535JEY6QTR, STM32U535NCY6QTR, STM32U535NEY6QTR, STM32U535RBI6, STM32U535RBI6Q, STM32U535RBT6, STM32U535RBT6Q, STM32U535RCI6, STM32U535RCI6Q, STM32U535RCT6, STM32U535RCT6Q, STM32U535REI6, STM32U535REI6Q, STM32U535RET6, STM32U535RET6Q, STM32U535VCI6, STM32U535VCI6Q, STM32U535VCT6, STM32U535VCT6Q, STM32U535VEI6, STM32U535VEI6Q, STM32U535VET6, STM32U535VET6Q, STM32U545CET6, STM32U545CET6Q, STM32U545CEU6, STM32U545CEU6Q, STM32U545JEY6QTR, STM32U545NEY6QTR, STM32U545REI6, STM32U545REI6Q, STM32U545RET6, STM32U545RET6Q, STM32U545VEI6, STM32U545VEI6Q, STM32U545VET6, STM32U545VET6Q, STM32U595AIH6, STM32U595AIH6Q, STM32U595AJH6, STM32U595AJH6Q, STM32U595QII6, STM32U595QII6Q, STM32U595QJI6, STM32U595QJI6Q, STM32U595RIT6, STM32U595RIT6Q, STM32U595RJT6, STM32U595RJT6Q, STM32U595VIT6, STM32U595VIT6Q, STM32U595VJT6, STM32U595VJT6Q, STM32U595ZIT6, STM32U595ZIT6Q, STM32U595ZIY6QTR, STM32U595ZJT6, STM32U595ZJT6Q, STM32U595ZJY6QTR, STM32U599BJY6QTR, STM32U599NIH6Q, STM32U599NJH6Q, STM32U599VIT6Q, STM32U599VJT6, STM32U599VJT6Q, STM32U599ZIT6Q, STM32U599ZIY6QTR, STM32U599ZJT6Q, STM32U599ZJY6QTR, STM32U5A5AJH6, STM32U5A5AJH6Q, STM32U5A5QII3Q , STM32U5A5QJI6, STM32U5A5QJI6Q, STM32U5A5RJT6, STM32U5A5RJT6Q, STM32U5A5VJT6, STM32U5A5VJT6Q, STM32U5A5ZJT6, STM32U5A5ZJT6Q, STM32U5A5ZJY6QTR, STM32U5A9BJY6QTR, STM32U5A9J-DK, STM32U5A9NJH6Q, STM32U5A9VJT6Q, STM32U5A9ZJT6Q, STM32U5A9ZJY6QTR, STM32U5F7VIT6, STM32U5F7VIT6Q, STM32U5F7VJT6, STM32U5F7VJT6Q, STM32U5F9BJY6QTR, STM32U5F9NJH6Q, STM32U5F9VIT6Q, STM32U5F9VJT6Q, STM32U5F9ZIJ6QTR, STM32U5F9ZIT6Q, STM32U5F9ZJJ6QTR, STM32U5F9ZJT6Q, STM32U5G7VJT6, STM32U5G7VJT6Q, STM32U5G9BJY6QTR, STM32U5G9J-DK1, STM32U5G9J-DK2, STM32U5G9NJH6Q, STM32U5G9VJT6Q, STM32U5G9ZJJ6QTR, STM32U5G9ZJT6Q, STM32WB05KZV6TR, STM32WB05KZV7TR, STM32WB05TZF6TR, STM32WB05TZF7TR, STM32WB06CCF6TR, STM32WB06CCF7TR, STM32WB06CCV6TR, STM32WB06CCV7TR, STM32WB06KCV6TR, STM32WB06KCV7TR, STM32WB07CCF6TR, STM32WB07CCF7TR, STM32WB07CCV6TR, STM32WB07CCV7TR, STM32WB07KCV6TR, STM32WB07KCV7TR, STM32WB09KEV6TR, STM32WB09KEV7TR, STM32WB09TEF6TR, STM32WB09TEF7TR, STM32WB1MMCH6, STM32WBA50KGU6, STM32WBA50KGU6TR, STM32WBA52CEU6, STM32WBA52CEU6TR, STM32WBA52CEU7, STM32WBA52CEU7TR, STM32WBA52CGU6, STM32WBA52CGU6TR, STM32WBA52CGU6U, STM32WBA52CGU7, STM32WBA52CGU7TR, STM32WBA52KEU6, STM32WBA52KEU6TR, STM32WBA52KGU6, STM32WBA52KGU6TR, STM32WBA54CEU6, STM32WBA54CEU6TR, STM32WBA54CEU7, STM32WBA54CEU7TR, STM32WBA54CGU6, STM32WBA54CGU6TR, STM32WBA54CGU7, STM32WBA54CGU7TR, STM32WBA54KEU6, STM32WBA54KEU6TR, STM32WBA54KEU7, STM32WBA54KEU7TR, STM32WBA54KGU6, STM32WBA54KGU6TR, STM32WBA54KGU7, STM32WBA54KGU7TR, STM32WBA55CEU6, STM32WBA55CEU6TR, STM32WBA55CEU7, STM32WBA55CEU7TR, STM32WBA55CGU6, STM32WBA55CGU6TR, STM32WBA55CGU6U, STM32WBA55CGU7, STM32WBA55CGU7TR, STM32WBA55G-DK1, STM32WBA55HEF6, STM32WBA55HEF7, STM32WBA55HGF6, STM32WBA55HGF7, STM32WBA55UEI6, STM32WBA55UEI6TR, STM32WBA55UEI7, STM32WBA55UEI7TR, STM32WBA55UGI6, STM32WBA55UGI6TR, STM32WBA55UGI7, STM32WBA55UGI7TR, STM32WL5MOCH6, STM32WL5MOCH6TR]
2026-02-22 12:05:46,163 [INFO] ApiDb:668 - CubeFinder database Data Model version=2.1
2026-02-22 12:05:46,163 [INFO] ApiDb:669 - CubeFinder database Configuration version=3.0.39
2026-02-22 12:05:46,163 [INFO] ApiDb:670 - CubeFinder database generation date=2025-12-22 (1766407740)
2026-02-22 12:05:46,163 [INFO] ApiDb:671 - CubeFinder database FW Pack versions=[FP-ATR-ASTRA1_V2.0.0, FP-SNS-FLIGHT1_V5.1.0, FP-SNS-MOTENV1_V5.1.0, FP-SNS-MOTENVWB1_V1.4.0, FP-SNS-SMARTAG2_V1.2.0, FP-SNS-STBOX1_V2.1.0, STM32Cube_FW_C0_V1.4.0, STM32Cube_FW_F4_V1.28.3, STM32Cube_FW_F7_V1.17.4, STM32Cube_FW_G0_V1.6.2, STM32Cube_FW_G4_V1.6.1, STM32Cube_FW_H5_V1.5.1, STM32Cube_FW_H7RS_V1.3.0, STM32Cube_FW_H7_V1.12.1, STM32Cube_FW_L0_V1.12.2, STM32Cube_FW_L4_V1.18.1, STM32Cube_FW_L5_V1.6.0, STM32Cube_FW_N6_V1.3.0, STM32Cube_FW_U0_V1.3.0, STM32Cube_FW_U3_V1.2.1, STM32Cube_FW_U5_V1.8.0, STM32Cube_FW_WB0_V1.4.0, STM32Cube_FW_WBA_V1.8.0, STM32Cube_FW_WB_V1.24.0, STM32Cube_FW_WL3_V1.3.0, STM32Cube_FW_WL_V1.4.0, X-CUBE-ALGOBUILD_V1.4.0, X-CUBE-ALS_V1.0.2, X-CUBE-AZRTOS-F4_V1.1.0, X-CUBE-AZRTOS-F7_V1.1.0, X-CUBE-AZRTOS-G0_V1.1.0, X-CUBE-AZRTOS-G4_V2.0.0, X-CUBE-AZRTOS-H7RS_V1.1.0, X-CUBE-AZRTOS-H7_V3.4.0, X-CUBE-AZRTOS-L4_V2.0.0, X-CUBE-AZRTOS-L5_V2.0.0, X-CUBE-AZRTOS-WB_V2.0.0, X-CUBE-AZRTOS-WL_V2.0.0, X-CUBE-BLE1_V7.1.0, X-CUBE-BLE2_V3.3.0, X-CUBE-BLEMGR_V4.1.0, X-CUBE-EEPRMA1_V5.2.0, X-CUBE-FREERTOS_V1.3.1, X-CUBE-GNSS1_V6.0.0, X-CUBE-MEMS1_V12.0.0, X-CUBE-NFC4_V3.0.0, X-CUBE-NFC7_V2.0.0, X-CUBE-SFXS2LP1_V4.0.0, X-CUBE-ST67W61_V1.1.0, X-CUBE-SUBG2_V5.0.0, X-CUBE-TOF1_V3.4.3]
2026-02-22 12:05:48,336 [INFO] ApiDb:240 - Found 646 in-development CPN: [B-G473E-ZEST1S, B-WB1M-WPAN1, B-WL5M-SUBG1, NUCLEO-C031C6, NUCLEO-C071RB, NUCLEO-H503RB, NUCLEO-H533RE, NUCLEO-H563ZI, NUCLEO-H7S3L8, NUCLEO-U031R8, NUCLEO-U083RC, NUCLEO-U545RE-Q, NUCLEO-U5A5ZJ-Q, NUCLEO-WB05KZ, NUCLEO-WB07CC, NUCLEO-WB09KE, NUCLEO-WBA52CG, NUCLEO-WBA55CG, STEVAL-PROTEUS1, STEVAL-SMARTAG2, STEVAL-STWINBX1, STM320518-EVAL, STM32C0116-DK, STM32C011D6Y3TR, STM32C011D6Y6TR, STM32C011F4P3, STM32C011F4P6, STM32C011F4U3, STM32C011F4U6TR, STM32C011F6P3, STM32C011F6P6, STM32C011F6U3, STM32C011F6U6TR, STM32C011J4M3, STM32C011J4M6, STM32C011J6M3, STM32C011J6M6, STM32C0316-DK, STM32C031C4T3, STM32C031C4T6, STM32C031C4U3, STM32C031C4U6, STM32C031C6T3, STM32C031C6T6, STM32C031C6U3, STM32C031C6U6, STM32C031F4P3, STM32C031F4P6, STM32C031F6P3, STM32C031F6P6, STM32C031G4U3, STM32C031G4U6, STM32C031G6U3, STM32C031G6U6, STM32C031K4T3, STM32C031K4T6, STM32C031K4U3, STM32C031K4U6, STM32C031K6T3, STM32C031K6T6, STM32C031K6U3, STM32C031K6U6, STM32C071C8T6, STM32C071C8T6N, STM32C071C8U6, STM32C071C8U6N, STM32C071CBT6, STM32C071CBT6N, STM32C071CBU6, STM32C071CBU6N, STM32C071F8P6, STM32C071F8P6N, STM32C071FBP6, STM32C071FBP6N, STM32C071FBY6TR, STM32C071G8U6, STM32C071G8U6N, STM32C071GBU6, STM32C071GBU6N, STM32C071K8T6, STM32C071K8T6N, STM32C071K8U6, STM32C071K8U6N, STM32C071KBT6, STM32C071KBT6N, STM32C071KBU6, STM32C071KBU6N, STM32C071R8T6, STM32C071R8T6N, STM32C071RBI6N, STM32C071RBT6, STM32C071RBT6N, STM32G071K8TXN, STM32G071K8UXN, STM32G081GBU6N, STM32G081KBT6N, STM32G081KBUXN, STM32G0B1CCT6N, STM32G0B1KCT6, STM32G0B1NEY6TR, STM32G0B1RCT6N, STM32G0C1CCT6, STM32G0C1CCT6N, STM32G0C1CCU6N, STM32G0C1CET6N, STM32G0C1CEU6N, STM32G0C1KCT6, STM32G0C1NEY6TR, STM32G0C1RCI6N, STM32G0C1RCT6N, STM32G0C1REI6N, STM32G0C1RET6N, STM32G0C1VCI6, STM32G0C1VEI6, STM32G411C6T3, STM32G411C6T6, STM32G411C6U3, STM32G411C6U6, STM32G411C8T3, STM32G411C8T6, STM32G411C8U3, STM32G411C8U6, STM32G411CBT3, STM32G411CBT6, STM32G411CBU3, STM32G411CBU6, STM32G411K6T3, STM32G411K6T6, STM32G411K6U3, STM32G411K6U6, STM32G411K8T3, STM32G411K8T6, STM32G411K8U3, STM32G411K8U6, STM32G411KBT3, STM32G411KBT6, STM32G411KBU3, STM32G411KBU6, STM32G411M6T3, STM32G411M6T6, STM32G411M8T3, STM32G411M8T6, STM32G411MBT3, STM32G411MBT6, STM32G411R6T3, STM32G411R6T6, STM32G411R8T3, STM32G411R8T6, STM32G411RBT3, STM32G411RBT6, STM32G414CBT3, STM32G414CBT6, STM32G414CBU3, STM32G414CBU6, STM32G414CCT3, STM32G414CCT6, STM32G414CCU3, STM32G414CCU6, STM32G414MBT3, STM32G414MBT6, STM32G414MCT3, STM32G414MCT6, STM32G414RBT3, STM32G414RBT6, STM32G414RCT3, STM32G414RCT6, STM32G414VBT3, STM32G414VBT6, STM32G414VCT3, STM32G414VCT6, STM32G431CBT3Z, STM32G431RBT3Z, STM32G471CCT6, STM32G471CCU6, STM32G471CET3, STM32G471CET6, STM32G471CEU3, STM32G471CEU6, STM32G471MCT6, STM32G471MET3, STM32G471MET6, STM32G471MEY6TR, STM32G471QCT6, STM32G471QET3, STM32G471RCT6, STM32G471RET3, STM32G471RET6, STM32G471VCH6, STM32G471VCI6, STM32G471VCT6, STM32G471VEH3, STM32G471VEH6, STM32G471VEI3, STM32G471VEI6, STM32G471VET3, STM32G471VET6, STM32G473QET3Z, STM32G473RET3Z, STM32G474CCT6, STM32G491RET3Z, STM32H503CBT6, STM32H503CBU6, STM32H503EBY6TR, STM32H503KBU6, STM32H503RBT6, STM32H523CCT6, STM32H523CCU6, STM32H523CET6, STM32H523CEU6, STM32H523HEY6TR, STM32H523RCT6, STM32H523RET6, STM32H523VCI6, STM32H523VCT6, STM32H523VEI6, STM32H523VET6, STM32H523ZCJ6, STM32H523ZCT6, STM32H523ZEJ6, STM32H523ZET6, STM32H533CET6, STM32H533CEU6, STM32H533HEY6TR, STM32H533RET6, STM32H533VEI6, STM32H533VET6, STM32H533ZEJ6, STM32H533ZET6, STM32H562AGI6, STM32H562AII6, STM32H562IGK6, STM32H562IGT6, STM32H562IIK6, STM32H562IIT6, STM32H562RGT6, STM32H562RGV6, STM32H562RIT6, STM32H562RIV6, STM32H562VGT6, STM32H562VIT6, STM32H562ZGT6, STM32H562ZIT6, STM32H563AGI6, STM32H563AII3Q, STM32H563AII6, STM32H563IGK6, STM32H563IGT6, STM32H563IIK3Q, STM32H563IIK6, STM32H563IIT3Q, STM32H563IIT6, STM32H563MIY3QTR, STM32H563RGT6, STM32H563RGV6, STM32H563RIT6, STM32H563RIV6, STM32H563VGT6, STM32H563VIT3Q, STM32H563VIT6, STM32H563ZGT6, STM32H563ZIT3Q, STM32H563ZIT6, STM32H573AII3Q, STM32H573AII6, STM32H573I-DK, STM32H573IIK3Q, STM32H573IIK6, STM32H573IIT3Q, STM32H573IIT6, STM32H573MIY3QTR, STM32H573RIT6, STM32H573RIV6, STM32H573VIT3Q, STM32H573VIT6, STM32H573ZIT3Q, STM32H573ZIT6, STM32H7R3A8I6, STM32H7R3I8K6, STM32H7R3I8T6, STM32H7R3L8H6, STM32H7R3L8H6H, STM32H7R3R8V6, STM32H7R3V8H6, STM32H7R3V8T6, STM32H7R3V8Y6TR, STM32H7R3Z8J6, STM32H7R3Z8T6, STM32H7R7A8I6, STM32H7R7I8K6, STM32H7R7I8T6, STM32H7R7L8H6, STM32H7R7L8H6H, STM32H7R7Z8J6, STM32H7S3A8I6, STM32H7S3I8K6, STM32H7S3I8T6, STM32H7S3L8H6, STM32H7S3L8H6H, STM32H7S3R8V6, STM32H7S3V8H6, STM32H7S3V8T6, STM32H7S3V8Y6TR, STM32H7S3Z8J6, STM32H7S3Z8T6, STM32H7S78-DK, STM32H7S7A8I6, STM32H7S7I8K6, STM32H7S7I8T6, STM32H7S7L8H6, STM32H7S7L8H6H, STM32H7S7Z8J6, STM32L4R5QGI6STR, STM32MP131AAE3, STM32MP131AAF3, STM32MP131AAG3, STM32MP131CAE3, STM32MP131CAF3, STM32MP131CAG3, STM32MP131DAE7, STM32MP131DAF7, STM32MP131DAG7, STM32MP131FAE7, STM32MP131FAF7, STM32MP131FAG7, STM32MP133AAE3, STM32MP133AAF3, STM32MP133AAG3, STM32MP133CAE3, STM32MP133CAF3, STM32MP133CAG3, STM32MP133DAE7, STM32MP133DAF7, STM32MP133DAG7, STM32MP133FAE7, STM32MP133FAF7, STM32MP133FAG7, STM32MP135AAE3, STM32MP135AAF3, STM32MP135AAG3, STM32MP135CAE3, STM32MP135CAF3, STM32MP135CAG3, STM32MP135DAE7, STM32MP135DAF7, STM32MP135DAG7, STM32MP135F-DK, STM32MP135FAE7, STM32MP135FAF7, STM32MP135FAF7T, STM32MP135FAF7U, STM32MP135FAG7, STM32MP251AAI3, STM32MP251AAK3, STM32MP251AAL3, STM32MP251CAI3, STM32MP251CAK3, STM32MP251CAL3, STM32MP251DAI3, STM32MP251DAK3, STM32MP251DAL3, STM32MP251FAI3, STM32MP251FAK3, STM32MP251FAL3, STM32MP253AAI3, STM32MP253AAK3, STM32MP253AAL3, STM32MP253CAI3, STM32MP253CAK3, STM32MP253CAL3, STM32MP253DAI3, STM32MP253DAK3, STM32MP253DAL3, STM32MP253FAI3, STM32MP253FAK3, STM32MP253FAL3, STM32MP255AAI3, STM32MP255AAK3, STM32MP255AAL3, STM32MP255CAI3, STM32MP255CAK3, STM32MP255CAL3, STM32MP255DAI3, STM32MP255DAK3, STM32MP255DAL3, STM32MP255FAI3, STM32MP255FAK3, STM32MP255FAL3, STM32MP257AAI3, STM32MP257AAK3, STM32MP257AAL3, STM32MP257CAI3, STM32MP257CAK3, STM32MP257CAL3, STM32MP257DAI3, STM32MP257DAK3, STM32MP257DAL3, STM32MP257F-DK, STM32MP257F-EV1, STM32MP257FAI3, STM32MP257FAK3, STM32MP257FAL3, STM32U031C6T6, STM32U031C6U6, STM32U031C8T6, STM32U031C8U6, STM32U031F4P6, STM32U031F6P6, STM32U031F8P6, STM32U031G6Y6TR, STM32U031G8Y6TR, STM32U031K4U6, STM32U031K6U6, STM32U031K8U6, STM32U031R6I6, STM32U031R6T6, STM32U031R8I6, STM32U031R8T6, STM32U073C8T6, STM32U073C8U6, STM32U073CBT6, STM32U073CBU6, STM32U073CCT6, STM32U073CCU6, STM32U073H8Y6TR, STM32U073HBY6TR, STM32U073HCY6TR, STM32U073K8U6, STM32U073KBU6, STM32U073KCU6, STM32U073M8I6, STM32U073M8T6, STM32U073MBI6, STM32U073MBT6, STM32U073MCI6, STM32U073MCT6, STM32U073R8I6, STM32U073R8T6, STM32U073RBI6, STM32U073RBT6, STM32U073RCI6, STM32U073RCT6, STM32U083C-DK, STM32U083CCT6, STM32U083CCU6, STM32U083HCY6TR, STM32U083KCU6, STM32U083MCI6, STM32U083MCT6, STM32U083RCI6, STM32U083RCT6, STM32U535CBT6, STM32U535CBT6Q, STM32U535CBU6, STM32U535CBU6Q, STM32U535CCT6, STM32U535CCT6Q, STM32U535CCU6, STM32U535CCU6Q, STM32U535CET6, STM32U535CET6Q, STM32U535CEU6, STM32U535CEU6Q, STM32U535JEY6QTR, STM32U535NCY6QTR, STM32U535NEY6QTR, STM32U535RBI6, STM32U535RBI6Q, STM32U535RBT6, STM32U535RBT6Q, STM32U535RCI6, STM32U535RCI6Q, STM32U535RCT6, STM32U535RCT6Q, STM32U535REI6, STM32U535REI6Q, STM32U535RET6, STM32U535RET6Q, STM32U535VCI6, STM32U535VCI6Q, STM32U535VCT6, STM32U535VCT6Q, STM32U535VEI6, STM32U535VEI6Q, STM32U535VET6, STM32U535VET6Q, STM32U545CET6, STM32U545CET6Q, STM32U545CEU6, STM32U545CEU6Q, STM32U545JEY6QTR, STM32U545NEY6QTR, STM32U545REI6, STM32U545REI6Q, STM32U545RET6, STM32U545RET6Q, STM32U545VEI6, STM32U545VEI6Q, STM32U545VET6, STM32U545VET6Q, STM32U595AIH6, STM32U595AIH6Q, STM32U595AJH6, STM32U595AJH6Q, STM32U595QII6, STM32U595QII6Q, STM32U595QJI6, STM32U595QJI6Q, STM32U595RIT6, STM32U595RIT6Q, STM32U595RJT6, STM32U595RJT6Q, STM32U595VIT6, STM32U595VIT6Q, STM32U595VJT6, STM32U595VJT6Q, STM32U595ZIT6, STM32U595ZIT6Q, STM32U595ZIY6QTR, STM32U595ZJT6, STM32U595ZJT6Q, STM32U595ZJY6QTR, STM32U599BJY6QTR, STM32U599NIH6Q, STM32U599NJH6Q, STM32U599VIT6Q, STM32U599VJT6, STM32U599VJT6Q, STM32U599ZIT6Q, STM32U599ZIY6QTR, STM32U599ZJT6Q, STM32U599ZJY6QTR, STM32U5A5AJH6, STM32U5A5AJH6Q, STM32U5A5QII3Q , STM32U5A5QJI6, STM32U5A5QJI6Q, STM32U5A5RJT6, STM32U5A5RJT6Q, STM32U5A5VJT6, STM32U5A5VJT6Q, STM32U5A5ZJT6, STM32U5A5ZJT6Q, STM32U5A5ZJY6QTR, STM32U5A9BJY6QTR, STM32U5A9J-DK, STM32U5A9NJH6Q, STM32U5A9VJT6Q, STM32U5A9ZJT6Q, STM32U5A9ZJY6QTR, STM32U5F7VIT6, STM32U5F7VIT6Q, STM32U5F7VJT6, STM32U5F7VJT6Q, STM32U5F9BJY6QTR, STM32U5F9NJH6Q, STM32U5F9VIT6Q, STM32U5F9VJT6Q, STM32U5F9ZIJ6QTR, STM32U5F9ZIT6Q, STM32U5F9ZJJ6QTR, STM32U5F9ZJT6Q, STM32U5G7VJT6, STM32U5G7VJT6Q, STM32U5G9BJY6QTR, STM32U5G9J-DK1, STM32U5G9J-DK2, STM32U5G9NJH6Q, STM32U5G9VJT6Q, STM32U5G9ZJJ6QTR, STM32U5G9ZJT6Q, STM32WB05KZV6TR, STM32WB05KZV7TR, STM32WB05TZF6TR, STM32WB05TZF7TR, STM32WB06CCF6TR, STM32WB06CCF7TR, STM32WB06CCV6TR, STM32WB06CCV7TR, STM32WB06KCV6TR, STM32WB06KCV7TR, STM32WB07CCF6TR, STM32WB07CCF7TR, STM32WB07CCV6TR, STM32WB07CCV7TR, STM32WB07KCV6TR, STM32WB07KCV7TR, STM32WB09KEV6TR, STM32WB09KEV7TR, STM32WB09TEF6TR, STM32WB09TEF7TR, STM32WB1MMCH6, STM32WBA50KGU6, STM32WBA50KGU6TR, STM32WBA52CEU6, STM32WBA52CEU6TR, STM32WBA52CEU7, STM32WBA52CEU7TR, STM32WBA52CGU6, STM32WBA52CGU6TR, STM32WBA52CGU6U, STM32WBA52CGU7, STM32WBA52CGU7TR, STM32WBA52KEU6, STM32WBA52KEU6TR, STM32WBA52KGU6, STM32WBA52KGU6TR, STM32WBA54CEU6, STM32WBA54CEU6TR, STM32WBA54CEU7, STM32WBA54CEU7TR, STM32WBA54CGU6, STM32WBA54CGU6TR, STM32WBA54CGU7, STM32WBA54CGU7TR, STM32WBA54KEU6, STM32WBA54KEU6TR, STM32WBA54KEU7, STM32WBA54KEU7TR, STM32WBA54KGU6, STM32WBA54KGU6TR, STM32WBA54KGU7, STM32WBA54KGU7TR, STM32WBA55CEU6, STM32WBA55CEU6TR, STM32WBA55CEU7, STM32WBA55CEU7TR, STM32WBA55CGU6, STM32WBA55CGU6TR, STM32WBA55CGU6U, STM32WBA55CGU7, STM32WBA55CGU7TR, STM32WBA55G-DK1, STM32WBA55HEF6, STM32WBA55HEF7, STM32WBA55HGF6, STM32WBA55HGF7, STM32WBA55UEI6, STM32WBA55UEI6TR, STM32WBA55UEI7, STM32WBA55UEI7TR, STM32WBA55UGI6, STM32WBA55UGI6TR, STM32WBA55UGI7, STM32WBA55UGI7TR, STM32WL5MOCH6, STM32WL5MOCH6TR]
2026-02-22 12:05:48,358 [INFO] DbMcus:218 - Found 4816 MCUs, 4816 are supported
2026-02-22 12:05:48,364 [INFO] ApiDb:423 - Load user favorites file C:\Users\ASUS/.stm32cubeide/favorites.mcus.txt: 0 item(s)
2026-02-22 12:05:48,364 [INFO] ApiDb:427 - User favorites MCUs=[]
2026-02-22 12:05:48,365 [INFO] DbMcus:224 - Set 0 / 0 favorites MCUs
2026-02-22 12:05:49,351 [INFO] BoardInfo:889 - No configuration file found for board B-WBA5M-WPAN
2026-02-22 12:05:49,354 [INFO] DbBoards:161 - Board is not supported: B-WBA5M-WPAN
2026-02-22 12:05:49,368 [INFO] BoardInfo:889 - No configuration file found for board NUCLEO-C051C8
2026-02-22 12:05:49,368 [INFO] DbBoards:161 - Board is not supported: NUCLEO-C051C8
2026-02-22 12:05:49,378 [INFO] BoardInfo:889 - No configuration file found for board NUCLEO-C092RC
2026-02-22 12:05:49,378 [INFO] DbBoards:161 - Board is not supported: NUCLEO-C092RC
2026-02-22 12:05:49,828 [INFO] BoardInfo:889 - No configuration file found for board NUCLEO-N657X0-Q
2026-02-22 12:05:49,829 [INFO] DbBoards:161 - Board is not supported: NUCLEO-N657X0-Q
2026-02-22 12:05:49,832 [INFO] BoardInfo:889 - No configuration file found for board NUCLEO-U385RG-Q
2026-02-22 12:05:49,832 [INFO] DbBoards:161 - Board is not supported: NUCLEO-U385RG-Q
2026-02-22 12:05:49,922 [INFO] BoardInfo:889 - No configuration file found for board NUCLEO-WBA65RI
2026-02-22 12:05:49,922 [INFO] DbBoards:161 - Board is not supported: NUCLEO-WBA65RI
2026-02-22 12:05:49,924 [INFO] BoardInfo:889 - No configuration file found for board NUCLEO-WL33CC1
2026-02-22 12:05:49,924 [INFO] DbBoards:161 - Board is not supported: NUCLEO-WL33CC1
2026-02-22 12:05:49,926 [INFO] BoardInfo:889 - No configuration file found for board NUCLEO-WL33CC2
2026-02-22 12:05:49,926 [INFO] DbBoards:161 - Board is not supported: NUCLEO-WL33CC2
2026-02-22 12:05:49,932 [INFO] BoardInfo:889 - No configuration file found for board P-NUCLEO-WB55
2026-02-22 12:05:49,933 [INFO] DbBoards:161 - Kit is not supported: P-NUCLEO-WB55
2026-02-22 12:05:49,938 [INFO] BoardInfo:889 - No configuration file found for board STEVAL-BFA001V1B
2026-02-22 12:05:49,939 [INFO] DbBoards:161 - Kit is not supported: STEVAL-BFA001V1B
2026-02-22 12:05:49,940 [INFO] BoardInfo:889 - No configuration file found for board STEVAL-BFA001V2B
2026-02-22 12:05:49,940 [INFO] DbBoards:161 - Kit is not supported: STEVAL-BFA001V2B
2026-02-22 12:05:50,057 [INFO] BoardInfo:889 - No configuration file found for board STM32N6570-DK
2026-02-22 12:05:50,058 [INFO] DbBoards:161 - Board is not supported: STM32N6570-DK
2026-02-22 12:05:50,070 [INFO] BoardInfo:889 - No configuration file found for board STM32WBA65I-DK1
2026-02-22 12:05:50,070 [INFO] DbBoards:161 - Board is not supported: STM32WBA65I-DK1
2026-02-22 12:05:50,071 [INFO] DbBoards:168 - Found 211 boards, 198 are supported
2026-02-22 12:05:50,071 [INFO] DbBoards:169 - Found 211 boards, 25 of them is supported for  Bsp
2026-02-22 12:05:50,077 [INFO] ApiDb:423 - Load user favorites file C:\Users\ASUS/.stm32cubeide/favorites.boards.txt: 0 item(s)
2026-02-22 12:05:50,077 [INFO] ApiDb:427 - User favorites Boards=[]
2026-02-22 12:05:50,077 [INFO] DbBoards:198 - Set 0 / 0 favorites Boards
2026-02-22 12:05:50,078 [INFO] McuFinderGlobals:76 - Set McuFinderConnectedMode to true
2026-02-22 12:05:50,131 [INFO] MultiScanPanel:200 - Auto-refresh data requested => check proxy status ongoing
2026-02-22 12:05:50,143 [INFO] FinderPluginLoader:95 - Searching for filters in installed packs
2026-02-22 12:05:52,670 [INFO] LoadUrlFilesThread:185 - End of LoadServerUrlFiles without Thread
2026-02-22 12:05:52,820 [INFO] DetailPanel:341 - Set advertising image to C:/Users/ASUS/STM32Cube/Repository/\en.prom-stm32cubeaistudio-0226.png
2026-02-22 12:07:21,675 [INFO] McuFinderGlobals:76 - Set McuFinderConnectedMode to true
2026-02-22 12:07:21,713 [INFO] ApiDb:448 - Save user favorites file C:\Users\ASUS/.stm32cubeide/favorites.mcus.txt: 0 item(s)
2026-02-22 12:07:21,714 [INFO] ApiDb:452 - User favorites MCUs=[]
2026-02-22 14:00:29,863 [INFO] WebApp:189 - Connection lost
2026-02-22 14:06:24,387 [INFO] WebApp:186 - Connection restablished
2026-02-22 15:29:48,227 [INFO] WebApp:189 - Connection lost
2026-02-22 15:30:42,337 [INFO] WebApp:186 - Connection restablished
2026-02-22 15:43:48,889 [INFO] WebApp:189 - Connection lost
2026-02-22 15:45:52,665 [INFO] WebApp:186 - Connection restablished
2026-02-22 20:42:46,389 [INFO] WebApp:189 - Connection lost
2026-02-22 20:43:23,114 [ERROR] ConfigurationRetriever:142 - IOException on connection: sw-center.st.com
2026-02-22 20:43:23,141 [ERROR] ConfigurationRetriever:142 - IOException on connection: sw-center.st.com
2026-02-22 20:43:23,142 [ERROR] ConfigurationRetriever:142 - IOException on connection: sw-center.st.com
2026-02-22 20:43:33,799 [ERROR] LogOutputStream:75 - [STDERR_REDIRECT] 
2026-02-22 20:43:33,799 [ERROR] LogOutputStream:75 - [STDERR_REDIRECT] 
